[TEST] 2020-07-14 20:39:22 [ERROR] [main] http.HttpRequest <init> : Request Create Fail
java.lang.NullPointerException: null
	at http.HttpRequest.init(HttpRequest.java:42)
	at http.HttpRequest.<init>(HttpRequest.java:33)
	at was.TestWAS.parserHeaderEachOther(TestWAS.java:15)
	at java.base/jdk.internal.reflect.NativeMethodAccessorImpl.invoke0(Native Method)
	at java.base/jdk.internal.reflect.NativeMethodAccessorImpl.invoke(NativeMethodAccessorImpl.java:62)
	at java.base/jdk.internal.reflect.DelegatingMethodAccessorImpl.invoke(DelegatingMethodAccessorImpl.java:43)
	at java.base/java.lang.reflect.Method.invoke(Method.java:564)
	at org.junit.runners.model.FrameworkMethod$1.runReflectiveCall(FrameworkMethod.java:50)
	at org.junit.internal.runners.model.ReflectiveCallable.run(ReflectiveCallable.java:12)
	at org.junit.runners.model.FrameworkMethod.invokeExplosively(FrameworkMethod.java:47)
	at org.junit.internal.runners.statements.InvokeMethod.evaluate(InvokeMethod.java:17)
	at org.junit.runners.ParentRunner.runLeaf(ParentRunner.java:325)
	at org.junit.runners.BlockJUnit4ClassRunner.runChild(BlockJUnit4ClassRunner.java:78)
	at org.junit.runners.BlockJUnit4ClassRunner.runChild(BlockJUnit4ClassRunner.java:57)
	at org.junit.runners.ParentRunner$3.run(ParentRunner.java:290)
	at org.junit.runners.ParentRunner$1.schedule(ParentRunner.java:71)
	at org.junit.runners.ParentRunner.runChildren(ParentRunner.java:288)
	at org.junit.runners.ParentRunner.access$000(ParentRunner.java:58)
	at org.junit.runners.ParentRunner$2.evaluate(ParentRunner.java:268)
	at org.junit.runners.ParentRunner.run(ParentRunner.java:363)
	at org.eclipse.jdt.internal.junit4.runner.JUnit4TestReference.run(JUnit4TestReference.java:89)
	at org.eclipse.jdt.internal.junit.runner.TestExecution.run(TestExecution.java:41)
	at org.eclipse.jdt.internal.junit.runner.RemoteTestRunner.runTests(RemoteTestRunner.java:541)
	at org.eclipse.jdt.internal.junit.runner.RemoteTestRunner.runTests(RemoteTestRunner.java:763)
	at org.eclipse.jdt.internal.junit.runner.RemoteTestRunner.run(RemoteTestRunner.java:463)
	at org.eclipse.jdt.internal.junit.runner.RemoteTestRunner.main(RemoteTestRunner.java:209)
[TEST] 2020-07-14 20:39:22 [ERROR] [main] http.HttpResponse <init> : Response Create Fail
java.lang.NullPointerException: null
	at http.HttpResponse.<init>(HttpResponse.java:31)
	at was.TestWAS.parserHeaderEachOther(TestWAS.java:18)
	at java.base/jdk.internal.reflect.NativeMethodAccessorImpl.invoke0(Native Method)
	at java.base/jdk.internal.reflect.NativeMethodAccessorImpl.invoke(NativeMethodAccessorImpl.java:62)
	at java.base/jdk.internal.reflect.DelegatingMethodAccessorImpl.invoke(DelegatingMethodAccessorImpl.java:43)
	at java.base/java.lang.reflect.Method.invoke(Method.java:564)
	at org.junit.runners.model.FrameworkMethod$1.runReflectiveCall(FrameworkMethod.java:50)
	at org.junit.internal.runners.model.ReflectiveCallable.run(ReflectiveCallable.java:12)
	at org.junit.runners.model.FrameworkMethod.invokeExplosively(FrameworkMethod.java:47)
	at org.junit.internal.runners.statements.InvokeMethod.evaluate(InvokeMethod.java:17)
	at org.junit.runners.ParentRunner.runLeaf(ParentRunner.java:325)
	at org.junit.runners.BlockJUnit4ClassRunner.runChild(BlockJUnit4ClassRunner.java:78)
	at org.junit.runners.BlockJUnit4ClassRunner.runChild(BlockJUnit4ClassRunner.java:57)
	at org.junit.runners.ParentRunner$3.run(ParentRunner.java:290)
	at org.junit.runners.ParentRunner$1.schedule(ParentRunner.java:71)
	at org.junit.runners.ParentRunner.runChildren(ParentRunner.java:288)
	at org.junit.runners.ParentRunner.access$000(ParentRunner.java:58)
	at org.junit.runners.ParentRunner$2.evaluate(ParentRunner.java:268)
	at org.junit.runners.ParentRunner.run(ParentRunner.java:363)
	at org.eclipse.jdt.internal.junit4.runner.JUnit4TestReference.run(JUnit4TestReference.java:89)
	at org.eclipse.jdt.internal.junit.runner.TestExecution.run(TestExecution.java:41)
	at org.eclipse.jdt.internal.junit.runner.RemoteTestRunner.runTests(RemoteTestRunner.java:541)
	at org.eclipse.jdt.internal.junit.runner.RemoteTestRunner.runTests(RemoteTestRunner.java:763)
	at org.eclipse.jdt.internal.junit.runner.RemoteTestRunner.run(RemoteTestRunner.java:463)
	at org.eclipse.jdt.internal.junit.runner.RemoteTestRunner.main(RemoteTestRunner.java:209)
[TEST] 2020-07-14 20:39:22 [INFO ] [main] config.ServerConfig <init> : ServerConfig [port=80, rootDirNm=view, httpRoot={localhost=HostConfig [host=localhost, subDirNm=TypeA, errorViewMapped={403=A_403.html, 404=A_404.html, 500=A_500.html}], 127.0.0.1=HostConfig [host=127.0.0.1, subDirNm=TypeB, errorViewMapped={403=B_403.html, 404=B_404.html, 500=B_500.html}]}]
[TEST] 2020-07-14 20:39:22 [INFO ] [main] config.ServerConfig <init> : Complete
[TEST] 2020-07-14 20:48:57 [ERROR] [main] http.HttpRequest <init> : Request Create Fail
java.lang.NullPointerException: null
	at http.HttpRequest.init(HttpRequest.java:42)
	at http.HttpRequest.<init>(HttpRequest.java:33)
	at http.TestHttpRequest.<init>(TestHttpRequest.java:7)
	at was.TestWAS.parserHeaderEachOther(TestWAS.java:17)
	at java.base/jdk.internal.reflect.NativeMethodAccessorImpl.invoke0(Native Method)
	at java.base/jdk.internal.reflect.NativeMethodAccessorImpl.invoke(NativeMethodAccessorImpl.java:62)
	at java.base/jdk.internal.reflect.DelegatingMethodAccessorImpl.invoke(DelegatingMethodAccessorImpl.java:43)
	at java.base/java.lang.reflect.Method.invoke(Method.java:564)
	at org.junit.runners.model.FrameworkMethod$1.runReflectiveCall(FrameworkMethod.java:50)
	at org.junit.internal.runners.model.ReflectiveCallable.run(ReflectiveCallable.java:12)
	at org.junit.runners.model.FrameworkMethod.invokeExplosively(FrameworkMethod.java:47)
	at org.junit.internal.runners.statements.InvokeMethod.evaluate(InvokeMethod.java:17)
	at org.junit.runners.ParentRunner.runLeaf(ParentRunner.java:325)
	at org.junit.runners.BlockJUnit4ClassRunner.runChild(BlockJUnit4ClassRunner.java:78)
	at org.junit.runners.BlockJUnit4ClassRunner.runChild(BlockJUnit4ClassRunner.java:57)
	at org.junit.runners.ParentRunner$3.run(ParentRunner.java:290)
	at org.junit.runners.ParentRunner$1.schedule(ParentRunner.java:71)
	at org.junit.runners.ParentRunner.runChildren(ParentRunner.java:288)
	at org.junit.runners.ParentRunner.access$000(ParentRunner.java:58)
	at org.junit.runners.ParentRunner$2.evaluate(ParentRunner.java:268)
	at org.junit.runners.ParentRunner.run(ParentRunner.java:363)
	at org.eclipse.jdt.internal.junit4.runner.JUnit4TestReference.run(JUnit4TestReference.java:89)
	at org.eclipse.jdt.internal.junit.runner.TestExecution.run(TestExecution.java:41)
	at org.eclipse.jdt.internal.junit.runner.RemoteTestRunner.runTests(RemoteTestRunner.java:541)
	at org.eclipse.jdt.internal.junit.runner.RemoteTestRunner.runTests(RemoteTestRunner.java:763)
	at org.eclipse.jdt.internal.junit.runner.RemoteTestRunner.run(RemoteTestRunner.java:463)
	at org.eclipse.jdt.internal.junit.runner.RemoteTestRunner.main(RemoteTestRunner.java:209)
[TEST] 2020-07-14 20:48:57 [ERROR] [main] http.HttpResponse <init> : Response Create Fail
java.lang.NullPointerException: null
	at http.HttpResponse.<init>(HttpResponse.java:31)
	at http.TestHttpResponse.<init>(TestHttpResponse.java:12)
	at was.TestWAS.parserHeaderEachOther(TestWAS.java:21)
	at java.base/jdk.internal.reflect.NativeMethodAccessorImpl.invoke0(Native Method)
	at java.base/jdk.internal.reflect.NativeMethodAccessorImpl.invoke(NativeMethodAccessorImpl.java:62)
	at java.base/jdk.internal.reflect.DelegatingMethodAccessorImpl.invoke(DelegatingMethodAccessorImpl.java:43)
	at java.base/java.lang.reflect.Method.invoke(Method.java:564)
	at org.junit.runners.model.FrameworkMethod$1.runReflectiveCall(FrameworkMethod.java:50)
	at org.junit.internal.runners.model.ReflectiveCallable.run(ReflectiveCallable.java:12)
	at org.junit.runners.model.FrameworkMethod.invokeExplosively(FrameworkMethod.java:47)
	at org.junit.internal.runners.statements.InvokeMethod.evaluate(InvokeMethod.java:17)
	at org.junit.runners.ParentRunner.runLeaf(ParentRunner.java:325)
	at org.junit.runners.BlockJUnit4ClassRunner.runChild(BlockJUnit4ClassRunner.java:78)
	at org.junit.runners.BlockJUnit4ClassRunner.runChild(BlockJUnit4ClassRunner.java:57)
	at org.junit.runners.ParentRunner$3.run(ParentRunner.java:290)
	at org.junit.runners.ParentRunner$1.schedule(ParentRunner.java:71)
	at org.junit.runners.ParentRunner.runChildren(ParentRunner.java:288)
	at org.junit.runners.ParentRunner.access$000(ParentRunner.java:58)
	at org.junit.runners.ParentRunner$2.evaluate(ParentRunner.java:268)
	at org.junit.runners.ParentRunner.run(ParentRunner.java:363)
	at org.eclipse.jdt.internal.junit4.runner.JUnit4TestReference.run(JUnit4TestReference.java:89)
	at org.eclipse.jdt.internal.junit.runner.TestExecution.run(TestExecution.java:41)
	at org.eclipse.jdt.internal.junit.runner.RemoteTestRunner.runTests(RemoteTestRunner.java:541)
	at org.eclipse.jdt.internal.junit.runner.RemoteTestRunner.runTests(RemoteTestRunner.java:763)
	at org.eclipse.jdt.internal.junit.runner.RemoteTestRunner.run(RemoteTestRunner.java:463)
	at org.eclipse.jdt.internal.junit.runner.RemoteTestRunner.main(RemoteTestRunner.java:209)
[TEST] 2020-07-14 20:48:57 [INFO ] [main] config.ServerConfig <init> : ServerConfig [port=80, rootDirNm=view, httpRoot={localhost=HostConfig [host=localhost, subDirNm=TypeA, errorViewMapped={403=A_403.html, 404=A_404.html, 500=A_500.html}], 127.0.0.1=HostConfig [host=127.0.0.1, subDirNm=TypeB, errorViewMapped={403=B_403.html, 404=B_404.html, 500=B_500.html}]}]
[TEST] 2020-07-14 20:48:57 [INFO ] [main] config.ServerConfig <init> : Complete
[TEST] 2020-07-14 20:49:47 [ERROR] [main] http.HttpRequest <init> : Request Create Fail
java.lang.NullPointerException: null
	at http.HttpRequest.init(HttpRequest.java:42)
	at http.HttpRequest.<init>(HttpRequest.java:33)
	at http.TestHttpRequest.<init>(TestHttpRequest.java:7)
	at was.TestWAS.parserHeaderEachOther(TestWAS.java:17)
	at java.base/jdk.internal.reflect.NativeMethodAccessorImpl.invoke0(Native Method)
	at java.base/jdk.internal.reflect.NativeMethodAccessorImpl.invoke(NativeMethodAccessorImpl.java:62)
	at java.base/jdk.internal.reflect.DelegatingMethodAccessorImpl.invoke(DelegatingMethodAccessorImpl.java:43)
	at java.base/java.lang.reflect.Method.invoke(Method.java:564)
	at org.junit.runners.model.FrameworkMethod$1.runReflectiveCall(FrameworkMethod.java:50)
	at org.junit.internal.runners.model.ReflectiveCallable.run(ReflectiveCallable.java:12)
	at org.junit.runners.model.FrameworkMethod.invokeExplosively(FrameworkMethod.java:47)
	at org.junit.internal.runners.statements.InvokeMethod.evaluate(InvokeMethod.java:17)
	at org.junit.runners.ParentRunner.runLeaf(ParentRunner.java:325)
	at org.junit.runners.BlockJUnit4ClassRunner.runChild(BlockJUnit4ClassRunner.java:78)
	at org.junit.runners.BlockJUnit4ClassRunner.runChild(BlockJUnit4ClassRunner.java:57)
	at org.junit.runners.ParentRunner$3.run(ParentRunner.java:290)
	at org.junit.runners.ParentRunner$1.schedule(ParentRunner.java:71)
	at org.junit.runners.ParentRunner.runChildren(ParentRunner.java:288)
	at org.junit.runners.ParentRunner.access$000(ParentRunner.java:58)
	at org.junit.runners.ParentRunner$2.evaluate(ParentRunner.java:268)
	at org.junit.runners.ParentRunner.run(ParentRunner.java:363)
	at org.eclipse.jdt.internal.junit4.runner.JUnit4TestReference.run(JUnit4TestReference.java:89)
	at org.eclipse.jdt.internal.junit.runner.TestExecution.run(TestExecution.java:41)
	at org.eclipse.jdt.internal.junit.runner.RemoteTestRunner.runTests(RemoteTestRunner.java:541)
	at org.eclipse.jdt.internal.junit.runner.RemoteTestRunner.runTests(RemoteTestRunner.java:763)
	at org.eclipse.jdt.internal.junit.runner.RemoteTestRunner.run(RemoteTestRunner.java:463)
	at org.eclipse.jdt.internal.junit.runner.RemoteTestRunner.main(RemoteTestRunner.java:209)
[TEST] 2020-07-14 20:49:47 [ERROR] [main] http.HttpResponse <init> : Response Create Fail
java.lang.NullPointerException: null
	at http.HttpResponse.<init>(HttpResponse.java:31)
	at http.TestHttpResponse.<init>(TestHttpResponse.java:12)
	at was.TestWAS.parserHeaderEachOther(TestWAS.java:21)
	at java.base/jdk.internal.reflect.NativeMethodAccessorImpl.invoke0(Native Method)
	at java.base/jdk.internal.reflect.NativeMethodAccessorImpl.invoke(NativeMethodAccessorImpl.java:62)
	at java.base/jdk.internal.reflect.DelegatingMethodAccessorImpl.invoke(DelegatingMethodAccessorImpl.java:43)
	at java.base/java.lang.reflect.Method.invoke(Method.java:564)
	at org.junit.runners.model.FrameworkMethod$1.runReflectiveCall(FrameworkMethod.java:50)
	at org.junit.internal.runners.model.ReflectiveCallable.run(ReflectiveCallable.java:12)
	at org.junit.runners.model.FrameworkMethod.invokeExplosively(FrameworkMethod.java:47)
	at org.junit.internal.runners.statements.InvokeMethod.evaluate(InvokeMethod.java:17)
	at org.junit.runners.ParentRunner.runLeaf(ParentRunner.java:325)
	at org.junit.runners.BlockJUnit4ClassRunner.runChild(BlockJUnit4ClassRunner.java:78)
	at org.junit.runners.BlockJUnit4ClassRunner.runChild(BlockJUnit4ClassRunner.java:57)
	at org.junit.runners.ParentRunner$3.run(ParentRunner.java:290)
	at org.junit.runners.ParentRunner$1.schedule(ParentRunner.java:71)
	at org.junit.runners.ParentRunner.runChildren(ParentRunner.java:288)
	at org.junit.runners.ParentRunner.access$000(ParentRunner.java:58)
	at org.junit.runners.ParentRunner$2.evaluate(ParentRunner.java:268)
	at org.junit.runners.ParentRunner.run(ParentRunner.java:363)
	at org.eclipse.jdt.internal.junit4.runner.JUnit4TestReference.run(JUnit4TestReference.java:89)
	at org.eclipse.jdt.internal.junit.runner.TestExecution.run(TestExecution.java:41)
	at org.eclipse.jdt.internal.junit.runner.RemoteTestRunner.runTests(RemoteTestRunner.java:541)
	at org.eclipse.jdt.internal.junit.runner.RemoteTestRunner.runTests(RemoteTestRunner.java:763)
	at org.eclipse.jdt.internal.junit.runner.RemoteTestRunner.run(RemoteTestRunner.java:463)
	at org.eclipse.jdt.internal.junit.runner.RemoteTestRunner.main(RemoteTestRunner.java:209)
[TEST] 2020-07-14 20:49:47 [INFO ] [main] config.ServerConfig <init> : ServerConfig [port=80, rootDirNm=view, httpRoot={localhost=HostConfig [host=localhost, subDirNm=TypeA, errorViewMapped={403=A_403.html, 404=A_404.html, 500=A_500.html}], 127.0.0.1=HostConfig [host=127.0.0.1, subDirNm=TypeB, errorViewMapped={403=B_403.html, 404=B_404.html, 500=B_500.html}]}]
[TEST] 2020-07-14 20:49:47 [INFO ] [main] config.ServerConfig <init> : Complete
[TEST] 2020-07-14 20:56:31 [ERROR] [main] http.HttpRequest <init> : Request Create Fail
java.lang.NullPointerException: null
	at http.HttpRequest.init(HttpRequest.java:42)
	at http.HttpRequest.<init>(HttpRequest.java:33)
	at http.TestHttpRequest.<init>(TestHttpRequest.java:7)
	at was.TestWAS.parserHeaderEachOther(TestWAS.java:16)
	at java.base/jdk.internal.reflect.NativeMethodAccessorImpl.invoke0(Native Method)
	at java.base/jdk.internal.reflect.NativeMethodAccessorImpl.invoke(NativeMethodAccessorImpl.java:62)
	at java.base/jdk.internal.reflect.DelegatingMethodAccessorImpl.invoke(DelegatingMethodAccessorImpl.java:43)
	at java.base/java.lang.reflect.Method.invoke(Method.java:564)
	at org.junit.runners.model.FrameworkMethod$1.runReflectiveCall(FrameworkMethod.java:50)
	at org.junit.internal.runners.model.ReflectiveCallable.run(ReflectiveCallable.java:12)
	at org.junit.runners.model.FrameworkMethod.invokeExplosively(FrameworkMethod.java:47)
	at org.junit.internal.runners.statements.InvokeMethod.evaluate(InvokeMethod.java:17)
	at org.junit.runners.ParentRunner.runLeaf(ParentRunner.java:325)
	at org.junit.runners.BlockJUnit4ClassRunner.runChild(BlockJUnit4ClassRunner.java:78)
	at org.junit.runners.BlockJUnit4ClassRunner.runChild(BlockJUnit4ClassRunner.java:57)
	at org.junit.runners.ParentRunner$3.run(ParentRunner.java:290)
	at org.junit.runners.ParentRunner$1.schedule(ParentRunner.java:71)
	at org.junit.runners.ParentRunner.runChildren(ParentRunner.java:288)
	at org.junit.runners.ParentRunner.access$000(ParentRunner.java:58)
	at org.junit.runners.ParentRunner$2.evaluate(ParentRunner.java:268)
	at org.junit.runners.ParentRunner.run(ParentRunner.java:363)
	at org.eclipse.jdt.internal.junit4.runner.JUnit4TestReference.run(JUnit4TestReference.java:89)
	at org.eclipse.jdt.internal.junit.runner.TestExecution.run(TestExecution.java:41)
	at org.eclipse.jdt.internal.junit.runner.RemoteTestRunner.runTests(RemoteTestRunner.java:541)
	at org.eclipse.jdt.internal.junit.runner.RemoteTestRunner.runTests(RemoteTestRunner.java:763)
	at org.eclipse.jdt.internal.junit.runner.RemoteTestRunner.run(RemoteTestRunner.java:463)
	at org.eclipse.jdt.internal.junit.runner.RemoteTestRunner.main(RemoteTestRunner.java:209)
[TEST] 2020-07-14 20:56:31 [ERROR] [main] http.HttpResponse <init> : Response Create Fail
java.lang.NullPointerException: null
	at http.HttpResponse.<init>(HttpResponse.java:31)
	at http.TestHttpResponse.<init>(TestHttpResponse.java:12)
	at was.TestWAS.parserHeaderEachOther(TestWAS.java:18)
	at java.base/jdk.internal.reflect.NativeMethodAccessorImpl.invoke0(Native Method)
	at java.base/jdk.internal.reflect.NativeMethodAccessorImpl.invoke(NativeMethodAccessorImpl.java:62)
	at java.base/jdk.internal.reflect.DelegatingMethodAccessorImpl.invoke(DelegatingMethodAccessorImpl.java:43)
	at java.base/java.lang.reflect.Method.invoke(Method.java:564)
	at org.junit.runners.model.FrameworkMethod$1.runReflectiveCall(FrameworkMethod.java:50)
	at org.junit.internal.runners.model.ReflectiveCallable.run(ReflectiveCallable.java:12)
	at org.junit.runners.model.FrameworkMethod.invokeExplosively(FrameworkMethod.java:47)
	at org.junit.internal.runners.statements.InvokeMethod.evaluate(InvokeMethod.java:17)
	at org.junit.runners.ParentRunner.runLeaf(ParentRunner.java:325)
	at org.junit.runners.BlockJUnit4ClassRunner.runChild(BlockJUnit4ClassRunner.java:78)
	at org.junit.runners.BlockJUnit4ClassRunner.runChild(BlockJUnit4ClassRunner.java:57)
	at org.junit.runners.ParentRunner$3.run(ParentRunner.java:290)
	at org.junit.runners.ParentRunner$1.schedule(ParentRunner.java:71)
	at org.junit.runners.ParentRunner.runChildren(ParentRunner.java:288)
	at org.junit.runners.ParentRunner.access$000(ParentRunner.java:58)
	at org.junit.runners.ParentRunner$2.evaluate(ParentRunner.java:268)
	at org.junit.runners.ParentRunner.run(ParentRunner.java:363)
	at org.eclipse.jdt.internal.junit4.runner.JUnit4TestReference.run(JUnit4TestReference.java:89)
	at org.eclipse.jdt.internal.junit.runner.TestExecution.run(TestExecution.java:41)
	at org.eclipse.jdt.internal.junit.runner.RemoteTestRunner.runTests(RemoteTestRunner.java:541)
	at org.eclipse.jdt.internal.junit.runner.RemoteTestRunner.runTests(RemoteTestRunner.java:763)
	at org.eclipse.jdt.internal.junit.runner.RemoteTestRunner.run(RemoteTestRunner.java:463)
	at org.eclipse.jdt.internal.junit.runner.RemoteTestRunner.main(RemoteTestRunner.java:209)
[TEST] 2020-07-14 20:56:31 [INFO ] [main] config.ServerConfig <init> : ServerConfig [port=80, rootDirNm=view, httpRoot={localhost=HostConfig [host=localhost, subDirNm=TypeA, errorViewMapped={403=A_403.html, 404=A_404.html, 500=A_500.html}], 127.0.0.1=HostConfig [host=127.0.0.1, subDirNm=TypeB, errorViewMapped={403=B_403.html, 404=B_404.html, 500=B_500.html}]}]
[TEST] 2020-07-14 20:56:31 [INFO ] [main] config.ServerConfig <init> : Complete
[TEST] 2020-07-14 20:56:31 [ERROR] [main] http.HttpRequest <init> : Request Create Fail
java.lang.NullPointerException: null
	at http.HttpRequest.init(HttpRequest.java:42)
	at http.HttpRequest.<init>(HttpRequest.java:33)
	at http.TestHttpRequest.<init>(TestHttpRequest.java:7)
	at was.TestWAS.parserHeaderEachOther(TestWAS.java:22)
	at java.base/jdk.internal.reflect.NativeMethodAccessorImpl.invoke0(Native Method)
	at java.base/jdk.internal.reflect.NativeMethodAccessorImpl.invoke(NativeMethodAccessorImpl.java:62)
	at java.base/jdk.internal.reflect.DelegatingMethodAccessorImpl.invoke(DelegatingMethodAccessorImpl.java:43)
	at java.base/java.lang.reflect.Method.invoke(Method.java:564)
	at org.junit.runners.model.FrameworkMethod$1.runReflectiveCall(FrameworkMethod.java:50)
	at org.junit.internal.runners.model.ReflectiveCallable.run(ReflectiveCallable.java:12)
	at org.junit.runners.model.FrameworkMethod.invokeExplosively(FrameworkMethod.java:47)
	at org.junit.internal.runners.statements.InvokeMethod.evaluate(InvokeMethod.java:17)
	at org.junit.runners.ParentRunner.runLeaf(ParentRunner.java:325)
	at org.junit.runners.BlockJUnit4ClassRunner.runChild(BlockJUnit4ClassRunner.java:78)
	at org.junit.runners.BlockJUnit4ClassRunner.runChild(BlockJUnit4ClassRunner.java:57)
	at org.junit.runners.ParentRunner$3.run(ParentRunner.java:290)
	at org.junit.runners.ParentRunner$1.schedule(ParentRunner.java:71)
	at org.junit.runners.ParentRunner.runChildren(ParentRunner.java:288)
	at org.junit.runners.ParentRunner.access$000(ParentRunner.java:58)
	at org.junit.runners.ParentRunner$2.evaluate(ParentRunner.java:268)
	at org.junit.runners.ParentRunner.run(ParentRunner.java:363)
	at org.eclipse.jdt.internal.junit4.runner.JUnit4TestReference.run(JUnit4TestReference.java:89)
	at org.eclipse.jdt.internal.junit.runner.TestExecution.run(TestExecution.java:41)
	at org.eclipse.jdt.internal.junit.runner.RemoteTestRunner.runTests(RemoteTestRunner.java:541)
	at org.eclipse.jdt.internal.junit.runner.RemoteTestRunner.runTests(RemoteTestRunner.java:763)
	at org.eclipse.jdt.internal.junit.runner.RemoteTestRunner.run(RemoteTestRunner.java:463)
	at org.eclipse.jdt.internal.junit.runner.RemoteTestRunner.main(RemoteTestRunner.java:209)
[TEST] 2020-07-14 20:56:31 [ERROR] [main] http.HttpResponse <init> : Response Create Fail
java.lang.NullPointerException: null
	at http.HttpResponse.<init>(HttpResponse.java:31)
	at http.TestHttpResponse.<init>(TestHttpResponse.java:12)
	at was.TestWAS.parserHeaderEachOther(TestWAS.java:24)
	at java.base/jdk.internal.reflect.NativeMethodAccessorImpl.invoke0(Native Method)
	at java.base/jdk.internal.reflect.NativeMethodAccessorImpl.invoke(NativeMethodAccessorImpl.java:62)
	at java.base/jdk.internal.reflect.DelegatingMethodAccessorImpl.invoke(DelegatingMethodAccessorImpl.java:43)
	at java.base/java.lang.reflect.Method.invoke(Method.java:564)
	at org.junit.runners.model.FrameworkMethod$1.runReflectiveCall(FrameworkMethod.java:50)
	at org.junit.internal.runners.model.ReflectiveCallable.run(ReflectiveCallable.java:12)
	at org.junit.runners.model.FrameworkMethod.invokeExplosively(FrameworkMethod.java:47)
	at org.junit.internal.runners.statements.InvokeMethod.evaluate(InvokeMethod.java:17)
	at org.junit.runners.ParentRunner.runLeaf(ParentRunner.java:325)
	at org.junit.runners.BlockJUnit4ClassRunner.runChild(BlockJUnit4ClassRunner.java:78)
	at org.junit.runners.BlockJUnit4ClassRunner.runChild(BlockJUnit4ClassRunner.java:57)
	at org.junit.runners.ParentRunner$3.run(ParentRunner.java:290)
	at org.junit.runners.ParentRunner$1.schedule(ParentRunner.java:71)
	at org.junit.runners.ParentRunner.runChildren(ParentRunner.java:288)
	at org.junit.runners.ParentRunner.access$000(ParentRunner.java:58)
	at org.junit.runners.ParentRunner$2.evaluate(ParentRunner.java:268)
	at org.junit.runners.ParentRunner.run(ParentRunner.java:363)
	at org.eclipse.jdt.internal.junit4.runner.JUnit4TestReference.run(JUnit4TestReference.java:89)
	at org.eclipse.jdt.internal.junit.runner.TestExecution.run(TestExecution.java:41)
	at org.eclipse.jdt.internal.junit.runner.RemoteTestRunner.runTests(RemoteTestRunner.java:541)
	at org.eclipse.jdt.internal.junit.runner.RemoteTestRunner.runTests(RemoteTestRunner.java:763)
	at org.eclipse.jdt.internal.junit.runner.RemoteTestRunner.run(RemoteTestRunner.java:463)
	at org.eclipse.jdt.internal.junit.runner.RemoteTestRunner.main(RemoteTestRunner.java:209)
[TEST] 2020-07-14 20:56:52 [ERROR] [main] http.HttpRequest <init> : Request Create Fail
java.lang.NullPointerException: null
	at http.HttpRequest.init(HttpRequest.java:42)
	at http.HttpRequest.<init>(HttpRequest.java:33)
	at http.TestHttpRequest.<init>(TestHttpRequest.java:7)
	at was.TestWAS.parserHeaderEachOther(TestWAS.java:16)
	at java.base/jdk.internal.reflect.NativeMethodAccessorImpl.invoke0(Native Method)
	at java.base/jdk.internal.reflect.NativeMethodAccessorImpl.invoke(NativeMethodAccessorImpl.java:62)
	at java.base/jdk.internal.reflect.DelegatingMethodAccessorImpl.invoke(DelegatingMethodAccessorImpl.java:43)
	at java.base/java.lang.reflect.Method.invoke(Method.java:564)
	at org.junit.runners.model.FrameworkMethod$1.runReflectiveCall(FrameworkMethod.java:50)
	at org.junit.internal.runners.model.ReflectiveCallable.run(ReflectiveCallable.java:12)
	at org.junit.runners.model.FrameworkMethod.invokeExplosively(FrameworkMethod.java:47)
	at org.junit.internal.runners.statements.InvokeMethod.evaluate(InvokeMethod.java:17)
	at org.junit.runners.ParentRunner.runLeaf(ParentRunner.java:325)
	at org.junit.runners.BlockJUnit4ClassRunner.runChild(BlockJUnit4ClassRunner.java:78)
	at org.junit.runners.BlockJUnit4ClassRunner.runChild(BlockJUnit4ClassRunner.java:57)
	at org.junit.runners.ParentRunner$3.run(ParentRunner.java:290)
	at org.junit.runners.ParentRunner$1.schedule(ParentRunner.java:71)
	at org.junit.runners.ParentRunner.runChildren(ParentRunner.java:288)
	at org.junit.runners.ParentRunner.access$000(ParentRunner.java:58)
	at org.junit.runners.ParentRunner$2.evaluate(ParentRunner.java:268)
	at org.junit.runners.ParentRunner.run(ParentRunner.java:363)
	at org.eclipse.jdt.internal.junit4.runner.JUnit4TestReference.run(JUnit4TestReference.java:89)
	at org.eclipse.jdt.internal.junit.runner.TestExecution.run(TestExecution.java:41)
	at org.eclipse.jdt.internal.junit.runner.RemoteTestRunner.runTests(RemoteTestRunner.java:541)
	at org.eclipse.jdt.internal.junit.runner.RemoteTestRunner.runTests(RemoteTestRunner.java:763)
	at org.eclipse.jdt.internal.junit.runner.RemoteTestRunner.run(RemoteTestRunner.java:463)
	at org.eclipse.jdt.internal.junit.runner.RemoteTestRunner.main(RemoteTestRunner.java:209)
[TEST] 2020-07-14 20:56:52 [ERROR] [main] http.HttpResponse <init> : Response Create Fail
java.lang.NullPointerException: null
	at http.HttpResponse.<init>(HttpResponse.java:31)
	at http.TestHttpResponse.<init>(TestHttpResponse.java:12)
	at was.TestWAS.parserHeaderEachOther(TestWAS.java:18)
	at java.base/jdk.internal.reflect.NativeMethodAccessorImpl.invoke0(Native Method)
	at java.base/jdk.internal.reflect.NativeMethodAccessorImpl.invoke(NativeMethodAccessorImpl.java:62)
	at java.base/jdk.internal.reflect.DelegatingMethodAccessorImpl.invoke(DelegatingMethodAccessorImpl.java:43)
	at java.base/java.lang.reflect.Method.invoke(Method.java:564)
	at org.junit.runners.model.FrameworkMethod$1.runReflectiveCall(FrameworkMethod.java:50)
	at org.junit.internal.runners.model.ReflectiveCallable.run(ReflectiveCallable.java:12)
	at org.junit.runners.model.FrameworkMethod.invokeExplosively(FrameworkMethod.java:47)
	at org.junit.internal.runners.statements.InvokeMethod.evaluate(InvokeMethod.java:17)
	at org.junit.runners.ParentRunner.runLeaf(ParentRunner.java:325)
	at org.junit.runners.BlockJUnit4ClassRunner.runChild(BlockJUnit4ClassRunner.java:78)
	at org.junit.runners.BlockJUnit4ClassRunner.runChild(BlockJUnit4ClassRunner.java:57)
	at org.junit.runners.ParentRunner$3.run(ParentRunner.java:290)
	at org.junit.runners.ParentRunner$1.schedule(ParentRunner.java:71)
	at org.junit.runners.ParentRunner.runChildren(ParentRunner.java:288)
	at org.junit.runners.ParentRunner.access$000(ParentRunner.java:58)
	at org.junit.runners.ParentRunner$2.evaluate(ParentRunner.java:268)
	at org.junit.runners.ParentRunner.run(ParentRunner.java:363)
	at org.eclipse.jdt.internal.junit4.runner.JUnit4TestReference.run(JUnit4TestReference.java:89)
	at org.eclipse.jdt.internal.junit.runner.TestExecution.run(TestExecution.java:41)
	at org.eclipse.jdt.internal.junit.runner.RemoteTestRunner.runTests(RemoteTestRunner.java:541)
	at org.eclipse.jdt.internal.junit.runner.RemoteTestRunner.runTests(RemoteTestRunner.java:763)
	at org.eclipse.jdt.internal.junit.runner.RemoteTestRunner.run(RemoteTestRunner.java:463)
	at org.eclipse.jdt.internal.junit.runner.RemoteTestRunner.main(RemoteTestRunner.java:209)
[TEST] 2020-07-14 20:56:52 [INFO ] [main] config.ServerConfig <init> : ServerConfig [port=80, rootDirNm=view, httpRoot={localhost=HostConfig [host=localhost, subDirNm=TypeA, errorViewMapped={403=A_403.html, 404=A_404.html, 500=A_500.html}], 127.0.0.1=HostConfig [host=127.0.0.1, subDirNm=TypeB, errorViewMapped={403=B_403.html, 404=B_404.html, 500=B_500.html}]}]
[TEST] 2020-07-14 20:56:52 [INFO ] [main] config.ServerConfig <init> : Complete
[TEST] 2020-07-14 20:56:52 [ERROR] [main] http.HttpRequest <init> : Request Create Fail
java.lang.NullPointerException: null
	at http.HttpRequest.init(HttpRequest.java:42)
	at http.HttpRequest.<init>(HttpRequest.java:33)
	at http.TestHttpRequest.<init>(TestHttpRequest.java:7)
	at was.TestWAS.parserHeaderEachOther(TestWAS.java:22)
	at java.base/jdk.internal.reflect.NativeMethodAccessorImpl.invoke0(Native Method)
	at java.base/jdk.internal.reflect.NativeMethodAccessorImpl.invoke(NativeMethodAccessorImpl.java:62)
	at java.base/jdk.internal.reflect.DelegatingMethodAccessorImpl.invoke(DelegatingMethodAccessorImpl.java:43)
	at java.base/java.lang.reflect.Method.invoke(Method.java:564)
	at org.junit.runners.model.FrameworkMethod$1.runReflectiveCall(FrameworkMethod.java:50)
	at org.junit.internal.runners.model.ReflectiveCallable.run(ReflectiveCallable.java:12)
	at org.junit.runners.model.FrameworkMethod.invokeExplosively(FrameworkMethod.java:47)
	at org.junit.internal.runners.statements.InvokeMethod.evaluate(InvokeMethod.java:17)
	at org.junit.runners.ParentRunner.runLeaf(ParentRunner.java:325)
	at org.junit.runners.BlockJUnit4ClassRunner.runChild(BlockJUnit4ClassRunner.java:78)
	at org.junit.runners.BlockJUnit4ClassRunner.runChild(BlockJUnit4ClassRunner.java:57)
	at org.junit.runners.ParentRunner$3.run(ParentRunner.java:290)
	at org.junit.runners.ParentRunner$1.schedule(ParentRunner.java:71)
	at org.junit.runners.ParentRunner.runChildren(ParentRunner.java:288)
	at org.junit.runners.ParentRunner.access$000(ParentRunner.java:58)
	at org.junit.runners.ParentRunner$2.evaluate(ParentRunner.java:268)
	at org.junit.runners.ParentRunner.run(ParentRunner.java:363)
	at org.eclipse.jdt.internal.junit4.runner.JUnit4TestReference.run(JUnit4TestReference.java:89)
	at org.eclipse.jdt.internal.junit.runner.TestExecution.run(TestExecution.java:41)
	at org.eclipse.jdt.internal.junit.runner.RemoteTestRunner.runTests(RemoteTestRunner.java:541)
	at org.eclipse.jdt.internal.junit.runner.RemoteTestRunner.runTests(RemoteTestRunner.java:763)
	at org.eclipse.jdt.internal.junit.runner.RemoteTestRunner.run(RemoteTestRunner.java:463)
	at org.eclipse.jdt.internal.junit.runner.RemoteTestRunner.main(RemoteTestRunner.java:209)
[TEST] 2020-07-14 20:56:52 [ERROR] [main] http.HttpResponse <init> : Response Create Fail
java.lang.NullPointerException: null
	at http.HttpResponse.<init>(HttpResponse.java:31)
	at http.TestHttpResponse.<init>(TestHttpResponse.java:12)
	at was.TestWAS.parserHeaderEachOther(TestWAS.java:24)
	at java.base/jdk.internal.reflect.NativeMethodAccessorImpl.invoke0(Native Method)
	at java.base/jdk.internal.reflect.NativeMethodAccessorImpl.invoke(NativeMethodAccessorImpl.java:62)
	at java.base/jdk.internal.reflect.DelegatingMethodAccessorImpl.invoke(DelegatingMethodAccessorImpl.java:43)
	at java.base/java.lang.reflect.Method.invoke(Method.java:564)
	at org.junit.runners.model.FrameworkMethod$1.runReflectiveCall(FrameworkMethod.java:50)
	at org.junit.internal.runners.model.ReflectiveCallable.run(ReflectiveCallable.java:12)
	at org.junit.runners.model.FrameworkMethod.invokeExplosively(FrameworkMethod.java:47)
	at org.junit.internal.runners.statements.InvokeMethod.evaluate(InvokeMethod.java:17)
	at org.junit.runners.ParentRunner.runLeaf(ParentRunner.java:325)
	at org.junit.runners.BlockJUnit4ClassRunner.runChild(BlockJUnit4ClassRunner.java:78)
	at org.junit.runners.BlockJUnit4ClassRunner.runChild(BlockJUnit4ClassRunner.java:57)
	at org.junit.runners.ParentRunner$3.run(ParentRunner.java:290)
	at org.junit.runners.ParentRunner$1.schedule(ParentRunner.java:71)
	at org.junit.runners.ParentRunner.runChildren(ParentRunner.java:288)
	at org.junit.runners.ParentRunner.access$000(ParentRunner.java:58)
	at org.junit.runners.ParentRunner$2.evaluate(ParentRunner.java:268)
	at org.junit.runners.ParentRunner.run(ParentRunner.java:363)
	at org.eclipse.jdt.internal.junit4.runner.JUnit4TestReference.run(JUnit4TestReference.java:89)
	at org.eclipse.jdt.internal.junit.runner.TestExecution.run(TestExecution.java:41)
	at org.eclipse.jdt.internal.junit.runner.RemoteTestRunner.runTests(RemoteTestRunner.java:541)
	at org.eclipse.jdt.internal.junit.runner.RemoteTestRunner.runTests(RemoteTestRunner.java:763)
	at org.eclipse.jdt.internal.junit.runner.RemoteTestRunner.run(RemoteTestRunner.java:463)
	at org.eclipse.jdt.internal.junit.runner.RemoteTestRunner.main(RemoteTestRunner.java:209)
[TEST] 2020-07-14 20:58:29 [ERROR] [main] http.HttpRequest <init> : Request Create Fail
java.lang.NullPointerException: null
	at http.HttpRequest.init(HttpRequest.java:42)
	at http.HttpRequest.<init>(HttpRequest.java:33)
	at http.TestHttpRequest.<init>(TestHttpRequest.java:7)
	at was.TestWAS.parserHeaderEachOther(TestWAS.java:16)
	at java.base/jdk.internal.reflect.NativeMethodAccessorImpl.invoke0(Native Method)
	at java.base/jdk.internal.reflect.NativeMethodAccessorImpl.invoke(NativeMethodAccessorImpl.java:62)
	at java.base/jdk.internal.reflect.DelegatingMethodAccessorImpl.invoke(DelegatingMethodAccessorImpl.java:43)
	at java.base/java.lang.reflect.Method.invoke(Method.java:564)
	at org.junit.runners.model.FrameworkMethod$1.runReflectiveCall(FrameworkMethod.java:50)
	at org.junit.internal.runners.model.ReflectiveCallable.run(ReflectiveCallable.java:12)
	at org.junit.runners.model.FrameworkMethod.invokeExplosively(FrameworkMethod.java:47)
	at org.junit.internal.runners.statements.InvokeMethod.evaluate(InvokeMethod.java:17)
	at org.junit.runners.ParentRunner.runLeaf(ParentRunner.java:325)
	at org.junit.runners.BlockJUnit4ClassRunner.runChild(BlockJUnit4ClassRunner.java:78)
	at org.junit.runners.BlockJUnit4ClassRunner.runChild(BlockJUnit4ClassRunner.java:57)
	at org.junit.runners.ParentRunner$3.run(ParentRunner.java:290)
	at org.junit.runners.ParentRunner$1.schedule(ParentRunner.java:71)
	at org.junit.runners.ParentRunner.runChildren(ParentRunner.java:288)
	at org.junit.runners.ParentRunner.access$000(ParentRunner.java:58)
	at org.junit.runners.ParentRunner$2.evaluate(ParentRunner.java:268)
	at org.junit.runners.ParentRunner.run(ParentRunner.java:363)
	at org.eclipse.jdt.internal.junit4.runner.JUnit4TestReference.run(JUnit4TestReference.java:89)
	at org.eclipse.jdt.internal.junit.runner.TestExecution.run(TestExecution.java:41)
	at org.eclipse.jdt.internal.junit.runner.RemoteTestRunner.runTests(RemoteTestRunner.java:541)
	at org.eclipse.jdt.internal.junit.runner.RemoteTestRunner.runTests(RemoteTestRunner.java:763)
	at org.eclipse.jdt.internal.junit.runner.RemoteTestRunner.run(RemoteTestRunner.java:463)
	at org.eclipse.jdt.internal.junit.runner.RemoteTestRunner.main(RemoteTestRunner.java:209)
[TEST] 2020-07-14 20:58:29 [ERROR] [main] http.HttpResponse <init> : Response Create Fail
java.lang.NullPointerException: null
	at http.HttpResponse.<init>(HttpResponse.java:31)
	at http.TestHttpResponse.<init>(TestHttpResponse.java:12)
	at was.TestWAS.parserHeaderEachOther(TestWAS.java:18)
	at java.base/jdk.internal.reflect.NativeMethodAccessorImpl.invoke0(Native Method)
	at java.base/jdk.internal.reflect.NativeMethodAccessorImpl.invoke(NativeMethodAccessorImpl.java:62)
	at java.base/jdk.internal.reflect.DelegatingMethodAccessorImpl.invoke(DelegatingMethodAccessorImpl.java:43)
	at java.base/java.lang.reflect.Method.invoke(Method.java:564)
	at org.junit.runners.model.FrameworkMethod$1.runReflectiveCall(FrameworkMethod.java:50)
	at org.junit.internal.runners.model.ReflectiveCallable.run(ReflectiveCallable.java:12)
	at org.junit.runners.model.FrameworkMethod.invokeExplosively(FrameworkMethod.java:47)
	at org.junit.internal.runners.statements.InvokeMethod.evaluate(InvokeMethod.java:17)
	at org.junit.runners.ParentRunner.runLeaf(ParentRunner.java:325)
	at org.junit.runners.BlockJUnit4ClassRunner.runChild(BlockJUnit4ClassRunner.java:78)
	at org.junit.runners.BlockJUnit4ClassRunner.runChild(BlockJUnit4ClassRunner.java:57)
	at org.junit.runners.ParentRunner$3.run(ParentRunner.java:290)
	at org.junit.runners.ParentRunner$1.schedule(ParentRunner.java:71)
	at org.junit.runners.ParentRunner.runChildren(ParentRunner.java:288)
	at org.junit.runners.ParentRunner.access$000(ParentRunner.java:58)
	at org.junit.runners.ParentRunner$2.evaluate(ParentRunner.java:268)
	at org.junit.runners.ParentRunner.run(ParentRunner.java:363)
	at org.eclipse.jdt.internal.junit4.runner.JUnit4TestReference.run(JUnit4TestReference.java:89)
	at org.eclipse.jdt.internal.junit.runner.TestExecution.run(TestExecution.java:41)
	at org.eclipse.jdt.internal.junit.runner.RemoteTestRunner.runTests(RemoteTestRunner.java:541)
	at org.eclipse.jdt.internal.junit.runner.RemoteTestRunner.runTests(RemoteTestRunner.java:763)
	at org.eclipse.jdt.internal.junit.runner.RemoteTestRunner.run(RemoteTestRunner.java:463)
	at org.eclipse.jdt.internal.junit.runner.RemoteTestRunner.main(RemoteTestRunner.java:209)
[TEST] 2020-07-14 20:58:30 [INFO ] [main] config.ServerConfig <init> : ServerConfig [port=80, rootDirNm=view, httpRoot={localhost=HostConfig [host=localhost, subDirNm=TypeA, errorViewMapped={403=A_403.html, 404=A_404.html, 500=A_500.html}], 127.0.0.1=HostConfig [host=127.0.0.1, subDirNm=TypeB, errorViewMapped={403=B_403.html, 404=B_404.html, 500=B_500.html}]}]
[TEST] 2020-07-14 20:58:30 [INFO ] [main] config.ServerConfig <init> : Complete
[TEST] 2020-07-14 20:58:31 [ERROR] [main] http.HttpRequest <init> : Request Create Fail
java.lang.NullPointerException: null
	at http.HttpRequest.init(HttpRequest.java:42)
	at http.HttpRequest.<init>(HttpRequest.java:33)
	at http.TestHttpRequest.<init>(TestHttpRequest.java:7)
	at was.TestWAS.parserHeaderEachOther(TestWAS.java:22)
	at java.base/jdk.internal.reflect.NativeMethodAccessorImpl.invoke0(Native Method)
	at java.base/jdk.internal.reflect.NativeMethodAccessorImpl.invoke(NativeMethodAccessorImpl.java:62)
	at java.base/jdk.internal.reflect.DelegatingMethodAccessorImpl.invoke(DelegatingMethodAccessorImpl.java:43)
	at java.base/java.lang.reflect.Method.invoke(Method.java:564)
	at org.junit.runners.model.FrameworkMethod$1.runReflectiveCall(FrameworkMethod.java:50)
	at org.junit.internal.runners.model.ReflectiveCallable.run(ReflectiveCallable.java:12)
	at org.junit.runners.model.FrameworkMethod.invokeExplosively(FrameworkMethod.java:47)
	at org.junit.internal.runners.statements.InvokeMethod.evaluate(InvokeMethod.java:17)
	at org.junit.runners.ParentRunner.runLeaf(ParentRunner.java:325)
	at org.junit.runners.BlockJUnit4ClassRunner.runChild(BlockJUnit4ClassRunner.java:78)
	at org.junit.runners.BlockJUnit4ClassRunner.runChild(BlockJUnit4ClassRunner.java:57)
	at org.junit.runners.ParentRunner$3.run(ParentRunner.java:290)
	at org.junit.runners.ParentRunner$1.schedule(ParentRunner.java:71)
	at org.junit.runners.ParentRunner.runChildren(ParentRunner.java:288)
	at org.junit.runners.ParentRunner.access$000(ParentRunner.java:58)
	at org.junit.runners.ParentRunner$2.evaluate(ParentRunner.java:268)
	at org.junit.runners.ParentRunner.run(ParentRunner.java:363)
	at org.eclipse.jdt.internal.junit4.runner.JUnit4TestReference.run(JUnit4TestReference.java:89)
	at org.eclipse.jdt.internal.junit.runner.TestExecution.run(TestExecution.java:41)
	at org.eclipse.jdt.internal.junit.runner.RemoteTestRunner.runTests(RemoteTestRunner.java:541)
	at org.eclipse.jdt.internal.junit.runner.RemoteTestRunner.runTests(RemoteTestRunner.java:763)
	at org.eclipse.jdt.internal.junit.runner.RemoteTestRunner.run(RemoteTestRunner.java:463)
	at org.eclipse.jdt.internal.junit.runner.RemoteTestRunner.main(RemoteTestRunner.java:209)
[TEST] 2020-07-14 20:58:31 [ERROR] [main] http.HttpResponse <init> : Response Create Fail
java.lang.NullPointerException: null
	at http.HttpResponse.<init>(HttpResponse.java:31)
	at http.TestHttpResponse.<init>(TestHttpResponse.java:12)
	at was.TestWAS.parserHeaderEachOther(TestWAS.java:24)
	at java.base/jdk.internal.reflect.NativeMethodAccessorImpl.invoke0(Native Method)
	at java.base/jdk.internal.reflect.NativeMethodAccessorImpl.invoke(NativeMethodAccessorImpl.java:62)
	at java.base/jdk.internal.reflect.DelegatingMethodAccessorImpl.invoke(DelegatingMethodAccessorImpl.java:43)
	at java.base/java.lang.reflect.Method.invoke(Method.java:564)
	at org.junit.runners.model.FrameworkMethod$1.runReflectiveCall(FrameworkMethod.java:50)
	at org.junit.internal.runners.model.ReflectiveCallable.run(ReflectiveCallable.java:12)
	at org.junit.runners.model.FrameworkMethod.invokeExplosively(FrameworkMethod.java:47)
	at org.junit.internal.runners.statements.InvokeMethod.evaluate(InvokeMethod.java:17)
	at org.junit.runners.ParentRunner.runLeaf(ParentRunner.java:325)
	at org.junit.runners.BlockJUnit4ClassRunner.runChild(BlockJUnit4ClassRunner.java:78)
	at org.junit.runners.BlockJUnit4ClassRunner.runChild(BlockJUnit4ClassRunner.java:57)
	at org.junit.runners.ParentRunner$3.run(ParentRunner.java:290)
	at org.junit.runners.ParentRunner$1.schedule(ParentRunner.java:71)
	at org.junit.runners.ParentRunner.runChildren(ParentRunner.java:288)
	at org.junit.runners.ParentRunner.access$000(ParentRunner.java:58)
	at org.junit.runners.ParentRunner$2.evaluate(ParentRunner.java:268)
	at org.junit.runners.ParentRunner.run(ParentRunner.java:363)
	at org.eclipse.jdt.internal.junit4.runner.JUnit4TestReference.run(JUnit4TestReference.java:89)
	at org.eclipse.jdt.internal.junit.runner.TestExecution.run(TestExecution.java:41)
	at org.eclipse.jdt.internal.junit.runner.RemoteTestRunner.runTests(RemoteTestRunner.java:541)
	at org.eclipse.jdt.internal.junit.runner.RemoteTestRunner.runTests(RemoteTestRunner.java:763)
	at org.eclipse.jdt.internal.junit.runner.RemoteTestRunner.run(RemoteTestRunner.java:463)
	at org.eclipse.jdt.internal.junit.runner.RemoteTestRunner.main(RemoteTestRunner.java:209)
[TEST] 2020-07-14 20:58:55 [ERROR] [main] http.HttpRequest <init> : Request Create Fail
java.lang.NullPointerException: null
	at http.HttpRequest.init(HttpRequest.java:42)
	at http.HttpRequest.<init>(HttpRequest.java:33)
	at http.TestHttpRequest.<init>(TestHttpRequest.java:7)
	at was.TestWAS.parserHeaderEachOther(TestWAS.java:16)
	at java.base/jdk.internal.reflect.NativeMethodAccessorImpl.invoke0(Native Method)
	at java.base/jdk.internal.reflect.NativeMethodAccessorImpl.invoke(NativeMethodAccessorImpl.java:62)
	at java.base/jdk.internal.reflect.DelegatingMethodAccessorImpl.invoke(DelegatingMethodAccessorImpl.java:43)
	at java.base/java.lang.reflect.Method.invoke(Method.java:564)
	at org.junit.runners.model.FrameworkMethod$1.runReflectiveCall(FrameworkMethod.java:50)
	at org.junit.internal.runners.model.ReflectiveCallable.run(ReflectiveCallable.java:12)
	at org.junit.runners.model.FrameworkMethod.invokeExplosively(FrameworkMethod.java:47)
	at org.junit.internal.runners.statements.InvokeMethod.evaluate(InvokeMethod.java:17)
	at org.junit.runners.ParentRunner.runLeaf(ParentRunner.java:325)
	at org.junit.runners.BlockJUnit4ClassRunner.runChild(BlockJUnit4ClassRunner.java:78)
	at org.junit.runners.BlockJUnit4ClassRunner.runChild(BlockJUnit4ClassRunner.java:57)
	at org.junit.runners.ParentRunner$3.run(ParentRunner.java:290)
	at org.junit.runners.ParentRunner$1.schedule(ParentRunner.java:71)
	at org.junit.runners.ParentRunner.runChildren(ParentRunner.java:288)
	at org.junit.runners.ParentRunner.access$000(ParentRunner.java:58)
	at org.junit.runners.ParentRunner$2.evaluate(ParentRunner.java:268)
	at org.junit.runners.ParentRunner.run(ParentRunner.java:363)
	at org.eclipse.jdt.internal.junit4.runner.JUnit4TestReference.run(JUnit4TestReference.java:89)
	at org.eclipse.jdt.internal.junit.runner.TestExecution.run(TestExecution.java:41)
	at org.eclipse.jdt.internal.junit.runner.RemoteTestRunner.runTests(RemoteTestRunner.java:541)
	at org.eclipse.jdt.internal.junit.runner.RemoteTestRunner.runTests(RemoteTestRunner.java:763)
	at org.eclipse.jdt.internal.junit.runner.RemoteTestRunner.run(RemoteTestRunner.java:463)
	at org.eclipse.jdt.internal.junit.runner.RemoteTestRunner.main(RemoteTestRunner.java:209)
[TEST] 2020-07-14 20:58:55 [ERROR] [main] http.HttpResponse <init> : Response Create Fail
java.lang.NullPointerException: null
	at http.HttpResponse.<init>(HttpResponse.java:31)
	at http.TestHttpResponse.<init>(TestHttpResponse.java:12)
	at was.TestWAS.parserHeaderEachOther(TestWAS.java:18)
	at java.base/jdk.internal.reflect.NativeMethodAccessorImpl.invoke0(Native Method)
	at java.base/jdk.internal.reflect.NativeMethodAccessorImpl.invoke(NativeMethodAccessorImpl.java:62)
	at java.base/jdk.internal.reflect.DelegatingMethodAccessorImpl.invoke(DelegatingMethodAccessorImpl.java:43)
	at java.base/java.lang.reflect.Method.invoke(Method.java:564)
	at org.junit.runners.model.FrameworkMethod$1.runReflectiveCall(FrameworkMethod.java:50)
	at org.junit.internal.runners.model.ReflectiveCallable.run(ReflectiveCallable.java:12)
	at org.junit.runners.model.FrameworkMethod.invokeExplosively(FrameworkMethod.java:47)
	at org.junit.internal.runners.statements.InvokeMethod.evaluate(InvokeMethod.java:17)
	at org.junit.runners.ParentRunner.runLeaf(ParentRunner.java:325)
	at org.junit.runners.BlockJUnit4ClassRunner.runChild(BlockJUnit4ClassRunner.java:78)
	at org.junit.runners.BlockJUnit4ClassRunner.runChild(BlockJUnit4ClassRunner.java:57)
	at org.junit.runners.ParentRunner$3.run(ParentRunner.java:290)
	at org.junit.runners.ParentRunner$1.schedule(ParentRunner.java:71)
	at org.junit.runners.ParentRunner.runChildren(ParentRunner.java:288)
	at org.junit.runners.ParentRunner.access$000(ParentRunner.java:58)
	at org.junit.runners.ParentRunner$2.evaluate(ParentRunner.java:268)
	at org.junit.runners.ParentRunner.run(ParentRunner.java:363)
	at org.eclipse.jdt.internal.junit4.runner.JUnit4TestReference.run(JUnit4TestReference.java:89)
	at org.eclipse.jdt.internal.junit.runner.TestExecution.run(TestExecution.java:41)
	at org.eclipse.jdt.internal.junit.runner.RemoteTestRunner.runTests(RemoteTestRunner.java:541)
	at org.eclipse.jdt.internal.junit.runner.RemoteTestRunner.runTests(RemoteTestRunner.java:763)
	at org.eclipse.jdt.internal.junit.runner.RemoteTestRunner.run(RemoteTestRunner.java:463)
	at org.eclipse.jdt.internal.junit.runner.RemoteTestRunner.main(RemoteTestRunner.java:209)
[TEST] 2020-07-14 20:58:55 [INFO ] [main] config.ServerConfig <init> : ServerConfig [port=80, rootDirNm=view, httpRoot={localhost=HostConfig [host=localhost, subDirNm=TypeA, errorViewMapped={403=A_403.html, 404=A_404.html, 500=A_500.html}], 127.0.0.1=HostConfig [host=127.0.0.1, subDirNm=TypeB, errorViewMapped={403=B_403.html, 404=B_404.html, 500=B_500.html}]}]
[TEST] 2020-07-14 20:58:55 [INFO ] [main] config.ServerConfig <init> : Complete
[TEST] 2020-07-14 20:58:59 [ERROR] [main] http.HttpRequest <init> : Request Create Fail
java.lang.NullPointerException: null
	at http.HttpRequest.init(HttpRequest.java:42)
	at http.HttpRequest.<init>(HttpRequest.java:33)
	at http.TestHttpRequest.<init>(TestHttpRequest.java:7)
	at was.TestWAS.parserHeaderEachOther(TestWAS.java:22)
	at java.base/jdk.internal.reflect.NativeMethodAccessorImpl.invoke0(Native Method)
	at java.base/jdk.internal.reflect.NativeMethodAccessorImpl.invoke(NativeMethodAccessorImpl.java:62)
	at java.base/jdk.internal.reflect.DelegatingMethodAccessorImpl.invoke(DelegatingMethodAccessorImpl.java:43)
	at java.base/java.lang.reflect.Method.invoke(Method.java:564)
	at org.junit.runners.model.FrameworkMethod$1.runReflectiveCall(FrameworkMethod.java:50)
	at org.junit.internal.runners.model.ReflectiveCallable.run(ReflectiveCallable.java:12)
	at org.junit.runners.model.FrameworkMethod.invokeExplosively(FrameworkMethod.java:47)
	at org.junit.internal.runners.statements.InvokeMethod.evaluate(InvokeMethod.java:17)
	at org.junit.runners.ParentRunner.runLeaf(ParentRunner.java:325)
	at org.junit.runners.BlockJUnit4ClassRunner.runChild(BlockJUnit4ClassRunner.java:78)
	at org.junit.runners.BlockJUnit4ClassRunner.runChild(BlockJUnit4ClassRunner.java:57)
	at org.junit.runners.ParentRunner$3.run(ParentRunner.java:290)
	at org.junit.runners.ParentRunner$1.schedule(ParentRunner.java:71)
	at org.junit.runners.ParentRunner.runChildren(ParentRunner.java:288)
	at org.junit.runners.ParentRunner.access$000(ParentRunner.java:58)
	at org.junit.runners.ParentRunner$2.evaluate(ParentRunner.java:268)
	at org.junit.runners.ParentRunner.run(ParentRunner.java:363)
	at org.eclipse.jdt.internal.junit4.runner.JUnit4TestReference.run(JUnit4TestReference.java:89)
	at org.eclipse.jdt.internal.junit.runner.TestExecution.run(TestExecution.java:41)
	at org.eclipse.jdt.internal.junit.runner.RemoteTestRunner.runTests(RemoteTestRunner.java:541)
	at org.eclipse.jdt.internal.junit.runner.RemoteTestRunner.runTests(RemoteTestRunner.java:763)
	at org.eclipse.jdt.internal.junit.runner.RemoteTestRunner.run(RemoteTestRunner.java:463)
	at org.eclipse.jdt.internal.junit.runner.RemoteTestRunner.main(RemoteTestRunner.java:209)
[TEST] 2020-07-14 20:59:00 [ERROR] [main] http.HttpResponse <init> : Response Create Fail
java.lang.NullPointerException: null
	at http.HttpResponse.<init>(HttpResponse.java:31)
	at http.TestHttpResponse.<init>(TestHttpResponse.java:12)
	at was.TestWAS.parserHeaderEachOther(TestWAS.java:24)
	at java.base/jdk.internal.reflect.NativeMethodAccessorImpl.invoke0(Native Method)
	at java.base/jdk.internal.reflect.NativeMethodAccessorImpl.invoke(NativeMethodAccessorImpl.java:62)
	at java.base/jdk.internal.reflect.DelegatingMethodAccessorImpl.invoke(DelegatingMethodAccessorImpl.java:43)
	at java.base/java.lang.reflect.Method.invoke(Method.java:564)
	at org.junit.runners.model.FrameworkMethod$1.runReflectiveCall(FrameworkMethod.java:50)
	at org.junit.internal.runners.model.ReflectiveCallable.run(ReflectiveCallable.java:12)
	at org.junit.runners.model.FrameworkMethod.invokeExplosively(FrameworkMethod.java:47)
	at org.junit.internal.runners.statements.InvokeMethod.evaluate(InvokeMethod.java:17)
	at org.junit.runners.ParentRunner.runLeaf(ParentRunner.java:325)
	at org.junit.runners.BlockJUnit4ClassRunner.runChild(BlockJUnit4ClassRunner.java:78)
	at org.junit.runners.BlockJUnit4ClassRunner.runChild(BlockJUnit4ClassRunner.java:57)
	at org.junit.runners.ParentRunner$3.run(ParentRunner.java:290)
	at org.junit.runners.ParentRunner$1.schedule(ParentRunner.java:71)
	at org.junit.runners.ParentRunner.runChildren(ParentRunner.java:288)
	at org.junit.runners.ParentRunner.access$000(ParentRunner.java:58)
	at org.junit.runners.ParentRunner$2.evaluate(ParentRunner.java:268)
	at org.junit.runners.ParentRunner.run(ParentRunner.java:363)
	at org.eclipse.jdt.internal.junit4.runner.JUnit4TestReference.run(JUnit4TestReference.java:89)
	at org.eclipse.jdt.internal.junit.runner.TestExecution.run(TestExecution.java:41)
	at org.eclipse.jdt.internal.junit.runner.RemoteTestRunner.runTests(RemoteTestRunner.java:541)
	at org.eclipse.jdt.internal.junit.runner.RemoteTestRunner.runTests(RemoteTestRunner.java:763)
	at org.eclipse.jdt.internal.junit.runner.RemoteTestRunner.run(RemoteTestRunner.java:463)
	at org.eclipse.jdt.internal.junit.runner.RemoteTestRunner.main(RemoteTestRunner.java:209)
[TEST] 2020-07-14 21:01:41 [ERROR] [main] http.HttpRequest <init> : Request Create Fail
java.lang.NullPointerException: null
	at http.HttpRequest.init(HttpRequest.java:42)
	at http.HttpRequest.<init>(HttpRequest.java:33)
	at http.TestHttpRequest.<init>(TestHttpRequest.java:7)
	at was.TestWAS.parserHeaderEachOther(TestWAS.java:16)
	at java.base/jdk.internal.reflect.NativeMethodAccessorImpl.invoke0(Native Method)
	at java.base/jdk.internal.reflect.NativeMethodAccessorImpl.invoke(NativeMethodAccessorImpl.java:62)
	at java.base/jdk.internal.reflect.DelegatingMethodAccessorImpl.invoke(DelegatingMethodAccessorImpl.java:43)
	at java.base/java.lang.reflect.Method.invoke(Method.java:564)
	at org.junit.runners.model.FrameworkMethod$1.runReflectiveCall(FrameworkMethod.java:50)
	at org.junit.internal.runners.model.ReflectiveCallable.run(ReflectiveCallable.java:12)
	at org.junit.runners.model.FrameworkMethod.invokeExplosively(FrameworkMethod.java:47)
	at org.junit.internal.runners.statements.InvokeMethod.evaluate(InvokeMethod.java:17)
	at org.junit.runners.ParentRunner.runLeaf(ParentRunner.java:325)
	at org.junit.runners.BlockJUnit4ClassRunner.runChild(BlockJUnit4ClassRunner.java:78)
	at org.junit.runners.BlockJUnit4ClassRunner.runChild(BlockJUnit4ClassRunner.java:57)
	at org.junit.runners.ParentRunner$3.run(ParentRunner.java:290)
	at org.junit.runners.ParentRunner$1.schedule(ParentRunner.java:71)
	at org.junit.runners.ParentRunner.runChildren(ParentRunner.java:288)
	at org.junit.runners.ParentRunner.access$000(ParentRunner.java:58)
	at org.junit.runners.ParentRunner$2.evaluate(ParentRunner.java:268)
	at org.junit.runners.ParentRunner.run(ParentRunner.java:363)
	at org.eclipse.jdt.internal.junit4.runner.JUnit4TestReference.run(JUnit4TestReference.java:89)
	at org.eclipse.jdt.internal.junit.runner.TestExecution.run(TestExecution.java:41)
	at org.eclipse.jdt.internal.junit.runner.RemoteTestRunner.runTests(RemoteTestRunner.java:541)
	at org.eclipse.jdt.internal.junit.runner.RemoteTestRunner.runTests(RemoteTestRunner.java:763)
	at org.eclipse.jdt.internal.junit.runner.RemoteTestRunner.run(RemoteTestRunner.java:463)
	at org.eclipse.jdt.internal.junit.runner.RemoteTestRunner.main(RemoteTestRunner.java:209)
[TEST] 2020-07-14 21:01:41 [ERROR] [main] http.HttpResponse <init> : Response Create Fail
java.lang.NullPointerException: null
	at http.HttpResponse.<init>(HttpResponse.java:31)
	at http.TestHttpResponse.<init>(TestHttpResponse.java:12)
	at was.TestWAS.parserHeaderEachOther(TestWAS.java:18)
	at java.base/jdk.internal.reflect.NativeMethodAccessorImpl.invoke0(Native Method)
	at java.base/jdk.internal.reflect.NativeMethodAccessorImpl.invoke(NativeMethodAccessorImpl.java:62)
	at java.base/jdk.internal.reflect.DelegatingMethodAccessorImpl.invoke(DelegatingMethodAccessorImpl.java:43)
	at java.base/java.lang.reflect.Method.invoke(Method.java:564)
	at org.junit.runners.model.FrameworkMethod$1.runReflectiveCall(FrameworkMethod.java:50)
	at org.junit.internal.runners.model.ReflectiveCallable.run(ReflectiveCallable.java:12)
	at org.junit.runners.model.FrameworkMethod.invokeExplosively(FrameworkMethod.java:47)
	at org.junit.internal.runners.statements.InvokeMethod.evaluate(InvokeMethod.java:17)
	at org.junit.runners.ParentRunner.runLeaf(ParentRunner.java:325)
	at org.junit.runners.BlockJUnit4ClassRunner.runChild(BlockJUnit4ClassRunner.java:78)
	at org.junit.runners.BlockJUnit4ClassRunner.runChild(BlockJUnit4ClassRunner.java:57)
	at org.junit.runners.ParentRunner$3.run(ParentRunner.java:290)
	at org.junit.runners.ParentRunner$1.schedule(ParentRunner.java:71)
	at org.junit.runners.ParentRunner.runChildren(ParentRunner.java:288)
	at org.junit.runners.ParentRunner.access$000(ParentRunner.java:58)
	at org.junit.runners.ParentRunner$2.evaluate(ParentRunner.java:268)
	at org.junit.runners.ParentRunner.run(ParentRunner.java:363)
	at org.eclipse.jdt.internal.junit4.runner.JUnit4TestReference.run(JUnit4TestReference.java:89)
	at org.eclipse.jdt.internal.junit.runner.TestExecution.run(TestExecution.java:41)
	at org.eclipse.jdt.internal.junit.runner.RemoteTestRunner.runTests(RemoteTestRunner.java:541)
	at org.eclipse.jdt.internal.junit.runner.RemoteTestRunner.runTests(RemoteTestRunner.java:763)
	at org.eclipse.jdt.internal.junit.runner.RemoteTestRunner.run(RemoteTestRunner.java:463)
	at org.eclipse.jdt.internal.junit.runner.RemoteTestRunner.main(RemoteTestRunner.java:209)
[TEST] 2020-07-14 21:01:41 [INFO ] [main] config.ServerConfig <init> : ServerConfig [port=80, rootDirNm=view, httpRoot={localhost=HostConfig [host=localhost, subDirNm=TypeA, errorViewMapped={403=A_403.html, 404=A_404.html, 500=A_500.html}], 127.0.0.1=HostConfig [host=127.0.0.1, subDirNm=TypeB, errorViewMapped={403=B_403.html, 404=B_404.html, 500=B_500.html}]}]
[TEST] 2020-07-14 21:01:41 [INFO ] [main] config.ServerConfig <init> : Complete
[TEST] 2020-07-14 21:01:41 [ERROR] [main] http.HttpRequest <init> : Request Create Fail
java.lang.NullPointerException: null
	at http.HttpRequest.init(HttpRequest.java:42)
	at http.HttpRequest.<init>(HttpRequest.java:33)
	at http.TestHttpRequest.<init>(TestHttpRequest.java:7)
	at was.TestWAS.parserHeaderEachOther(TestWAS.java:22)
	at java.base/jdk.internal.reflect.NativeMethodAccessorImpl.invoke0(Native Method)
	at java.base/jdk.internal.reflect.NativeMethodAccessorImpl.invoke(NativeMethodAccessorImpl.java:62)
	at java.base/jdk.internal.reflect.DelegatingMethodAccessorImpl.invoke(DelegatingMethodAccessorImpl.java:43)
	at java.base/java.lang.reflect.Method.invoke(Method.java:564)
	at org.junit.runners.model.FrameworkMethod$1.runReflectiveCall(FrameworkMethod.java:50)
	at org.junit.internal.runners.model.ReflectiveCallable.run(ReflectiveCallable.java:12)
	at org.junit.runners.model.FrameworkMethod.invokeExplosively(FrameworkMethod.java:47)
	at org.junit.internal.runners.statements.InvokeMethod.evaluate(InvokeMethod.java:17)
	at org.junit.runners.ParentRunner.runLeaf(ParentRunner.java:325)
	at org.junit.runners.BlockJUnit4ClassRunner.runChild(BlockJUnit4ClassRunner.java:78)
	at org.junit.runners.BlockJUnit4ClassRunner.runChild(BlockJUnit4ClassRunner.java:57)
	at org.junit.runners.ParentRunner$3.run(ParentRunner.java:290)
	at org.junit.runners.ParentRunner$1.schedule(ParentRunner.java:71)
	at org.junit.runners.ParentRunner.runChildren(ParentRunner.java:288)
	at org.junit.runners.ParentRunner.access$000(ParentRunner.java:58)
	at org.junit.runners.ParentRunner$2.evaluate(ParentRunner.java:268)
	at org.junit.runners.ParentRunner.run(ParentRunner.java:363)
	at org.eclipse.jdt.internal.junit4.runner.JUnit4TestReference.run(JUnit4TestReference.java:89)
	at org.eclipse.jdt.internal.junit.runner.TestExecution.run(TestExecution.java:41)
	at org.eclipse.jdt.internal.junit.runner.RemoteTestRunner.runTests(RemoteTestRunner.java:541)
	at org.eclipse.jdt.internal.junit.runner.RemoteTestRunner.runTests(RemoteTestRunner.java:763)
	at org.eclipse.jdt.internal.junit.runner.RemoteTestRunner.run(RemoteTestRunner.java:463)
	at org.eclipse.jdt.internal.junit.runner.RemoteTestRunner.main(RemoteTestRunner.java:209)
[TEST] 2020-07-14 21:01:41 [ERROR] [main] http.HttpResponse <init> : Response Create Fail
java.lang.NullPointerException: null
	at http.HttpResponse.<init>(HttpResponse.java:31)
	at http.TestHttpResponse.<init>(TestHttpResponse.java:12)
	at was.TestWAS.parserHeaderEachOther(TestWAS.java:24)
	at java.base/jdk.internal.reflect.NativeMethodAccessorImpl.invoke0(Native Method)
	at java.base/jdk.internal.reflect.NativeMethodAccessorImpl.invoke(NativeMethodAccessorImpl.java:62)
	at java.base/jdk.internal.reflect.DelegatingMethodAccessorImpl.invoke(DelegatingMethodAccessorImpl.java:43)
	at java.base/java.lang.reflect.Method.invoke(Method.java:564)
	at org.junit.runners.model.FrameworkMethod$1.runReflectiveCall(FrameworkMethod.java:50)
	at org.junit.internal.runners.model.ReflectiveCallable.run(ReflectiveCallable.java:12)
	at org.junit.runners.model.FrameworkMethod.invokeExplosively(FrameworkMethod.java:47)
	at org.junit.internal.runners.statements.InvokeMethod.evaluate(InvokeMethod.java:17)
	at org.junit.runners.ParentRunner.runLeaf(ParentRunner.java:325)
	at org.junit.runners.BlockJUnit4ClassRunner.runChild(BlockJUnit4ClassRunner.java:78)
	at org.junit.runners.BlockJUnit4ClassRunner.runChild(BlockJUnit4ClassRunner.java:57)
	at org.junit.runners.ParentRunner$3.run(ParentRunner.java:290)
	at org.junit.runners.ParentRunner$1.schedule(ParentRunner.java:71)
	at org.junit.runners.ParentRunner.runChildren(ParentRunner.java:288)
	at org.junit.runners.ParentRunner.access$000(ParentRunner.java:58)
	at org.junit.runners.ParentRunner$2.evaluate(ParentRunner.java:268)
	at org.junit.runners.ParentRunner.run(ParentRunner.java:363)
	at org.eclipse.jdt.internal.junit4.runner.JUnit4TestReference.run(JUnit4TestReference.java:89)
	at org.eclipse.jdt.internal.junit.runner.TestExecution.run(TestExecution.java:41)
	at org.eclipse.jdt.internal.junit.runner.RemoteTestRunner.runTests(RemoteTestRunner.java:541)
	at org.eclipse.jdt.internal.junit.runner.RemoteTestRunner.runTests(RemoteTestRunner.java:763)
	at org.eclipse.jdt.internal.junit.runner.RemoteTestRunner.run(RemoteTestRunner.java:463)
	at org.eclipse.jdt.internal.junit.runner.RemoteTestRunner.main(RemoteTestRunner.java:209)
[TEST] 2020-07-14 21:02:14 [ERROR] [main] http.HttpRequest <init> : Request Create Fail
java.lang.NullPointerException: null
	at http.HttpRequest.init(HttpRequest.java:42)
	at http.HttpRequest.<init>(HttpRequest.java:33)
	at http.TestHttpRequest.<init>(TestHttpRequest.java:7)
	at was.TestWAS.parserHeaderEachOther(TestWAS.java:16)
	at java.base/jdk.internal.reflect.NativeMethodAccessorImpl.invoke0(Native Method)
	at java.base/jdk.internal.reflect.NativeMethodAccessorImpl.invoke(NativeMethodAccessorImpl.java:62)
	at java.base/jdk.internal.reflect.DelegatingMethodAccessorImpl.invoke(DelegatingMethodAccessorImpl.java:43)
	at java.base/java.lang.reflect.Method.invoke(Method.java:564)
	at org.junit.runners.model.FrameworkMethod$1.runReflectiveCall(FrameworkMethod.java:50)
	at org.junit.internal.runners.model.ReflectiveCallable.run(ReflectiveCallable.java:12)
	at org.junit.runners.model.FrameworkMethod.invokeExplosively(FrameworkMethod.java:47)
	at org.junit.internal.runners.statements.InvokeMethod.evaluate(InvokeMethod.java:17)
	at org.junit.runners.ParentRunner.runLeaf(ParentRunner.java:325)
	at org.junit.runners.BlockJUnit4ClassRunner.runChild(BlockJUnit4ClassRunner.java:78)
	at org.junit.runners.BlockJUnit4ClassRunner.runChild(BlockJUnit4ClassRunner.java:57)
	at org.junit.runners.ParentRunner$3.run(ParentRunner.java:290)
	at org.junit.runners.ParentRunner$1.schedule(ParentRunner.java:71)
	at org.junit.runners.ParentRunner.runChildren(ParentRunner.java:288)
	at org.junit.runners.ParentRunner.access$000(ParentRunner.java:58)
	at org.junit.runners.ParentRunner$2.evaluate(ParentRunner.java:268)
	at org.junit.runners.ParentRunner.run(ParentRunner.java:363)
	at org.eclipse.jdt.internal.junit4.runner.JUnit4TestReference.run(JUnit4TestReference.java:89)
	at org.eclipse.jdt.internal.junit.runner.TestExecution.run(TestExecution.java:41)
	at org.eclipse.jdt.internal.junit.runner.RemoteTestRunner.runTests(RemoteTestRunner.java:541)
	at org.eclipse.jdt.internal.junit.runner.RemoteTestRunner.runTests(RemoteTestRunner.java:763)
	at org.eclipse.jdt.internal.junit.runner.RemoteTestRunner.run(RemoteTestRunner.java:463)
	at org.eclipse.jdt.internal.junit.runner.RemoteTestRunner.main(RemoteTestRunner.java:209)
[TEST] 2020-07-14 21:02:59 [ERROR] [main] http.HttpResponse <init> : Response Create Fail
java.lang.NullPointerException: null
	at http.HttpResponse.<init>(HttpResponse.java:31)
	at http.TestHttpResponse.<init>(TestHttpResponse.java:12)
	at was.TestWAS.parserHeaderEachOther(TestWAS.java:18)
	at java.base/jdk.internal.reflect.NativeMethodAccessorImpl.invoke0(Native Method)
	at java.base/jdk.internal.reflect.NativeMethodAccessorImpl.invoke(NativeMethodAccessorImpl.java:62)
	at java.base/jdk.internal.reflect.DelegatingMethodAccessorImpl.invoke(DelegatingMethodAccessorImpl.java:43)
	at java.base/java.lang.reflect.Method.invoke(Method.java:564)
	at org.junit.runners.model.FrameworkMethod$1.runReflectiveCall(FrameworkMethod.java:50)
	at org.junit.internal.runners.model.ReflectiveCallable.run(ReflectiveCallable.java:12)
	at org.junit.runners.model.FrameworkMethod.invokeExplosively(FrameworkMethod.java:47)
	at org.junit.internal.runners.statements.InvokeMethod.evaluate(InvokeMethod.java:17)
	at org.junit.runners.ParentRunner.runLeaf(ParentRunner.java:325)
	at org.junit.runners.BlockJUnit4ClassRunner.runChild(BlockJUnit4ClassRunner.java:78)
	at org.junit.runners.BlockJUnit4ClassRunner.runChild(BlockJUnit4ClassRunner.java:57)
	at org.junit.runners.ParentRunner$3.run(ParentRunner.java:290)
	at org.junit.runners.ParentRunner$1.schedule(ParentRunner.java:71)
	at org.junit.runners.ParentRunner.runChildren(ParentRunner.java:288)
	at org.junit.runners.ParentRunner.access$000(ParentRunner.java:58)
	at org.junit.runners.ParentRunner$2.evaluate(ParentRunner.java:268)
	at org.junit.runners.ParentRunner.run(ParentRunner.java:363)
	at org.eclipse.jdt.internal.junit4.runner.JUnit4TestReference.run(JUnit4TestReference.java:89)
	at org.eclipse.jdt.internal.junit.runner.TestExecution.run(TestExecution.java:41)
	at org.eclipse.jdt.internal.junit.runner.RemoteTestRunner.runTests(RemoteTestRunner.java:541)
	at org.eclipse.jdt.internal.junit.runner.RemoteTestRunner.runTests(RemoteTestRunner.java:763)
	at org.eclipse.jdt.internal.junit.runner.RemoteTestRunner.run(RemoteTestRunner.java:463)
	at org.eclipse.jdt.internal.junit.runner.RemoteTestRunner.main(RemoteTestRunner.java:209)
[TEST] 2020-07-14 21:03:07 [INFO ] [main] config.ServerConfig <init> : ServerConfig [port=80, rootDirNm=view, httpRoot={localhost=HostConfig [host=localhost, subDirNm=TypeA, errorViewMapped={403=A_403.html, 404=A_404.html, 500=A_500.html}], 127.0.0.1=HostConfig [host=127.0.0.1, subDirNm=TypeB, errorViewMapped={403=B_403.html, 404=B_404.html, 500=B_500.html}]}]
[TEST] 2020-07-14 21:03:07 [INFO ] [main] config.ServerConfig <init> : Complete
[TEST] 2020-07-14 21:03:19 [ERROR] [main] http.HttpRequest <init> : Request Create Fail
java.lang.NullPointerException: null
	at http.HttpRequest.init(HttpRequest.java:42)
	at http.HttpRequest.<init>(HttpRequest.java:33)
	at http.TestHttpRequest.<init>(TestHttpRequest.java:7)
	at was.TestWAS.parserHeaderEachOther(TestWAS.java:22)
	at java.base/jdk.internal.reflect.NativeMethodAccessorImpl.invoke0(Native Method)
	at java.base/jdk.internal.reflect.NativeMethodAccessorImpl.invoke(NativeMethodAccessorImpl.java:62)
	at java.base/jdk.internal.reflect.DelegatingMethodAccessorImpl.invoke(DelegatingMethodAccessorImpl.java:43)
	at java.base/java.lang.reflect.Method.invoke(Method.java:564)
	at org.junit.runners.model.FrameworkMethod$1.runReflectiveCall(FrameworkMethod.java:50)
	at org.junit.internal.runners.model.ReflectiveCallable.run(ReflectiveCallable.java:12)
	at org.junit.runners.model.FrameworkMethod.invokeExplosively(FrameworkMethod.java:47)
	at org.junit.internal.runners.statements.InvokeMethod.evaluate(InvokeMethod.java:17)
	at org.junit.runners.ParentRunner.runLeaf(ParentRunner.java:325)
	at org.junit.runners.BlockJUnit4ClassRunner.runChild(BlockJUnit4ClassRunner.java:78)
	at org.junit.runners.BlockJUnit4ClassRunner.runChild(BlockJUnit4ClassRunner.java:57)
	at org.junit.runners.ParentRunner$3.run(ParentRunner.java:290)
	at org.junit.runners.ParentRunner$1.schedule(ParentRunner.java:71)
	at org.junit.runners.ParentRunner.runChildren(ParentRunner.java:288)
	at org.junit.runners.ParentRunner.access$000(ParentRunner.java:58)
	at org.junit.runners.ParentRunner$2.evaluate(ParentRunner.java:268)
	at org.junit.runners.ParentRunner.run(ParentRunner.java:363)
	at org.eclipse.jdt.internal.junit4.runner.JUnit4TestReference.run(JUnit4TestReference.java:89)
	at org.eclipse.jdt.internal.junit.runner.TestExecution.run(TestExecution.java:41)
	at org.eclipse.jdt.internal.junit.runner.RemoteTestRunner.runTests(RemoteTestRunner.java:541)
	at org.eclipse.jdt.internal.junit.runner.RemoteTestRunner.runTests(RemoteTestRunner.java:763)
	at org.eclipse.jdt.internal.junit.runner.RemoteTestRunner.run(RemoteTestRunner.java:463)
	at org.eclipse.jdt.internal.junit.runner.RemoteTestRunner.main(RemoteTestRunner.java:209)
[TEST] 2020-07-14 21:08:17 [ERROR] [main] http.HttpRequest <init> : Request Create Fail
java.lang.NullPointerException: null
	at http.HttpRequest.init(HttpRequest.java:42)
	at http.HttpRequest.<init>(HttpRequest.java:33)
	at http.TestHttpRequest.<init>(TestHttpRequest.java:7)
	at was.TestWAS.parserHeaderEachOther(TestWAS.java:16)
	at java.base/jdk.internal.reflect.NativeMethodAccessorImpl.invoke0(Native Method)
	at java.base/jdk.internal.reflect.NativeMethodAccessorImpl.invoke(NativeMethodAccessorImpl.java:62)
	at java.base/jdk.internal.reflect.DelegatingMethodAccessorImpl.invoke(DelegatingMethodAccessorImpl.java:43)
	at java.base/java.lang.reflect.Method.invoke(Method.java:564)
	at org.junit.runners.model.FrameworkMethod$1.runReflectiveCall(FrameworkMethod.java:50)
	at org.junit.internal.runners.model.ReflectiveCallable.run(ReflectiveCallable.java:12)
	at org.junit.runners.model.FrameworkMethod.invokeExplosively(FrameworkMethod.java:47)
	at org.junit.internal.runners.statements.InvokeMethod.evaluate(InvokeMethod.java:17)
	at org.junit.runners.ParentRunner.runLeaf(ParentRunner.java:325)
	at org.junit.runners.BlockJUnit4ClassRunner.runChild(BlockJUnit4ClassRunner.java:78)
	at org.junit.runners.BlockJUnit4ClassRunner.runChild(BlockJUnit4ClassRunner.java:57)
	at org.junit.runners.ParentRunner$3.run(ParentRunner.java:290)
	at org.junit.runners.ParentRunner$1.schedule(ParentRunner.java:71)
	at org.junit.runners.ParentRunner.runChildren(ParentRunner.java:288)
	at org.junit.runners.ParentRunner.access$000(ParentRunner.java:58)
	at org.junit.runners.ParentRunner$2.evaluate(ParentRunner.java:268)
	at org.junit.runners.ParentRunner.run(ParentRunner.java:363)
	at org.eclipse.jdt.internal.junit4.runner.JUnit4TestReference.run(JUnit4TestReference.java:89)
	at org.eclipse.jdt.internal.junit.runner.TestExecution.run(TestExecution.java:41)
	at org.eclipse.jdt.internal.junit.runner.RemoteTestRunner.runTests(RemoteTestRunner.java:541)
	at org.eclipse.jdt.internal.junit.runner.RemoteTestRunner.runTests(RemoteTestRunner.java:763)
	at org.eclipse.jdt.internal.junit.runner.RemoteTestRunner.run(RemoteTestRunner.java:463)
	at org.eclipse.jdt.internal.junit.runner.RemoteTestRunner.main(RemoteTestRunner.java:209)
[TEST] 2020-07-14 21:08:17 [ERROR] [main] http.HttpResponse <init> : Response Create Fail
java.lang.NullPointerException: null
	at http.HttpResponse.<init>(HttpResponse.java:31)
	at http.TestHttpResponse.<init>(TestHttpResponse.java:12)
	at was.TestWAS.parserHeaderEachOther(TestWAS.java:18)
	at java.base/jdk.internal.reflect.NativeMethodAccessorImpl.invoke0(Native Method)
	at java.base/jdk.internal.reflect.NativeMethodAccessorImpl.invoke(NativeMethodAccessorImpl.java:62)
	at java.base/jdk.internal.reflect.DelegatingMethodAccessorImpl.invoke(DelegatingMethodAccessorImpl.java:43)
	at java.base/java.lang.reflect.Method.invoke(Method.java:564)
	at org.junit.runners.model.FrameworkMethod$1.runReflectiveCall(FrameworkMethod.java:50)
	at org.junit.internal.runners.model.ReflectiveCallable.run(ReflectiveCallable.java:12)
	at org.junit.runners.model.FrameworkMethod.invokeExplosively(FrameworkMethod.java:47)
	at org.junit.internal.runners.statements.InvokeMethod.evaluate(InvokeMethod.java:17)
	at org.junit.runners.ParentRunner.runLeaf(ParentRunner.java:325)
	at org.junit.runners.BlockJUnit4ClassRunner.runChild(BlockJUnit4ClassRunner.java:78)
	at org.junit.runners.BlockJUnit4ClassRunner.runChild(BlockJUnit4ClassRunner.java:57)
	at org.junit.runners.ParentRunner$3.run(ParentRunner.java:290)
	at org.junit.runners.ParentRunner$1.schedule(ParentRunner.java:71)
	at org.junit.runners.ParentRunner.runChildren(ParentRunner.java:288)
	at org.junit.runners.ParentRunner.access$000(ParentRunner.java:58)
	at org.junit.runners.ParentRunner$2.evaluate(ParentRunner.java:268)
	at org.junit.runners.ParentRunner.run(ParentRunner.java:363)
	at org.eclipse.jdt.internal.junit4.runner.JUnit4TestReference.run(JUnit4TestReference.java:89)
	at org.eclipse.jdt.internal.junit.runner.TestExecution.run(TestExecution.java:41)
	at org.eclipse.jdt.internal.junit.runner.RemoteTestRunner.runTests(RemoteTestRunner.java:541)
	at org.eclipse.jdt.internal.junit.runner.RemoteTestRunner.runTests(RemoteTestRunner.java:763)
	at org.eclipse.jdt.internal.junit.runner.RemoteTestRunner.run(RemoteTestRunner.java:463)
	at org.eclipse.jdt.internal.junit.runner.RemoteTestRunner.main(RemoteTestRunner.java:209)
[TEST] 2020-07-14 21:08:17 [INFO ] [main] config.ServerConfig <init> : ServerConfig [port=80, rootDirNm=view, httpRoot={localhost=HostConfig [host=localhost, subDirNm=TypeA, errorViewMapped={403=A_403.html, 404=A_404.html, 500=A_500.html}], 127.0.0.1=HostConfig [host=127.0.0.1, subDirNm=TypeB, errorViewMapped={403=B_403.html, 404=B_404.html, 500=B_500.html}]}]
[TEST] 2020-07-14 21:08:17 [INFO ] [main] config.ServerConfig <init> : Complete
[TEST] 2020-07-14 21:08:51 [ERROR] [main] http.HttpRequest <init> : Request Create Fail
java.lang.NullPointerException: null
	at http.HttpRequest.init(HttpRequest.java:42)
	at http.HttpRequest.<init>(HttpRequest.java:33)
	at http.TestHttpRequest.<init>(TestHttpRequest.java:7)
	at was.TestWAS.parserHeaderEachOther(TestWAS.java:16)
	at java.base/jdk.internal.reflect.NativeMethodAccessorImpl.invoke0(Native Method)
	at java.base/jdk.internal.reflect.NativeMethodAccessorImpl.invoke(NativeMethodAccessorImpl.java:62)
	at java.base/jdk.internal.reflect.DelegatingMethodAccessorImpl.invoke(DelegatingMethodAccessorImpl.java:43)
	at java.base/java.lang.reflect.Method.invoke(Method.java:564)
	at org.junit.runners.model.FrameworkMethod$1.runReflectiveCall(FrameworkMethod.java:50)
	at org.junit.internal.runners.model.ReflectiveCallable.run(ReflectiveCallable.java:12)
	at org.junit.runners.model.FrameworkMethod.invokeExplosively(FrameworkMethod.java:47)
	at org.junit.internal.runners.statements.InvokeMethod.evaluate(InvokeMethod.java:17)
	at org.junit.runners.ParentRunner.runLeaf(ParentRunner.java:325)
	at org.junit.runners.BlockJUnit4ClassRunner.runChild(BlockJUnit4ClassRunner.java:78)
	at org.junit.runners.BlockJUnit4ClassRunner.runChild(BlockJUnit4ClassRunner.java:57)
	at org.junit.runners.ParentRunner$3.run(ParentRunner.java:290)
	at org.junit.runners.ParentRunner$1.schedule(ParentRunner.java:71)
	at org.junit.runners.ParentRunner.runChildren(ParentRunner.java:288)
	at org.junit.runners.ParentRunner.access$000(ParentRunner.java:58)
	at org.junit.runners.ParentRunner$2.evaluate(ParentRunner.java:268)
	at org.junit.runners.ParentRunner.run(ParentRunner.java:363)
	at org.eclipse.jdt.internal.junit4.runner.JUnit4TestReference.run(JUnit4TestReference.java:89)
	at org.eclipse.jdt.internal.junit.runner.TestExecution.run(TestExecution.java:41)
	at org.eclipse.jdt.internal.junit.runner.RemoteTestRunner.runTests(RemoteTestRunner.java:541)
	at org.eclipse.jdt.internal.junit.runner.RemoteTestRunner.runTests(RemoteTestRunner.java:763)
	at org.eclipse.jdt.internal.junit.runner.RemoteTestRunner.run(RemoteTestRunner.java:463)
	at org.eclipse.jdt.internal.junit.runner.RemoteTestRunner.main(RemoteTestRunner.java:209)
[TEST] 2020-07-14 21:08:54 [ERROR] [main] http.HttpResponse <init> : Response Create Fail
java.lang.NullPointerException: null
	at http.HttpResponse.<init>(HttpResponse.java:31)
	at http.TestHttpResponse.<init>(TestHttpResponse.java:12)
	at was.TestWAS.parserHeaderEachOther(TestWAS.java:18)
	at java.base/jdk.internal.reflect.NativeMethodAccessorImpl.invoke0(Native Method)
	at java.base/jdk.internal.reflect.NativeMethodAccessorImpl.invoke(NativeMethodAccessorImpl.java:62)
	at java.base/jdk.internal.reflect.DelegatingMethodAccessorImpl.invoke(DelegatingMethodAccessorImpl.java:43)
	at java.base/java.lang.reflect.Method.invoke(Method.java:564)
	at org.junit.runners.model.FrameworkMethod$1.runReflectiveCall(FrameworkMethod.java:50)
	at org.junit.internal.runners.model.ReflectiveCallable.run(ReflectiveCallable.java:12)
	at org.junit.runners.model.FrameworkMethod.invokeExplosively(FrameworkMethod.java:47)
	at org.junit.internal.runners.statements.InvokeMethod.evaluate(InvokeMethod.java:17)
	at org.junit.runners.ParentRunner.runLeaf(ParentRunner.java:325)
	at org.junit.runners.BlockJUnit4ClassRunner.runChild(BlockJUnit4ClassRunner.java:78)
	at org.junit.runners.BlockJUnit4ClassRunner.runChild(BlockJUnit4ClassRunner.java:57)
	at org.junit.runners.ParentRunner$3.run(ParentRunner.java:290)
	at org.junit.runners.ParentRunner$1.schedule(ParentRunner.java:71)
	at org.junit.runners.ParentRunner.runChildren(ParentRunner.java:288)
	at org.junit.runners.ParentRunner.access$000(ParentRunner.java:58)
	at org.junit.runners.ParentRunner$2.evaluate(ParentRunner.java:268)
	at org.junit.runners.ParentRunner.run(ParentRunner.java:363)
	at org.eclipse.jdt.internal.junit4.runner.JUnit4TestReference.run(JUnit4TestReference.java:89)
	at org.eclipse.jdt.internal.junit.runner.TestExecution.run(TestExecution.java:41)
	at org.eclipse.jdt.internal.junit.runner.RemoteTestRunner.runTests(RemoteTestRunner.java:541)
	at org.eclipse.jdt.internal.junit.runner.RemoteTestRunner.runTests(RemoteTestRunner.java:763)
	at org.eclipse.jdt.internal.junit.runner.RemoteTestRunner.run(RemoteTestRunner.java:463)
	at org.eclipse.jdt.internal.junit.runner.RemoteTestRunner.main(RemoteTestRunner.java:209)
[TEST] 2020-07-14 21:09:00 [INFO ] [main] config.ServerConfig <init> : ServerConfig [port=80, rootDirNm=view, httpRoot={localhost=HostConfig [host=localhost, subDirNm=TypeA, errorViewMapped={403=A_403.html, 404=A_404.html, 500=A_500.html}], 127.0.0.1=HostConfig [host=127.0.0.1, subDirNm=TypeB, errorViewMapped={403=B_403.html, 404=B_404.html, 500=B_500.html}]}]
[TEST] 2020-07-14 21:09:01 [INFO ] [main] config.ServerConfig <init> : Complete
[TEST] 2020-07-14 21:10:03 [ERROR] [main] http.HttpRequest <init> : Request Create Fail
java.lang.NullPointerException: null
	at http.HttpRequest.init(HttpRequest.java:42)
	at http.HttpRequest.<init>(HttpRequest.java:33)
	at http.TestHttpRequest.<init>(TestHttpRequest.java:7)
	at was.TestWAS.parserHeaderEachOther(TestWAS.java:16)
	at java.base/jdk.internal.reflect.NativeMethodAccessorImpl.invoke0(Native Method)
	at java.base/jdk.internal.reflect.NativeMethodAccessorImpl.invoke(NativeMethodAccessorImpl.java:62)
	at java.base/jdk.internal.reflect.DelegatingMethodAccessorImpl.invoke(DelegatingMethodAccessorImpl.java:43)
	at java.base/java.lang.reflect.Method.invoke(Method.java:564)
	at org.junit.runners.model.FrameworkMethod$1.runReflectiveCall(FrameworkMethod.java:50)
	at org.junit.internal.runners.model.ReflectiveCallable.run(ReflectiveCallable.java:12)
	at org.junit.runners.model.FrameworkMethod.invokeExplosively(FrameworkMethod.java:47)
	at org.junit.internal.runners.statements.InvokeMethod.evaluate(InvokeMethod.java:17)
	at org.junit.runners.ParentRunner.runLeaf(ParentRunner.java:325)
	at org.junit.runners.BlockJUnit4ClassRunner.runChild(BlockJUnit4ClassRunner.java:78)
	at org.junit.runners.BlockJUnit4ClassRunner.runChild(BlockJUnit4ClassRunner.java:57)
	at org.junit.runners.ParentRunner$3.run(ParentRunner.java:290)
	at org.junit.runners.ParentRunner$1.schedule(ParentRunner.java:71)
	at org.junit.runners.ParentRunner.runChildren(ParentRunner.java:288)
	at org.junit.runners.ParentRunner.access$000(ParentRunner.java:58)
	at org.junit.runners.ParentRunner$2.evaluate(ParentRunner.java:268)
	at org.junit.runners.ParentRunner.run(ParentRunner.java:363)
	at org.eclipse.jdt.internal.junit4.runner.JUnit4TestReference.run(JUnit4TestReference.java:89)
	at org.eclipse.jdt.internal.junit.runner.TestExecution.run(TestExecution.java:41)
	at org.eclipse.jdt.internal.junit.runner.RemoteTestRunner.runTests(RemoteTestRunner.java:541)
	at org.eclipse.jdt.internal.junit.runner.RemoteTestRunner.runTests(RemoteTestRunner.java:763)
	at org.eclipse.jdt.internal.junit.runner.RemoteTestRunner.run(RemoteTestRunner.java:463)
	at org.eclipse.jdt.internal.junit.runner.RemoteTestRunner.main(RemoteTestRunner.java:209)
[TEST] 2020-07-14 21:10:03 [ERROR] [main] http.HttpResponse <init> : Response Create Fail
java.lang.NullPointerException: null
	at http.HttpResponse.<init>(HttpResponse.java:31)
	at http.TestHttpResponse.<init>(TestHttpResponse.java:12)
	at was.TestWAS.parserHeaderEachOther(TestWAS.java:18)
	at java.base/jdk.internal.reflect.NativeMethodAccessorImpl.invoke0(Native Method)
	at java.base/jdk.internal.reflect.NativeMethodAccessorImpl.invoke(NativeMethodAccessorImpl.java:62)
	at java.base/jdk.internal.reflect.DelegatingMethodAccessorImpl.invoke(DelegatingMethodAccessorImpl.java:43)
	at java.base/java.lang.reflect.Method.invoke(Method.java:564)
	at org.junit.runners.model.FrameworkMethod$1.runReflectiveCall(FrameworkMethod.java:50)
	at org.junit.internal.runners.model.ReflectiveCallable.run(ReflectiveCallable.java:12)
	at org.junit.runners.model.FrameworkMethod.invokeExplosively(FrameworkMethod.java:47)
	at org.junit.internal.runners.statements.InvokeMethod.evaluate(InvokeMethod.java:17)
	at org.junit.runners.ParentRunner.runLeaf(ParentRunner.java:325)
	at org.junit.runners.BlockJUnit4ClassRunner.runChild(BlockJUnit4ClassRunner.java:78)
	at org.junit.runners.BlockJUnit4ClassRunner.runChild(BlockJUnit4ClassRunner.java:57)
	at org.junit.runners.ParentRunner$3.run(ParentRunner.java:290)
	at org.junit.runners.ParentRunner$1.schedule(ParentRunner.java:71)
	at org.junit.runners.ParentRunner.runChildren(ParentRunner.java:288)
	at org.junit.runners.ParentRunner.access$000(ParentRunner.java:58)
	at org.junit.runners.ParentRunner$2.evaluate(ParentRunner.java:268)
	at org.junit.runners.ParentRunner.run(ParentRunner.java:363)
	at org.eclipse.jdt.internal.junit4.runner.JUnit4TestReference.run(JUnit4TestReference.java:89)
	at org.eclipse.jdt.internal.junit.runner.TestExecution.run(TestExecution.java:41)
	at org.eclipse.jdt.internal.junit.runner.RemoteTestRunner.runTests(RemoteTestRunner.java:541)
	at org.eclipse.jdt.internal.junit.runner.RemoteTestRunner.runTests(RemoteTestRunner.java:763)
	at org.eclipse.jdt.internal.junit.runner.RemoteTestRunner.run(RemoteTestRunner.java:463)
	at org.eclipse.jdt.internal.junit.runner.RemoteTestRunner.main(RemoteTestRunner.java:209)
[TEST] 2020-07-14 21:10:03 [INFO ] [main] config.ServerConfig <init> : ServerConfig [port=80, rootDirNm=view, httpRoot={localhost=HostConfig [host=localhost, subDirNm=TypeA, errorViewMapped={403=A_403.html, 404=A_404.html, 500=A_500.html}], 127.0.0.1=HostConfig [host=127.0.0.1, subDirNm=TypeB, errorViewMapped={403=B_403.html, 404=B_404.html, 500=B_500.html}]}]
[TEST] 2020-07-14 21:10:03 [INFO ] [main] config.ServerConfig <init> : Complete
[TEST] 2020-07-14 21:10:10 [ERROR] [main] http.HttpRequest <init> : Request Create Fail
java.lang.NullPointerException: null
	at http.HttpRequest.init(HttpRequest.java:42)
	at http.HttpRequest.<init>(HttpRequest.java:33)
	at http.TestHttpRequest.<init>(TestHttpRequest.java:7)
	at was.TestWAS.parserHeaderEachOther(TestWAS.java:16)
	at java.base/jdk.internal.reflect.NativeMethodAccessorImpl.invoke0(Native Method)
	at java.base/jdk.internal.reflect.NativeMethodAccessorImpl.invoke(NativeMethodAccessorImpl.java:62)
	at java.base/jdk.internal.reflect.DelegatingMethodAccessorImpl.invoke(DelegatingMethodAccessorImpl.java:43)
	at java.base/java.lang.reflect.Method.invoke(Method.java:564)
	at org.junit.runners.model.FrameworkMethod$1.runReflectiveCall(FrameworkMethod.java:50)
	at org.junit.internal.runners.model.ReflectiveCallable.run(ReflectiveCallable.java:12)
	at org.junit.runners.model.FrameworkMethod.invokeExplosively(FrameworkMethod.java:47)
	at org.junit.internal.runners.statements.InvokeMethod.evaluate(InvokeMethod.java:17)
	at org.junit.runners.ParentRunner.runLeaf(ParentRunner.java:325)
	at org.junit.runners.BlockJUnit4ClassRunner.runChild(BlockJUnit4ClassRunner.java:78)
	at org.junit.runners.BlockJUnit4ClassRunner.runChild(BlockJUnit4ClassRunner.java:57)
	at org.junit.runners.ParentRunner$3.run(ParentRunner.java:290)
	at org.junit.runners.ParentRunner$1.schedule(ParentRunner.java:71)
	at org.junit.runners.ParentRunner.runChildren(ParentRunner.java:288)
	at org.junit.runners.ParentRunner.access$000(ParentRunner.java:58)
	at org.junit.runners.ParentRunner$2.evaluate(ParentRunner.java:268)
	at org.junit.runners.ParentRunner.run(ParentRunner.java:363)
	at org.eclipse.jdt.internal.junit4.runner.JUnit4TestReference.run(JUnit4TestReference.java:89)
	at org.eclipse.jdt.internal.junit.runner.TestExecution.run(TestExecution.java:41)
	at org.eclipse.jdt.internal.junit.runner.RemoteTestRunner.runTests(RemoteTestRunner.java:541)
	at org.eclipse.jdt.internal.junit.runner.RemoteTestRunner.runTests(RemoteTestRunner.java:763)
	at org.eclipse.jdt.internal.junit.runner.RemoteTestRunner.run(RemoteTestRunner.java:463)
	at org.eclipse.jdt.internal.junit.runner.RemoteTestRunner.main(RemoteTestRunner.java:209)
[TEST] 2020-07-14 21:10:10 [ERROR] [main] http.HttpResponse <init> : Response Create Fail
java.lang.NullPointerException: null
	at http.HttpResponse.<init>(HttpResponse.java:31)
	at http.TestHttpResponse.<init>(TestHttpResponse.java:12)
	at was.TestWAS.parserHeaderEachOther(TestWAS.java:18)
	at java.base/jdk.internal.reflect.NativeMethodAccessorImpl.invoke0(Native Method)
	at java.base/jdk.internal.reflect.NativeMethodAccessorImpl.invoke(NativeMethodAccessorImpl.java:62)
	at java.base/jdk.internal.reflect.DelegatingMethodAccessorImpl.invoke(DelegatingMethodAccessorImpl.java:43)
	at java.base/java.lang.reflect.Method.invoke(Method.java:564)
	at org.junit.runners.model.FrameworkMethod$1.runReflectiveCall(FrameworkMethod.java:50)
	at org.junit.internal.runners.model.ReflectiveCallable.run(ReflectiveCallable.java:12)
	at org.junit.runners.model.FrameworkMethod.invokeExplosively(FrameworkMethod.java:47)
	at org.junit.internal.runners.statements.InvokeMethod.evaluate(InvokeMethod.java:17)
	at org.junit.runners.ParentRunner.runLeaf(ParentRunner.java:325)
	at org.junit.runners.BlockJUnit4ClassRunner.runChild(BlockJUnit4ClassRunner.java:78)
	at org.junit.runners.BlockJUnit4ClassRunner.runChild(BlockJUnit4ClassRunner.java:57)
	at org.junit.runners.ParentRunner$3.run(ParentRunner.java:290)
	at org.junit.runners.ParentRunner$1.schedule(ParentRunner.java:71)
	at org.junit.runners.ParentRunner.runChildren(ParentRunner.java:288)
	at org.junit.runners.ParentRunner.access$000(ParentRunner.java:58)
	at org.junit.runners.ParentRunner$2.evaluate(ParentRunner.java:268)
	at org.junit.runners.ParentRunner.run(ParentRunner.java:363)
	at org.eclipse.jdt.internal.junit4.runner.JUnit4TestReference.run(JUnit4TestReference.java:89)
	at org.eclipse.jdt.internal.junit.runner.TestExecution.run(TestExecution.java:41)
	at org.eclipse.jdt.internal.junit.runner.RemoteTestRunner.runTests(RemoteTestRunner.java:541)
	at org.eclipse.jdt.internal.junit.runner.RemoteTestRunner.runTests(RemoteTestRunner.java:763)
	at org.eclipse.jdt.internal.junit.runner.RemoteTestRunner.run(RemoteTestRunner.java:463)
	at org.eclipse.jdt.internal.junit.runner.RemoteTestRunner.main(RemoteTestRunner.java:209)
[TEST] 2020-07-14 21:10:10 [INFO ] [main] config.ServerConfig <init> : ServerConfig [port=80, rootDirNm=view, httpRoot={localhost=HostConfig [host=localhost, subDirNm=TypeA, errorViewMapped={403=A_403.html, 404=A_404.html, 500=A_500.html}], 127.0.0.1=HostConfig [host=127.0.0.1, subDirNm=TypeB, errorViewMapped={403=B_403.html, 404=B_404.html, 500=B_500.html}]}]
[TEST] 2020-07-14 21:10:10 [INFO ] [main] config.ServerConfig <init> : Complete
[TEST] 2020-07-14 21:10:26 [ERROR] [main] http.HttpRequest <init> : Request Create Fail
java.lang.NullPointerException: null
	at http.HttpRequest.init(HttpRequest.java:42)
	at http.HttpRequest.<init>(HttpRequest.java:33)
	at http.TestHttpRequest.<init>(TestHttpRequest.java:7)
	at was.TestWAS.parserHeaderEachOther(TestWAS.java:16)
	at java.base/jdk.internal.reflect.NativeMethodAccessorImpl.invoke0(Native Method)
	at java.base/jdk.internal.reflect.NativeMethodAccessorImpl.invoke(NativeMethodAccessorImpl.java:62)
	at java.base/jdk.internal.reflect.DelegatingMethodAccessorImpl.invoke(DelegatingMethodAccessorImpl.java:43)
	at java.base/java.lang.reflect.Method.invoke(Method.java:564)
	at org.junit.runners.model.FrameworkMethod$1.runReflectiveCall(FrameworkMethod.java:50)
	at org.junit.internal.runners.model.ReflectiveCallable.run(ReflectiveCallable.java:12)
	at org.junit.runners.model.FrameworkMethod.invokeExplosively(FrameworkMethod.java:47)
	at org.junit.internal.runners.statements.InvokeMethod.evaluate(InvokeMethod.java:17)
	at org.junit.runners.ParentRunner.runLeaf(ParentRunner.java:325)
	at org.junit.runners.BlockJUnit4ClassRunner.runChild(BlockJUnit4ClassRunner.java:78)
	at org.junit.runners.BlockJUnit4ClassRunner.runChild(BlockJUnit4ClassRunner.java:57)
	at org.junit.runners.ParentRunner$3.run(ParentRunner.java:290)
	at org.junit.runners.ParentRunner$1.schedule(ParentRunner.java:71)
	at org.junit.runners.ParentRunner.runChildren(ParentRunner.java:288)
	at org.junit.runners.ParentRunner.access$000(ParentRunner.java:58)
	at org.junit.runners.ParentRunner$2.evaluate(ParentRunner.java:268)
	at org.junit.runners.ParentRunner.run(ParentRunner.java:363)
	at org.eclipse.jdt.internal.junit4.runner.JUnit4TestReference.run(JUnit4TestReference.java:89)
	at org.eclipse.jdt.internal.junit.runner.TestExecution.run(TestExecution.java:41)
	at org.eclipse.jdt.internal.junit.runner.RemoteTestRunner.runTests(RemoteTestRunner.java:541)
	at org.eclipse.jdt.internal.junit.runner.RemoteTestRunner.runTests(RemoteTestRunner.java:763)
	at org.eclipse.jdt.internal.junit.runner.RemoteTestRunner.run(RemoteTestRunner.java:463)
	at org.eclipse.jdt.internal.junit.runner.RemoteTestRunner.main(RemoteTestRunner.java:209)
[TEST] 2020-07-14 21:10:26 [ERROR] [main] http.HttpResponse <init> : Response Create Fail
java.lang.NullPointerException: null
	at http.HttpResponse.<init>(HttpResponse.java:31)
	at http.TestHttpResponse.<init>(TestHttpResponse.java:12)
	at was.TestWAS.parserHeaderEachOther(TestWAS.java:18)
	at java.base/jdk.internal.reflect.NativeMethodAccessorImpl.invoke0(Native Method)
	at java.base/jdk.internal.reflect.NativeMethodAccessorImpl.invoke(NativeMethodAccessorImpl.java:62)
	at java.base/jdk.internal.reflect.DelegatingMethodAccessorImpl.invoke(DelegatingMethodAccessorImpl.java:43)
	at java.base/java.lang.reflect.Method.invoke(Method.java:564)
	at org.junit.runners.model.FrameworkMethod$1.runReflectiveCall(FrameworkMethod.java:50)
	at org.junit.internal.runners.model.ReflectiveCallable.run(ReflectiveCallable.java:12)
	at org.junit.runners.model.FrameworkMethod.invokeExplosively(FrameworkMethod.java:47)
	at org.junit.internal.runners.statements.InvokeMethod.evaluate(InvokeMethod.java:17)
	at org.junit.runners.ParentRunner.runLeaf(ParentRunner.java:325)
	at org.junit.runners.BlockJUnit4ClassRunner.runChild(BlockJUnit4ClassRunner.java:78)
	at org.junit.runners.BlockJUnit4ClassRunner.runChild(BlockJUnit4ClassRunner.java:57)
	at org.junit.runners.ParentRunner$3.run(ParentRunner.java:290)
	at org.junit.runners.ParentRunner$1.schedule(ParentRunner.java:71)
	at org.junit.runners.ParentRunner.runChildren(ParentRunner.java:288)
	at org.junit.runners.ParentRunner.access$000(ParentRunner.java:58)
	at org.junit.runners.ParentRunner$2.evaluate(ParentRunner.java:268)
	at org.junit.runners.ParentRunner.run(ParentRunner.java:363)
	at org.eclipse.jdt.internal.junit4.runner.JUnit4TestReference.run(JUnit4TestReference.java:89)
	at org.eclipse.jdt.internal.junit.runner.TestExecution.run(TestExecution.java:41)
	at org.eclipse.jdt.internal.junit.runner.RemoteTestRunner.runTests(RemoteTestRunner.java:541)
	at org.eclipse.jdt.internal.junit.runner.RemoteTestRunner.runTests(RemoteTestRunner.java:763)
	at org.eclipse.jdt.internal.junit.runner.RemoteTestRunner.run(RemoteTestRunner.java:463)
	at org.eclipse.jdt.internal.junit.runner.RemoteTestRunner.main(RemoteTestRunner.java:209)
[TEST] 2020-07-14 21:10:26 [INFO ] [main] config.ServerConfig <init> : ServerConfig [port=80, rootDirNm=view, httpRoot={localhost=HostConfig [host=localhost, subDirNm=TypeA, errorViewMapped={403=A_403.html, 404=A_404.html, 500=A_500.html}], 127.0.0.1=HostConfig [host=127.0.0.1, subDirNm=TypeB, errorViewMapped={403=B_403.html, 404=B_404.html, 500=B_500.html}]}]
[TEST] 2020-07-14 21:10:26 [INFO ] [main] config.ServerConfig <init> : Complete
[TEST] 2020-07-14 21:13:11 [ERROR] [main] http.HttpRequest <init> : Request Create Fail
java.lang.NullPointerException: null
	at http.HttpRequest.init(HttpRequest.java:42)
	at http.HttpRequest.<init>(HttpRequest.java:33)
	at http.TestHttpRequest.<init>(TestHttpRequest.java:7)
	at was.TestWAS.parserHeaderEachOther(TestWAS.java:16)
	at java.base/jdk.internal.reflect.NativeMethodAccessorImpl.invoke0(Native Method)
	at java.base/jdk.internal.reflect.NativeMethodAccessorImpl.invoke(NativeMethodAccessorImpl.java:62)
	at java.base/jdk.internal.reflect.DelegatingMethodAccessorImpl.invoke(DelegatingMethodAccessorImpl.java:43)
	at java.base/java.lang.reflect.Method.invoke(Method.java:564)
	at org.junit.runners.model.FrameworkMethod$1.runReflectiveCall(FrameworkMethod.java:50)
	at org.junit.internal.runners.model.ReflectiveCallable.run(ReflectiveCallable.java:12)
	at org.junit.runners.model.FrameworkMethod.invokeExplosively(FrameworkMethod.java:47)
	at org.junit.internal.runners.statements.InvokeMethod.evaluate(InvokeMethod.java:17)
	at org.junit.runners.ParentRunner.runLeaf(ParentRunner.java:325)
	at org.junit.runners.BlockJUnit4ClassRunner.runChild(BlockJUnit4ClassRunner.java:78)
	at org.junit.runners.BlockJUnit4ClassRunner.runChild(BlockJUnit4ClassRunner.java:57)
	at org.junit.runners.ParentRunner$3.run(ParentRunner.java:290)
	at org.junit.runners.ParentRunner$1.schedule(ParentRunner.java:71)
	at org.junit.runners.ParentRunner.runChildren(ParentRunner.java:288)
	at org.junit.runners.ParentRunner.access$000(ParentRunner.java:58)
	at org.junit.runners.ParentRunner$2.evaluate(ParentRunner.java:268)
	at org.junit.runners.ParentRunner.run(ParentRunner.java:363)
	at org.eclipse.jdt.internal.junit4.runner.JUnit4TestReference.run(JUnit4TestReference.java:89)
	at org.eclipse.jdt.internal.junit.runner.TestExecution.run(TestExecution.java:41)
	at org.eclipse.jdt.internal.junit.runner.RemoteTestRunner.runTests(RemoteTestRunner.java:541)
	at org.eclipse.jdt.internal.junit.runner.RemoteTestRunner.runTests(RemoteTestRunner.java:763)
	at org.eclipse.jdt.internal.junit.runner.RemoteTestRunner.run(RemoteTestRunner.java:463)
	at org.eclipse.jdt.internal.junit.runner.RemoteTestRunner.main(RemoteTestRunner.java:209)
[TEST] 2020-07-14 21:13:11 [ERROR] [main] http.HttpResponse <init> : Response Create Fail
java.lang.NullPointerException: null
	at http.HttpResponse.<init>(HttpResponse.java:31)
	at http.TestHttpResponse.<init>(TestHttpResponse.java:21)
	at was.TestWAS.parserHeaderEachOther(TestWAS.java:18)
	at java.base/jdk.internal.reflect.NativeMethodAccessorImpl.invoke0(Native Method)
	at java.base/jdk.internal.reflect.NativeMethodAccessorImpl.invoke(NativeMethodAccessorImpl.java:62)
	at java.base/jdk.internal.reflect.DelegatingMethodAccessorImpl.invoke(DelegatingMethodAccessorImpl.java:43)
	at java.base/java.lang.reflect.Method.invoke(Method.java:564)
	at org.junit.runners.model.FrameworkMethod$1.runReflectiveCall(FrameworkMethod.java:50)
	at org.junit.internal.runners.model.ReflectiveCallable.run(ReflectiveCallable.java:12)
	at org.junit.runners.model.FrameworkMethod.invokeExplosively(FrameworkMethod.java:47)
	at org.junit.internal.runners.statements.InvokeMethod.evaluate(InvokeMethod.java:17)
	at org.junit.runners.ParentRunner.runLeaf(ParentRunner.java:325)
	at org.junit.runners.BlockJUnit4ClassRunner.runChild(BlockJUnit4ClassRunner.java:78)
	at org.junit.runners.BlockJUnit4ClassRunner.runChild(BlockJUnit4ClassRunner.java:57)
	at org.junit.runners.ParentRunner$3.run(ParentRunner.java:290)
	at org.junit.runners.ParentRunner$1.schedule(ParentRunner.java:71)
	at org.junit.runners.ParentRunner.runChildren(ParentRunner.java:288)
	at org.junit.runners.ParentRunner.access$000(ParentRunner.java:58)
	at org.junit.runners.ParentRunner$2.evaluate(ParentRunner.java:268)
	at org.junit.runners.ParentRunner.run(ParentRunner.java:363)
	at org.eclipse.jdt.internal.junit4.runner.JUnit4TestReference.run(JUnit4TestReference.java:89)
	at org.eclipse.jdt.internal.junit.runner.TestExecution.run(TestExecution.java:41)
	at org.eclipse.jdt.internal.junit.runner.RemoteTestRunner.runTests(RemoteTestRunner.java:541)
	at org.eclipse.jdt.internal.junit.runner.RemoteTestRunner.runTests(RemoteTestRunner.java:763)
	at org.eclipse.jdt.internal.junit.runner.RemoteTestRunner.run(RemoteTestRunner.java:463)
	at org.eclipse.jdt.internal.junit.runner.RemoteTestRunner.main(RemoteTestRunner.java:209)
[TEST] 2020-07-14 21:13:11 [INFO ] [main] config.ServerConfig <init> : ServerConfig [port=80, rootDirNm=view, httpRoot={localhost=HostConfig [host=localhost, subDirNm=TypeA, errorViewMapped={403=A_403.html, 404=A_404.html, 500=A_500.html}], 127.0.0.1=HostConfig [host=127.0.0.1, subDirNm=TypeB, errorViewMapped={403=B_403.html, 404=B_404.html, 500=B_500.html}]}]
[TEST] 2020-07-14 21:13:11 [INFO ] [main] config.ServerConfig <init> : Complete
[TEST] 2020-07-14 21:13:11 [ERROR] [main] http.HttpRequest <init> : Request Create Fail
java.lang.NullPointerException: null
	at http.HttpRequest.init(HttpRequest.java:42)
	at http.HttpRequest.<init>(HttpRequest.java:33)
	at http.TestHttpRequest.<init>(TestHttpRequest.java:7)
	at was.TestWAS.parserHeaderEachOther(TestWAS.java:22)
	at java.base/jdk.internal.reflect.NativeMethodAccessorImpl.invoke0(Native Method)
	at java.base/jdk.internal.reflect.NativeMethodAccessorImpl.invoke(NativeMethodAccessorImpl.java:62)
	at java.base/jdk.internal.reflect.DelegatingMethodAccessorImpl.invoke(DelegatingMethodAccessorImpl.java:43)
	at java.base/java.lang.reflect.Method.invoke(Method.java:564)
	at org.junit.runners.model.FrameworkMethod$1.runReflectiveCall(FrameworkMethod.java:50)
	at org.junit.internal.runners.model.ReflectiveCallable.run(ReflectiveCallable.java:12)
	at org.junit.runners.model.FrameworkMethod.invokeExplosively(FrameworkMethod.java:47)
	at org.junit.internal.runners.statements.InvokeMethod.evaluate(InvokeMethod.java:17)
	at org.junit.runners.ParentRunner.runLeaf(ParentRunner.java:325)
	at org.junit.runners.BlockJUnit4ClassRunner.runChild(BlockJUnit4ClassRunner.java:78)
	at org.junit.runners.BlockJUnit4ClassRunner.runChild(BlockJUnit4ClassRunner.java:57)
	at org.junit.runners.ParentRunner$3.run(ParentRunner.java:290)
	at org.junit.runners.ParentRunner$1.schedule(ParentRunner.java:71)
	at org.junit.runners.ParentRunner.runChildren(ParentRunner.java:288)
	at org.junit.runners.ParentRunner.access$000(ParentRunner.java:58)
	at org.junit.runners.ParentRunner$2.evaluate(ParentRunner.java:268)
	at org.junit.runners.ParentRunner.run(ParentRunner.java:363)
	at org.eclipse.jdt.internal.junit4.runner.JUnit4TestReference.run(JUnit4TestReference.java:89)
	at org.eclipse.jdt.internal.junit.runner.TestExecution.run(TestExecution.java:41)
	at org.eclipse.jdt.internal.junit.runner.RemoteTestRunner.runTests(RemoteTestRunner.java:541)
	at org.eclipse.jdt.internal.junit.runner.RemoteTestRunner.runTests(RemoteTestRunner.java:763)
	at org.eclipse.jdt.internal.junit.runner.RemoteTestRunner.run(RemoteTestRunner.java:463)
	at org.eclipse.jdt.internal.junit.runner.RemoteTestRunner.main(RemoteTestRunner.java:209)
[TEST] 2020-07-14 21:13:11 [ERROR] [main] http.HttpResponse <init> : Response Create Fail
java.lang.NullPointerException: null
	at http.HttpResponse.<init>(HttpResponse.java:31)
	at http.TestHttpResponse.<init>(TestHttpResponse.java:21)
	at was.TestWAS.parserHeaderEachOther(TestWAS.java:24)
	at java.base/jdk.internal.reflect.NativeMethodAccessorImpl.invoke0(Native Method)
	at java.base/jdk.internal.reflect.NativeMethodAccessorImpl.invoke(NativeMethodAccessorImpl.java:62)
	at java.base/jdk.internal.reflect.DelegatingMethodAccessorImpl.invoke(DelegatingMethodAccessorImpl.java:43)
	at java.base/java.lang.reflect.Method.invoke(Method.java:564)
	at org.junit.runners.model.FrameworkMethod$1.runReflectiveCall(FrameworkMethod.java:50)
	at org.junit.internal.runners.model.ReflectiveCallable.run(ReflectiveCallable.java:12)
	at org.junit.runners.model.FrameworkMethod.invokeExplosively(FrameworkMethod.java:47)
	at org.junit.internal.runners.statements.InvokeMethod.evaluate(InvokeMethod.java:17)
	at org.junit.runners.ParentRunner.runLeaf(ParentRunner.java:325)
	at org.junit.runners.BlockJUnit4ClassRunner.runChild(BlockJUnit4ClassRunner.java:78)
	at org.junit.runners.BlockJUnit4ClassRunner.runChild(BlockJUnit4ClassRunner.java:57)
	at org.junit.runners.ParentRunner$3.run(ParentRunner.java:290)
	at org.junit.runners.ParentRunner$1.schedule(ParentRunner.java:71)
	at org.junit.runners.ParentRunner.runChildren(ParentRunner.java:288)
	at org.junit.runners.ParentRunner.access$000(ParentRunner.java:58)
	at org.junit.runners.ParentRunner$2.evaluate(ParentRunner.java:268)
	at org.junit.runners.ParentRunner.run(ParentRunner.java:363)
	at org.eclipse.jdt.internal.junit4.runner.JUnit4TestReference.run(JUnit4TestReference.java:89)
	at org.eclipse.jdt.internal.junit.runner.TestExecution.run(TestExecution.java:41)
	at org.eclipse.jdt.internal.junit.runner.RemoteTestRunner.runTests(RemoteTestRunner.java:541)
	at org.eclipse.jdt.internal.junit.runner.RemoteTestRunner.runTests(RemoteTestRunner.java:763)
	at org.eclipse.jdt.internal.junit.runner.RemoteTestRunner.run(RemoteTestRunner.java:463)
	at org.eclipse.jdt.internal.junit.runner.RemoteTestRunner.main(RemoteTestRunner.java:209)
[TEST] 2020-07-14 21:13:19 [ERROR] [main] http.HttpRequest <init> : Request Create Fail
java.lang.NullPointerException: null
	at http.HttpRequest.init(HttpRequest.java:42)
	at http.HttpRequest.<init>(HttpRequest.java:33)
	at http.TestHttpRequest.<init>(TestHttpRequest.java:7)
	at was.TestWAS.parserHeaderEachOther(TestWAS.java:16)
	at java.base/jdk.internal.reflect.NativeMethodAccessorImpl.invoke0(Native Method)
	at java.base/jdk.internal.reflect.NativeMethodAccessorImpl.invoke(NativeMethodAccessorImpl.java:62)
	at java.base/jdk.internal.reflect.DelegatingMethodAccessorImpl.invoke(DelegatingMethodAccessorImpl.java:43)
	at java.base/java.lang.reflect.Method.invoke(Method.java:564)
	at org.junit.runners.model.FrameworkMethod$1.runReflectiveCall(FrameworkMethod.java:50)
	at org.junit.internal.runners.model.ReflectiveCallable.run(ReflectiveCallable.java:12)
	at org.junit.runners.model.FrameworkMethod.invokeExplosively(FrameworkMethod.java:47)
	at org.junit.internal.runners.statements.InvokeMethod.evaluate(InvokeMethod.java:17)
	at org.junit.runners.ParentRunner.runLeaf(ParentRunner.java:325)
	at org.junit.runners.BlockJUnit4ClassRunner.runChild(BlockJUnit4ClassRunner.java:78)
	at org.junit.runners.BlockJUnit4ClassRunner.runChild(BlockJUnit4ClassRunner.java:57)
	at org.junit.runners.ParentRunner$3.run(ParentRunner.java:290)
	at org.junit.runners.ParentRunner$1.schedule(ParentRunner.java:71)
	at org.junit.runners.ParentRunner.runChildren(ParentRunner.java:288)
	at org.junit.runners.ParentRunner.access$000(ParentRunner.java:58)
	at org.junit.runners.ParentRunner$2.evaluate(ParentRunner.java:268)
	at org.junit.runners.ParentRunner.run(ParentRunner.java:363)
	at org.eclipse.jdt.internal.junit4.runner.JUnit4TestReference.run(JUnit4TestReference.java:89)
	at org.eclipse.jdt.internal.junit.runner.TestExecution.run(TestExecution.java:41)
	at org.eclipse.jdt.internal.junit.runner.RemoteTestRunner.runTests(RemoteTestRunner.java:541)
	at org.eclipse.jdt.internal.junit.runner.RemoteTestRunner.runTests(RemoteTestRunner.java:763)
	at org.eclipse.jdt.internal.junit.runner.RemoteTestRunner.run(RemoteTestRunner.java:463)
	at org.eclipse.jdt.internal.junit.runner.RemoteTestRunner.main(RemoteTestRunner.java:209)
[TEST] 2020-07-14 21:13:19 [ERROR] [main] http.HttpResponse <init> : Response Create Fail
java.lang.NullPointerException: null
	at http.HttpResponse.<init>(HttpResponse.java:31)
	at http.TestHttpResponse.<init>(TestHttpResponse.java:21)
	at was.TestWAS.parserHeaderEachOther(TestWAS.java:18)
	at java.base/jdk.internal.reflect.NativeMethodAccessorImpl.invoke0(Native Method)
	at java.base/jdk.internal.reflect.NativeMethodAccessorImpl.invoke(NativeMethodAccessorImpl.java:62)
	at java.base/jdk.internal.reflect.DelegatingMethodAccessorImpl.invoke(DelegatingMethodAccessorImpl.java:43)
	at java.base/java.lang.reflect.Method.invoke(Method.java:564)
	at org.junit.runners.model.FrameworkMethod$1.runReflectiveCall(FrameworkMethod.java:50)
	at org.junit.internal.runners.model.ReflectiveCallable.run(ReflectiveCallable.java:12)
	at org.junit.runners.model.FrameworkMethod.invokeExplosively(FrameworkMethod.java:47)
	at org.junit.internal.runners.statements.InvokeMethod.evaluate(InvokeMethod.java:17)
	at org.junit.runners.ParentRunner.runLeaf(ParentRunner.java:325)
	at org.junit.runners.BlockJUnit4ClassRunner.runChild(BlockJUnit4ClassRunner.java:78)
	at org.junit.runners.BlockJUnit4ClassRunner.runChild(BlockJUnit4ClassRunner.java:57)
	at org.junit.runners.ParentRunner$3.run(ParentRunner.java:290)
	at org.junit.runners.ParentRunner$1.schedule(ParentRunner.java:71)
	at org.junit.runners.ParentRunner.runChildren(ParentRunner.java:288)
	at org.junit.runners.ParentRunner.access$000(ParentRunner.java:58)
	at org.junit.runners.ParentRunner$2.evaluate(ParentRunner.java:268)
	at org.junit.runners.ParentRunner.run(ParentRunner.java:363)
	at org.eclipse.jdt.internal.junit4.runner.JUnit4TestReference.run(JUnit4TestReference.java:89)
	at org.eclipse.jdt.internal.junit.runner.TestExecution.run(TestExecution.java:41)
	at org.eclipse.jdt.internal.junit.runner.RemoteTestRunner.runTests(RemoteTestRunner.java:541)
	at org.eclipse.jdt.internal.junit.runner.RemoteTestRunner.runTests(RemoteTestRunner.java:763)
	at org.eclipse.jdt.internal.junit.runner.RemoteTestRunner.run(RemoteTestRunner.java:463)
	at org.eclipse.jdt.internal.junit.runner.RemoteTestRunner.main(RemoteTestRunner.java:209)
[TEST] 2020-07-14 21:13:19 [INFO ] [main] config.ServerConfig <init> : ServerConfig [port=80, rootDirNm=view, httpRoot={localhost=HostConfig [host=localhost, subDirNm=TypeA, errorViewMapped={403=A_403.html, 404=A_404.html, 500=A_500.html}], 127.0.0.1=HostConfig [host=127.0.0.1, subDirNm=TypeB, errorViewMapped={403=B_403.html, 404=B_404.html, 500=B_500.html}]}]
[TEST] 2020-07-14 21:13:19 [INFO ] [main] config.ServerConfig <init> : Complete
[TEST] 2020-07-14 21:13:47 [ERROR] [main] http.HttpRequest <init> : Request Create Fail
java.lang.NullPointerException: null
	at http.HttpRequest.init(HttpRequest.java:42)
	at http.HttpRequest.<init>(HttpRequest.java:33)
	at http.TestHttpRequest.<init>(TestHttpRequest.java:7)
	at was.TestWAS.parserHeaderEachOther(TestWAS.java:16)
	at java.base/jdk.internal.reflect.NativeMethodAccessorImpl.invoke0(Native Method)
	at java.base/jdk.internal.reflect.NativeMethodAccessorImpl.invoke(NativeMethodAccessorImpl.java:62)
	at java.base/jdk.internal.reflect.DelegatingMethodAccessorImpl.invoke(DelegatingMethodAccessorImpl.java:43)
	at java.base/java.lang.reflect.Method.invoke(Method.java:564)
	at org.junit.runners.model.FrameworkMethod$1.runReflectiveCall(FrameworkMethod.java:50)
	at org.junit.internal.runners.model.ReflectiveCallable.run(ReflectiveCallable.java:12)
	at org.junit.runners.model.FrameworkMethod.invokeExplosively(FrameworkMethod.java:47)
	at org.junit.internal.runners.statements.InvokeMethod.evaluate(InvokeMethod.java:17)
	at org.junit.runners.ParentRunner.runLeaf(ParentRunner.java:325)
	at org.junit.runners.BlockJUnit4ClassRunner.runChild(BlockJUnit4ClassRunner.java:78)
	at org.junit.runners.BlockJUnit4ClassRunner.runChild(BlockJUnit4ClassRunner.java:57)
	at org.junit.runners.ParentRunner$3.run(ParentRunner.java:290)
	at org.junit.runners.ParentRunner$1.schedule(ParentRunner.java:71)
	at org.junit.runners.ParentRunner.runChildren(ParentRunner.java:288)
	at org.junit.runners.ParentRunner.access$000(ParentRunner.java:58)
	at org.junit.runners.ParentRunner$2.evaluate(ParentRunner.java:268)
	at org.junit.runners.ParentRunner.run(ParentRunner.java:363)
	at org.eclipse.jdt.internal.junit4.runner.JUnit4TestReference.run(JUnit4TestReference.java:89)
	at org.eclipse.jdt.internal.junit.runner.TestExecution.run(TestExecution.java:41)
	at org.eclipse.jdt.internal.junit.runner.RemoteTestRunner.runTests(RemoteTestRunner.java:541)
	at org.eclipse.jdt.internal.junit.runner.RemoteTestRunner.runTests(RemoteTestRunner.java:763)
	at org.eclipse.jdt.internal.junit.runner.RemoteTestRunner.run(RemoteTestRunner.java:463)
	at org.eclipse.jdt.internal.junit.runner.RemoteTestRunner.main(RemoteTestRunner.java:209)
[TEST] 2020-07-14 21:13:47 [ERROR] [main] http.HttpResponse <init> : Response Create Fail
java.lang.NullPointerException: null
	at http.HttpResponse.<init>(HttpResponse.java:31)
	at http.TestHttpResponse.<init>(TestHttpResponse.java:21)
	at was.TestWAS.parserHeaderEachOther(TestWAS.java:18)
	at java.base/jdk.internal.reflect.NativeMethodAccessorImpl.invoke0(Native Method)
	at java.base/jdk.internal.reflect.NativeMethodAccessorImpl.invoke(NativeMethodAccessorImpl.java:62)
	at java.base/jdk.internal.reflect.DelegatingMethodAccessorImpl.invoke(DelegatingMethodAccessorImpl.java:43)
	at java.base/java.lang.reflect.Method.invoke(Method.java:564)
	at org.junit.runners.model.FrameworkMethod$1.runReflectiveCall(FrameworkMethod.java:50)
	at org.junit.internal.runners.model.ReflectiveCallable.run(ReflectiveCallable.java:12)
	at org.junit.runners.model.FrameworkMethod.invokeExplosively(FrameworkMethod.java:47)
	at org.junit.internal.runners.statements.InvokeMethod.evaluate(InvokeMethod.java:17)
	at org.junit.runners.ParentRunner.runLeaf(ParentRunner.java:325)
	at org.junit.runners.BlockJUnit4ClassRunner.runChild(BlockJUnit4ClassRunner.java:78)
	at org.junit.runners.BlockJUnit4ClassRunner.runChild(BlockJUnit4ClassRunner.java:57)
	at org.junit.runners.ParentRunner$3.run(ParentRunner.java:290)
	at org.junit.runners.ParentRunner$1.schedule(ParentRunner.java:71)
	at org.junit.runners.ParentRunner.runChildren(ParentRunner.java:288)
	at org.junit.runners.ParentRunner.access$000(ParentRunner.java:58)
	at org.junit.runners.ParentRunner$2.evaluate(ParentRunner.java:268)
	at org.junit.runners.ParentRunner.run(ParentRunner.java:363)
	at org.eclipse.jdt.internal.junit4.runner.JUnit4TestReference.run(JUnit4TestReference.java:89)
	at org.eclipse.jdt.internal.junit.runner.TestExecution.run(TestExecution.java:41)
	at org.eclipse.jdt.internal.junit.runner.RemoteTestRunner.runTests(RemoteTestRunner.java:541)
	at org.eclipse.jdt.internal.junit.runner.RemoteTestRunner.runTests(RemoteTestRunner.java:763)
	at org.eclipse.jdt.internal.junit.runner.RemoteTestRunner.run(RemoteTestRunner.java:463)
	at org.eclipse.jdt.internal.junit.runner.RemoteTestRunner.main(RemoteTestRunner.java:209)
[TEST] 2020-07-14 21:13:47 [INFO ] [main] config.ServerConfig <init> : ServerConfig [port=80, rootDirNm=view, httpRoot={localhost=HostConfig [host=localhost, subDirNm=TypeA, errorViewMapped={403=A_403.html, 404=A_404.html, 500=A_500.html}], 127.0.0.1=HostConfig [host=127.0.0.1, subDirNm=TypeB, errorViewMapped={403=B_403.html, 404=B_404.html, 500=B_500.html}]}]
[TEST] 2020-07-14 21:13:47 [INFO ] [main] config.ServerConfig <init> : Complete
[TEST] 2020-07-14 21:14:14 [ERROR] [main] http.HttpRequest <init> : Request Create Fail
java.lang.NullPointerException: null
	at http.HttpRequest.init(HttpRequest.java:42)
	at http.HttpRequest.<init>(HttpRequest.java:33)
	at http.TestHttpRequest.<init>(TestHttpRequest.java:7)
	at was.TestWAS.parserHeaderEachOther(TestWAS.java:16)
	at java.base/jdk.internal.reflect.NativeMethodAccessorImpl.invoke0(Native Method)
	at java.base/jdk.internal.reflect.NativeMethodAccessorImpl.invoke(NativeMethodAccessorImpl.java:62)
	at java.base/jdk.internal.reflect.DelegatingMethodAccessorImpl.invoke(DelegatingMethodAccessorImpl.java:43)
	at java.base/java.lang.reflect.Method.invoke(Method.java:564)
	at org.junit.runners.model.FrameworkMethod$1.runReflectiveCall(FrameworkMethod.java:50)
	at org.junit.internal.runners.model.ReflectiveCallable.run(ReflectiveCallable.java:12)
	at org.junit.runners.model.FrameworkMethod.invokeExplosively(FrameworkMethod.java:47)
	at org.junit.internal.runners.statements.InvokeMethod.evaluate(InvokeMethod.java:17)
	at org.junit.runners.ParentRunner.runLeaf(ParentRunner.java:325)
	at org.junit.runners.BlockJUnit4ClassRunner.runChild(BlockJUnit4ClassRunner.java:78)
	at org.junit.runners.BlockJUnit4ClassRunner.runChild(BlockJUnit4ClassRunner.java:57)
	at org.junit.runners.ParentRunner$3.run(ParentRunner.java:290)
	at org.junit.runners.ParentRunner$1.schedule(ParentRunner.java:71)
	at org.junit.runners.ParentRunner.runChildren(ParentRunner.java:288)
	at org.junit.runners.ParentRunner.access$000(ParentRunner.java:58)
	at org.junit.runners.ParentRunner$2.evaluate(ParentRunner.java:268)
	at org.junit.runners.ParentRunner.run(ParentRunner.java:363)
	at org.eclipse.jdt.internal.junit4.runner.JUnit4TestReference.run(JUnit4TestReference.java:89)
	at org.eclipse.jdt.internal.junit.runner.TestExecution.run(TestExecution.java:41)
	at org.eclipse.jdt.internal.junit.runner.RemoteTestRunner.runTests(RemoteTestRunner.java:541)
	at org.eclipse.jdt.internal.junit.runner.RemoteTestRunner.runTests(RemoteTestRunner.java:763)
	at org.eclipse.jdt.internal.junit.runner.RemoteTestRunner.run(RemoteTestRunner.java:463)
	at org.eclipse.jdt.internal.junit.runner.RemoteTestRunner.main(RemoteTestRunner.java:209)
[TEST] 2020-07-14 21:14:14 [ERROR] [main] http.HttpResponse <init> : Response Create Fail
java.lang.NullPointerException: null
	at http.HttpResponse.<init>(HttpResponse.java:31)
	at http.TestHttpResponse.<init>(TestHttpResponse.java:21)
	at was.TestWAS.parserHeaderEachOther(TestWAS.java:18)
	at java.base/jdk.internal.reflect.NativeMethodAccessorImpl.invoke0(Native Method)
	at java.base/jdk.internal.reflect.NativeMethodAccessorImpl.invoke(NativeMethodAccessorImpl.java:62)
	at java.base/jdk.internal.reflect.DelegatingMethodAccessorImpl.invoke(DelegatingMethodAccessorImpl.java:43)
	at java.base/java.lang.reflect.Method.invoke(Method.java:564)
	at org.junit.runners.model.FrameworkMethod$1.runReflectiveCall(FrameworkMethod.java:50)
	at org.junit.internal.runners.model.ReflectiveCallable.run(ReflectiveCallable.java:12)
	at org.junit.runners.model.FrameworkMethod.invokeExplosively(FrameworkMethod.java:47)
	at org.junit.internal.runners.statements.InvokeMethod.evaluate(InvokeMethod.java:17)
	at org.junit.runners.ParentRunner.runLeaf(ParentRunner.java:325)
	at org.junit.runners.BlockJUnit4ClassRunner.runChild(BlockJUnit4ClassRunner.java:78)
	at org.junit.runners.BlockJUnit4ClassRunner.runChild(BlockJUnit4ClassRunner.java:57)
	at org.junit.runners.ParentRunner$3.run(ParentRunner.java:290)
	at org.junit.runners.ParentRunner$1.schedule(ParentRunner.java:71)
	at org.junit.runners.ParentRunner.runChildren(ParentRunner.java:288)
	at org.junit.runners.ParentRunner.access$000(ParentRunner.java:58)
	at org.junit.runners.ParentRunner$2.evaluate(ParentRunner.java:268)
	at org.junit.runners.ParentRunner.run(ParentRunner.java:363)
	at org.eclipse.jdt.internal.junit4.runner.JUnit4TestReference.run(JUnit4TestReference.java:89)
	at org.eclipse.jdt.internal.junit.runner.TestExecution.run(TestExecution.java:41)
	at org.eclipse.jdt.internal.junit.runner.RemoteTestRunner.runTests(RemoteTestRunner.java:541)
	at org.eclipse.jdt.internal.junit.runner.RemoteTestRunner.runTests(RemoteTestRunner.java:763)
	at org.eclipse.jdt.internal.junit.runner.RemoteTestRunner.run(RemoteTestRunner.java:463)
	at org.eclipse.jdt.internal.junit.runner.RemoteTestRunner.main(RemoteTestRunner.java:209)
[TEST] 2020-07-14 21:14:14 [INFO ] [main] config.ServerConfig <init> : ServerConfig [port=80, rootDirNm=view, httpRoot={localhost=HostConfig [host=localhost, subDirNm=TypeA, errorViewMapped={403=A_403.html, 404=A_404.html, 500=A_500.html}], 127.0.0.1=HostConfig [host=127.0.0.1, subDirNm=TypeB, errorViewMapped={403=B_403.html, 404=B_404.html, 500=B_500.html}]}]
[TEST] 2020-07-14 21:14:14 [INFO ] [main] config.ServerConfig <init> : Complete
[TEST] 2020-07-14 21:15:51 [ERROR] [main] http.HttpRequest <init> : Request Create Fail
java.lang.NullPointerException: null
	at http.HttpRequest.init(HttpRequest.java:42)
	at http.HttpRequest.<init>(HttpRequest.java:33)
	at http.TestHttpRequest.<init>(TestHttpRequest.java:7)
	at was.TestWAS.parserHeaderEachOther(TestWAS.java:16)
	at java.base/jdk.internal.reflect.NativeMethodAccessorImpl.invoke0(Native Method)
	at java.base/jdk.internal.reflect.NativeMethodAccessorImpl.invoke(NativeMethodAccessorImpl.java:62)
	at java.base/jdk.internal.reflect.DelegatingMethodAccessorImpl.invoke(DelegatingMethodAccessorImpl.java:43)
	at java.base/java.lang.reflect.Method.invoke(Method.java:564)
	at org.junit.runners.model.FrameworkMethod$1.runReflectiveCall(FrameworkMethod.java:50)
	at org.junit.internal.runners.model.ReflectiveCallable.run(ReflectiveCallable.java:12)
	at org.junit.runners.model.FrameworkMethod.invokeExplosively(FrameworkMethod.java:47)
	at org.junit.internal.runners.statements.InvokeMethod.evaluate(InvokeMethod.java:17)
	at org.junit.runners.ParentRunner.runLeaf(ParentRunner.java:325)
	at org.junit.runners.BlockJUnit4ClassRunner.runChild(BlockJUnit4ClassRunner.java:78)
	at org.junit.runners.BlockJUnit4ClassRunner.runChild(BlockJUnit4ClassRunner.java:57)
	at org.junit.runners.ParentRunner$3.run(ParentRunner.java:290)
	at org.junit.runners.ParentRunner$1.schedule(ParentRunner.java:71)
	at org.junit.runners.ParentRunner.runChildren(ParentRunner.java:288)
	at org.junit.runners.ParentRunner.access$000(ParentRunner.java:58)
	at org.junit.runners.ParentRunner$2.evaluate(ParentRunner.java:268)
	at org.junit.runners.ParentRunner.run(ParentRunner.java:363)
	at org.eclipse.jdt.internal.junit4.runner.JUnit4TestReference.run(JUnit4TestReference.java:89)
	at org.eclipse.jdt.internal.junit.runner.TestExecution.run(TestExecution.java:41)
	at org.eclipse.jdt.internal.junit.runner.RemoteTestRunner.runTests(RemoteTestRunner.java:541)
	at org.eclipse.jdt.internal.junit.runner.RemoteTestRunner.runTests(RemoteTestRunner.java:763)
	at org.eclipse.jdt.internal.junit.runner.RemoteTestRunner.run(RemoteTestRunner.java:463)
	at org.eclipse.jdt.internal.junit.runner.RemoteTestRunner.main(RemoteTestRunner.java:209)
[TEST] 2020-07-14 21:15:51 [ERROR] [main] http.HttpResponse <init> : Response Create Fail
java.lang.NullPointerException: null
	at http.HttpResponse.<init>(HttpResponse.java:31)
	at http.TestHttpResponse.<init>(TestHttpResponse.java:21)
	at was.TestWAS.parserHeaderEachOther(TestWAS.java:18)
	at java.base/jdk.internal.reflect.NativeMethodAccessorImpl.invoke0(Native Method)
	at java.base/jdk.internal.reflect.NativeMethodAccessorImpl.invoke(NativeMethodAccessorImpl.java:62)
	at java.base/jdk.internal.reflect.DelegatingMethodAccessorImpl.invoke(DelegatingMethodAccessorImpl.java:43)
	at java.base/java.lang.reflect.Method.invoke(Method.java:564)
	at org.junit.runners.model.FrameworkMethod$1.runReflectiveCall(FrameworkMethod.java:50)
	at org.junit.internal.runners.model.ReflectiveCallable.run(ReflectiveCallable.java:12)
	at org.junit.runners.model.FrameworkMethod.invokeExplosively(FrameworkMethod.java:47)
	at org.junit.internal.runners.statements.InvokeMethod.evaluate(InvokeMethod.java:17)
	at org.junit.runners.ParentRunner.runLeaf(ParentRunner.java:325)
	at org.junit.runners.BlockJUnit4ClassRunner.runChild(BlockJUnit4ClassRunner.java:78)
	at org.junit.runners.BlockJUnit4ClassRunner.runChild(BlockJUnit4ClassRunner.java:57)
	at org.junit.runners.ParentRunner$3.run(ParentRunner.java:290)
	at org.junit.runners.ParentRunner$1.schedule(ParentRunner.java:71)
	at org.junit.runners.ParentRunner.runChildren(ParentRunner.java:288)
	at org.junit.runners.ParentRunner.access$000(ParentRunner.java:58)
	at org.junit.runners.ParentRunner$2.evaluate(ParentRunner.java:268)
	at org.junit.runners.ParentRunner.run(ParentRunner.java:363)
	at org.eclipse.jdt.internal.junit4.runner.JUnit4TestReference.run(JUnit4TestReference.java:89)
	at org.eclipse.jdt.internal.junit.runner.TestExecution.run(TestExecution.java:41)
	at org.eclipse.jdt.internal.junit.runner.RemoteTestRunner.runTests(RemoteTestRunner.java:541)
	at org.eclipse.jdt.internal.junit.runner.RemoteTestRunner.runTests(RemoteTestRunner.java:763)
	at org.eclipse.jdt.internal.junit.runner.RemoteTestRunner.run(RemoteTestRunner.java:463)
	at org.eclipse.jdt.internal.junit.runner.RemoteTestRunner.main(RemoteTestRunner.java:209)
[TEST] 2020-07-14 21:15:51 [INFO ] [main] config.ServerConfig <init> : ServerConfig [port=80, rootDirNm=view, httpRoot={localhost=HostConfig [host=localhost, subDirNm=TypeA, errorViewMapped={403=A_403.html, 404=A_404.html, 500=A_500.html}], 127.0.0.1=HostConfig [host=127.0.0.1, subDirNm=TypeB, errorViewMapped={403=B_403.html, 404=B_404.html, 500=B_500.html}]}]
[TEST] 2020-07-14 21:15:51 [INFO ] [main] config.ServerConfig <init> : Complete
[TEST] 2020-07-14 21:15:51 [ERROR] [main] http.HttpRequest <init> : Request Create Fail
java.lang.NullPointerException: null
	at http.HttpRequest.init(HttpRequest.java:42)
	at http.HttpRequest.<init>(HttpRequest.java:33)
	at http.TestHttpRequest.<init>(TestHttpRequest.java:7)
	at was.TestWAS.parserHeaderEachOther(TestWAS.java:22)
	at java.base/jdk.internal.reflect.NativeMethodAccessorImpl.invoke0(Native Method)
	at java.base/jdk.internal.reflect.NativeMethodAccessorImpl.invoke(NativeMethodAccessorImpl.java:62)
	at java.base/jdk.internal.reflect.DelegatingMethodAccessorImpl.invoke(DelegatingMethodAccessorImpl.java:43)
	at java.base/java.lang.reflect.Method.invoke(Method.java:564)
	at org.junit.runners.model.FrameworkMethod$1.runReflectiveCall(FrameworkMethod.java:50)
	at org.junit.internal.runners.model.ReflectiveCallable.run(ReflectiveCallable.java:12)
	at org.junit.runners.model.FrameworkMethod.invokeExplosively(FrameworkMethod.java:47)
	at org.junit.internal.runners.statements.InvokeMethod.evaluate(InvokeMethod.java:17)
	at org.junit.runners.ParentRunner.runLeaf(ParentRunner.java:325)
	at org.junit.runners.BlockJUnit4ClassRunner.runChild(BlockJUnit4ClassRunner.java:78)
	at org.junit.runners.BlockJUnit4ClassRunner.runChild(BlockJUnit4ClassRunner.java:57)
	at org.junit.runners.ParentRunner$3.run(ParentRunner.java:290)
	at org.junit.runners.ParentRunner$1.schedule(ParentRunner.java:71)
	at org.junit.runners.ParentRunner.runChildren(ParentRunner.java:288)
	at org.junit.runners.ParentRunner.access$000(ParentRunner.java:58)
	at org.junit.runners.ParentRunner$2.evaluate(ParentRunner.java:268)
	at org.junit.runners.ParentRunner.run(ParentRunner.java:363)
	at org.eclipse.jdt.internal.junit4.runner.JUnit4TestReference.run(JUnit4TestReference.java:89)
	at org.eclipse.jdt.internal.junit.runner.TestExecution.run(TestExecution.java:41)
	at org.eclipse.jdt.internal.junit.runner.RemoteTestRunner.runTests(RemoteTestRunner.java:541)
	at org.eclipse.jdt.internal.junit.runner.RemoteTestRunner.runTests(RemoteTestRunner.java:763)
	at org.eclipse.jdt.internal.junit.runner.RemoteTestRunner.run(RemoteTestRunner.java:463)
	at org.eclipse.jdt.internal.junit.runner.RemoteTestRunner.main(RemoteTestRunner.java:209)
[TEST] 2020-07-14 21:15:51 [ERROR] [main] http.HttpResponse <init> : Response Create Fail
java.lang.NullPointerException: null
	at http.HttpResponse.<init>(HttpResponse.java:31)
	at http.TestHttpResponse.<init>(TestHttpResponse.java:21)
	at was.TestWAS.parserHeaderEachOther(TestWAS.java:24)
	at java.base/jdk.internal.reflect.NativeMethodAccessorImpl.invoke0(Native Method)
	at java.base/jdk.internal.reflect.NativeMethodAccessorImpl.invoke(NativeMethodAccessorImpl.java:62)
	at java.base/jdk.internal.reflect.DelegatingMethodAccessorImpl.invoke(DelegatingMethodAccessorImpl.java:43)
	at java.base/java.lang.reflect.Method.invoke(Method.java:564)
	at org.junit.runners.model.FrameworkMethod$1.runReflectiveCall(FrameworkMethod.java:50)
	at org.junit.internal.runners.model.ReflectiveCallable.run(ReflectiveCallable.java:12)
	at org.junit.runners.model.FrameworkMethod.invokeExplosively(FrameworkMethod.java:47)
	at org.junit.internal.runners.statements.InvokeMethod.evaluate(InvokeMethod.java:17)
	at org.junit.runners.ParentRunner.runLeaf(ParentRunner.java:325)
	at org.junit.runners.BlockJUnit4ClassRunner.runChild(BlockJUnit4ClassRunner.java:78)
	at org.junit.runners.BlockJUnit4ClassRunner.runChild(BlockJUnit4ClassRunner.java:57)
	at org.junit.runners.ParentRunner$3.run(ParentRunner.java:290)
	at org.junit.runners.ParentRunner$1.schedule(ParentRunner.java:71)
	at org.junit.runners.ParentRunner.runChildren(ParentRunner.java:288)
	at org.junit.runners.ParentRunner.access$000(ParentRunner.java:58)
	at org.junit.runners.ParentRunner$2.evaluate(ParentRunner.java:268)
	at org.junit.runners.ParentRunner.run(ParentRunner.java:363)
	at org.eclipse.jdt.internal.junit4.runner.JUnit4TestReference.run(JUnit4TestReference.java:89)
	at org.eclipse.jdt.internal.junit.runner.TestExecution.run(TestExecution.java:41)
	at org.eclipse.jdt.internal.junit.runner.RemoteTestRunner.runTests(RemoteTestRunner.java:541)
	at org.eclipse.jdt.internal.junit.runner.RemoteTestRunner.runTests(RemoteTestRunner.java:763)
	at org.eclipse.jdt.internal.junit.runner.RemoteTestRunner.run(RemoteTestRunner.java:463)
	at org.eclipse.jdt.internal.junit.runner.RemoteTestRunner.main(RemoteTestRunner.java:209)
[TEST] 2020-07-14 21:16:21 [ERROR] [main] http.HttpRequest <init> : Request Create Fail
java.lang.NullPointerException: null
	at http.HttpRequest.init(HttpRequest.java:42)
	at http.HttpRequest.<init>(HttpRequest.java:33)
	at http.TestHttpRequest.<init>(TestHttpRequest.java:7)
	at was.TestWAS.parserHeaderEachOther(TestWAS.java:16)
	at java.base/jdk.internal.reflect.NativeMethodAccessorImpl.invoke0(Native Method)
	at java.base/jdk.internal.reflect.NativeMethodAccessorImpl.invoke(NativeMethodAccessorImpl.java:62)
	at java.base/jdk.internal.reflect.DelegatingMethodAccessorImpl.invoke(DelegatingMethodAccessorImpl.java:43)
	at java.base/java.lang.reflect.Method.invoke(Method.java:564)
	at org.junit.runners.model.FrameworkMethod$1.runReflectiveCall(FrameworkMethod.java:47)
	at org.junit.internal.runners.model.ReflectiveCallable.run(ReflectiveCallable.java:12)
	at org.junit.runners.model.FrameworkMethod.invokeExplosively(FrameworkMethod.java:44)
	at org.junit.internal.runners.statements.InvokeMethod.evaluate(InvokeMethod.java:17)
	at org.junit.runners.ParentRunner.runLeaf(ParentRunner.java:271)
	at org.junit.runners.BlockJUnit4ClassRunner.runChild(BlockJUnit4ClassRunner.java:70)
	at org.junit.runners.BlockJUnit4ClassRunner.runChild(BlockJUnit4ClassRunner.java:50)
	at org.junit.runners.ParentRunner$3.run(ParentRunner.java:238)
	at org.junit.runners.ParentRunner$1.schedule(ParentRunner.java:63)
	at org.junit.runners.ParentRunner.runChildren(ParentRunner.java:236)
	at org.junit.runners.ParentRunner.access$000(ParentRunner.java:53)
	at org.junit.runners.ParentRunner$2.evaluate(ParentRunner.java:229)
	at org.junit.runners.ParentRunner.run(ParentRunner.java:309)
	at org.apache.maven.surefire.junit4.JUnit4Provider.execute(JUnit4Provider.java:252)
	at org.apache.maven.surefire.junit4.JUnit4Provider.executeTestSet(JUnit4Provider.java:141)
	at org.apache.maven.surefire.junit4.JUnit4Provider.invoke(JUnit4Provider.java:112)
	at java.base/jdk.internal.reflect.NativeMethodAccessorImpl.invoke0(Native Method)
	at java.base/jdk.internal.reflect.NativeMethodAccessorImpl.invoke(NativeMethodAccessorImpl.java:62)
	at java.base/jdk.internal.reflect.DelegatingMethodAccessorImpl.invoke(DelegatingMethodAccessorImpl.java:43)
	at java.base/java.lang.reflect.Method.invoke(Method.java:564)
	at org.apache.maven.surefire.util.ReflectionUtils.invokeMethodWithArray(ReflectionUtils.java:189)
	at org.apache.maven.surefire.booter.ProviderFactory$ProviderProxy.invoke(ProviderFactory.java:165)
	at org.apache.maven.surefire.booter.ProviderFactory.invokeProvider(ProviderFactory.java:85)
	at org.apache.maven.surefire.booter.ForkedBooter.runSuitesInProcess(ForkedBooter.java:115)
	at org.apache.maven.surefire.booter.ForkedBooter.main(ForkedBooter.java:75)
[TEST] 2020-07-14 21:16:21 [ERROR] [main] http.HttpResponse <init> : Response Create Fail
java.lang.NullPointerException: null
	at http.HttpResponse.<init>(HttpResponse.java:31)
	at http.TestHttpResponse.<init>(TestHttpResponse.java:21)
	at was.TestWAS.parserHeaderEachOther(TestWAS.java:18)
	at java.base/jdk.internal.reflect.NativeMethodAccessorImpl.invoke0(Native Method)
	at java.base/jdk.internal.reflect.NativeMethodAccessorImpl.invoke(NativeMethodAccessorImpl.java:62)
	at java.base/jdk.internal.reflect.DelegatingMethodAccessorImpl.invoke(DelegatingMethodAccessorImpl.java:43)
	at java.base/java.lang.reflect.Method.invoke(Method.java:564)
	at org.junit.runners.model.FrameworkMethod$1.runReflectiveCall(FrameworkMethod.java:47)
	at org.junit.internal.runners.model.ReflectiveCallable.run(ReflectiveCallable.java:12)
	at org.junit.runners.model.FrameworkMethod.invokeExplosively(FrameworkMethod.java:44)
	at org.junit.internal.runners.statements.InvokeMethod.evaluate(InvokeMethod.java:17)
	at org.junit.runners.ParentRunner.runLeaf(ParentRunner.java:271)
	at org.junit.runners.BlockJUnit4ClassRunner.runChild(BlockJUnit4ClassRunner.java:70)
	at org.junit.runners.BlockJUnit4ClassRunner.runChild(BlockJUnit4ClassRunner.java:50)
	at org.junit.runners.ParentRunner$3.run(ParentRunner.java:238)
	at org.junit.runners.ParentRunner$1.schedule(ParentRunner.java:63)
	at org.junit.runners.ParentRunner.runChildren(ParentRunner.java:236)
	at org.junit.runners.ParentRunner.access$000(ParentRunner.java:53)
	at org.junit.runners.ParentRunner$2.evaluate(ParentRunner.java:229)
	at org.junit.runners.ParentRunner.run(ParentRunner.java:309)
	at org.apache.maven.surefire.junit4.JUnit4Provider.execute(JUnit4Provider.java:252)
	at org.apache.maven.surefire.junit4.JUnit4Provider.executeTestSet(JUnit4Provider.java:141)
	at org.apache.maven.surefire.junit4.JUnit4Provider.invoke(JUnit4Provider.java:112)
	at java.base/jdk.internal.reflect.NativeMethodAccessorImpl.invoke0(Native Method)
	at java.base/jdk.internal.reflect.NativeMethodAccessorImpl.invoke(NativeMethodAccessorImpl.java:62)
	at java.base/jdk.internal.reflect.DelegatingMethodAccessorImpl.invoke(DelegatingMethodAccessorImpl.java:43)
	at java.base/java.lang.reflect.Method.invoke(Method.java:564)
	at org.apache.maven.surefire.util.ReflectionUtils.invokeMethodWithArray(ReflectionUtils.java:189)
	at org.apache.maven.surefire.booter.ProviderFactory$ProviderProxy.invoke(ProviderFactory.java:165)
	at org.apache.maven.surefire.booter.ProviderFactory.invokeProvider(ProviderFactory.java:85)
	at org.apache.maven.surefire.booter.ForkedBooter.runSuitesInProcess(ForkedBooter.java:115)
	at org.apache.maven.surefire.booter.ForkedBooter.main(ForkedBooter.java:75)
[TEST] 2020-07-14 21:16:21 [INFO ] [main] config.ServerConfig <init> : ServerConfig [port=80, rootDirNm=view, httpRoot={localhost=HostConfig [host=localhost, subDirNm=TypeA, errorViewMapped={403=A_403.html, 404=A_404.html, 500=A_500.html}], 127.0.0.1=HostConfig [host=127.0.0.1, subDirNm=TypeB, errorViewMapped={403=B_403.html, 404=B_404.html, 500=B_500.html}]}]
[TEST] 2020-07-14 21:16:21 [INFO ] [main] config.ServerConfig <init> : Complete
[TEST] 2020-07-14 21:16:21 [ERROR] [main] http.HttpRequest <init> : Request Create Fail
java.lang.NullPointerException: null
	at http.HttpRequest.init(HttpRequest.java:42)
	at http.HttpRequest.<init>(HttpRequest.java:33)
	at http.TestHttpRequest.<init>(TestHttpRequest.java:7)
	at was.TestWAS.parserHeaderEachOther(TestWAS.java:22)
	at java.base/jdk.internal.reflect.NativeMethodAccessorImpl.invoke0(Native Method)
	at java.base/jdk.internal.reflect.NativeMethodAccessorImpl.invoke(NativeMethodAccessorImpl.java:62)
	at java.base/jdk.internal.reflect.DelegatingMethodAccessorImpl.invoke(DelegatingMethodAccessorImpl.java:43)
	at java.base/java.lang.reflect.Method.invoke(Method.java:564)
	at org.junit.runners.model.FrameworkMethod$1.runReflectiveCall(FrameworkMethod.java:47)
	at org.junit.internal.runners.model.ReflectiveCallable.run(ReflectiveCallable.java:12)
	at org.junit.runners.model.FrameworkMethod.invokeExplosively(FrameworkMethod.java:44)
	at org.junit.internal.runners.statements.InvokeMethod.evaluate(InvokeMethod.java:17)
	at org.junit.runners.ParentRunner.runLeaf(ParentRunner.java:271)
	at org.junit.runners.BlockJUnit4ClassRunner.runChild(BlockJUnit4ClassRunner.java:70)
	at org.junit.runners.BlockJUnit4ClassRunner.runChild(BlockJUnit4ClassRunner.java:50)
	at org.junit.runners.ParentRunner$3.run(ParentRunner.java:238)
	at org.junit.runners.ParentRunner$1.schedule(ParentRunner.java:63)
	at org.junit.runners.ParentRunner.runChildren(ParentRunner.java:236)
	at org.junit.runners.ParentRunner.access$000(ParentRunner.java:53)
	at org.junit.runners.ParentRunner$2.evaluate(ParentRunner.java:229)
	at org.junit.runners.ParentRunner.run(ParentRunner.java:309)
	at org.apache.maven.surefire.junit4.JUnit4Provider.execute(JUnit4Provider.java:252)
	at org.apache.maven.surefire.junit4.JUnit4Provider.executeTestSet(JUnit4Provider.java:141)
	at org.apache.maven.surefire.junit4.JUnit4Provider.invoke(JUnit4Provider.java:112)
	at java.base/jdk.internal.reflect.NativeMethodAccessorImpl.invoke0(Native Method)
	at java.base/jdk.internal.reflect.NativeMethodAccessorImpl.invoke(NativeMethodAccessorImpl.java:62)
	at java.base/jdk.internal.reflect.DelegatingMethodAccessorImpl.invoke(DelegatingMethodAccessorImpl.java:43)
	at java.base/java.lang.reflect.Method.invoke(Method.java:564)
	at org.apache.maven.surefire.util.ReflectionUtils.invokeMethodWithArray(ReflectionUtils.java:189)
	at org.apache.maven.surefire.booter.ProviderFactory$ProviderProxy.invoke(ProviderFactory.java:165)
	at org.apache.maven.surefire.booter.ProviderFactory.invokeProvider(ProviderFactory.java:85)
	at org.apache.maven.surefire.booter.ForkedBooter.runSuitesInProcess(ForkedBooter.java:115)
	at org.apache.maven.surefire.booter.ForkedBooter.main(ForkedBooter.java:75)
[TEST] 2020-07-14 21:16:21 [ERROR] [main] http.HttpResponse <init> : Response Create Fail
java.lang.NullPointerException: null
	at http.HttpResponse.<init>(HttpResponse.java:31)
	at http.TestHttpResponse.<init>(TestHttpResponse.java:21)
	at was.TestWAS.parserHeaderEachOther(TestWAS.java:24)
	at java.base/jdk.internal.reflect.NativeMethodAccessorImpl.invoke0(Native Method)
	at java.base/jdk.internal.reflect.NativeMethodAccessorImpl.invoke(NativeMethodAccessorImpl.java:62)
	at java.base/jdk.internal.reflect.DelegatingMethodAccessorImpl.invoke(DelegatingMethodAccessorImpl.java:43)
	at java.base/java.lang.reflect.Method.invoke(Method.java:564)
	at org.junit.runners.model.FrameworkMethod$1.runReflectiveCall(FrameworkMethod.java:47)
	at org.junit.internal.runners.model.ReflectiveCallable.run(ReflectiveCallable.java:12)
	at org.junit.runners.model.FrameworkMethod.invokeExplosively(FrameworkMethod.java:44)
	at org.junit.internal.runners.statements.InvokeMethod.evaluate(InvokeMethod.java:17)
	at org.junit.runners.ParentRunner.runLeaf(ParentRunner.java:271)
	at org.junit.runners.BlockJUnit4ClassRunner.runChild(BlockJUnit4ClassRunner.java:70)
	at org.junit.runners.BlockJUnit4ClassRunner.runChild(BlockJUnit4ClassRunner.java:50)
	at org.junit.runners.ParentRunner$3.run(ParentRunner.java:238)
	at org.junit.runners.ParentRunner$1.schedule(ParentRunner.java:63)
	at org.junit.runners.ParentRunner.runChildren(ParentRunner.java:236)
	at org.junit.runners.ParentRunner.access$000(ParentRunner.java:53)
	at org.junit.runners.ParentRunner$2.evaluate(ParentRunner.java:229)
	at org.junit.runners.ParentRunner.run(ParentRunner.java:309)
	at org.apache.maven.surefire.junit4.JUnit4Provider.execute(JUnit4Provider.java:252)
	at org.apache.maven.surefire.junit4.JUnit4Provider.executeTestSet(JUnit4Provider.java:141)
	at org.apache.maven.surefire.junit4.JUnit4Provider.invoke(JUnit4Provider.java:112)
	at java.base/jdk.internal.reflect.NativeMethodAccessorImpl.invoke0(Native Method)
	at java.base/jdk.internal.reflect.NativeMethodAccessorImpl.invoke(NativeMethodAccessorImpl.java:62)
	at java.base/jdk.internal.reflect.DelegatingMethodAccessorImpl.invoke(DelegatingMethodAccessorImpl.java:43)
	at java.base/java.lang.reflect.Method.invoke(Method.java:564)
	at org.apache.maven.surefire.util.ReflectionUtils.invokeMethodWithArray(ReflectionUtils.java:189)
	at org.apache.maven.surefire.booter.ProviderFactory$ProviderProxy.invoke(ProviderFactory.java:165)
	at org.apache.maven.surefire.booter.ProviderFactory.invokeProvider(ProviderFactory.java:85)
	at org.apache.maven.surefire.booter.ForkedBooter.runSuitesInProcess(ForkedBooter.java:115)
	at org.apache.maven.surefire.booter.ForkedBooter.main(ForkedBooter.java:75)
[TEST] 2020-07-14 21:26:26 [INFO ] [main] config.ServerConfig <init> : ServerConfig [port=80, rootDirNm=view, httpRoot={localhost=HostConfig [host=localhost, subDirNm=TypeA, errorViewMapped={403=A_403.html, 404=A_404.html, 500=A_500.html}], 127.0.0.1=HostConfig [host=127.0.0.1, subDirNm=TypeB, errorViewMapped={403=B_403.html, 404=B_404.html, 500=B_500.html}]}]
[TEST] 2020-07-14 21:26:26 [INFO ] [main] config.ServerConfig <init> : Complete
[TEST] 2020-07-14 21:26:26 [ERROR] [main] http.HttpRequest <init> : Request Create Fail
java.lang.NullPointerException: null
	at http.HttpRequest.init(HttpRequest.java:42)
	at http.HttpRequest.<init>(HttpRequest.java:33)
	at http.TestHttpRequest.<init>(TestHttpRequest.java:7)
	at was.TestWAS.parserHeaderEachOther(TestWAS.java:24)
	at java.base/jdk.internal.reflect.NativeMethodAccessorImpl.invoke0(Native Method)
	at java.base/jdk.internal.reflect.NativeMethodAccessorImpl.invoke(NativeMethodAccessorImpl.java:62)
	at java.base/jdk.internal.reflect.DelegatingMethodAccessorImpl.invoke(DelegatingMethodAccessorImpl.java:43)
	at java.base/java.lang.reflect.Method.invoke(Method.java:564)
	at org.junit.runners.model.FrameworkMethod$1.runReflectiveCall(FrameworkMethod.java:50)
	at org.junit.internal.runners.model.ReflectiveCallable.run(ReflectiveCallable.java:12)
	at org.junit.runners.model.FrameworkMethod.invokeExplosively(FrameworkMethod.java:47)
	at org.junit.internal.runners.statements.InvokeMethod.evaluate(InvokeMethod.java:17)
	at org.junit.runners.ParentRunner.runLeaf(ParentRunner.java:325)
	at org.junit.runners.BlockJUnit4ClassRunner.runChild(BlockJUnit4ClassRunner.java:78)
	at org.junit.runners.BlockJUnit4ClassRunner.runChild(BlockJUnit4ClassRunner.java:57)
	at org.junit.runners.ParentRunner$3.run(ParentRunner.java:290)
	at org.junit.runners.ParentRunner$1.schedule(ParentRunner.java:71)
	at org.junit.runners.ParentRunner.runChildren(ParentRunner.java:288)
	at org.junit.runners.ParentRunner.access$000(ParentRunner.java:58)
	at org.junit.runners.ParentRunner$2.evaluate(ParentRunner.java:268)
	at org.junit.runners.ParentRunner.run(ParentRunner.java:363)
	at org.eclipse.jdt.internal.junit4.runner.JUnit4TestReference.run(JUnit4TestReference.java:89)
	at org.eclipse.jdt.internal.junit.runner.TestExecution.run(TestExecution.java:41)
	at org.eclipse.jdt.internal.junit.runner.RemoteTestRunner.runTests(RemoteTestRunner.java:541)
	at org.eclipse.jdt.internal.junit.runner.RemoteTestRunner.runTests(RemoteTestRunner.java:763)
	at org.eclipse.jdt.internal.junit.runner.RemoteTestRunner.run(RemoteTestRunner.java:463)
	at org.eclipse.jdt.internal.junit.runner.RemoteTestRunner.main(RemoteTestRunner.java:209)
[TEST] 2020-07-14 21:26:26 [ERROR] [main] http.HttpResponse <init> : Response Create Fail
java.lang.NullPointerException: null
	at http.HttpResponse.<init>(HttpResponse.java:31)
	at http.TestHttpResponse.<init>(TestHttpResponse.java:21)
	at was.TestWAS.parserHeaderEachOther(TestWAS.java:26)
	at java.base/jdk.internal.reflect.NativeMethodAccessorImpl.invoke0(Native Method)
	at java.base/jdk.internal.reflect.NativeMethodAccessorImpl.invoke(NativeMethodAccessorImpl.java:62)
	at java.base/jdk.internal.reflect.DelegatingMethodAccessorImpl.invoke(DelegatingMethodAccessorImpl.java:43)
	at java.base/java.lang.reflect.Method.invoke(Method.java:564)
	at org.junit.runners.model.FrameworkMethod$1.runReflectiveCall(FrameworkMethod.java:50)
	at org.junit.internal.runners.model.ReflectiveCallable.run(ReflectiveCallable.java:12)
	at org.junit.runners.model.FrameworkMethod.invokeExplosively(FrameworkMethod.java:47)
	at org.junit.internal.runners.statements.InvokeMethod.evaluate(InvokeMethod.java:17)
	at org.junit.runners.ParentRunner.runLeaf(ParentRunner.java:325)
	at org.junit.runners.BlockJUnit4ClassRunner.runChild(BlockJUnit4ClassRunner.java:78)
	at org.junit.runners.BlockJUnit4ClassRunner.runChild(BlockJUnit4ClassRunner.java:57)
	at org.junit.runners.ParentRunner$3.run(ParentRunner.java:290)
	at org.junit.runners.ParentRunner$1.schedule(ParentRunner.java:71)
	at org.junit.runners.ParentRunner.runChildren(ParentRunner.java:288)
	at org.junit.runners.ParentRunner.access$000(ParentRunner.java:58)
	at org.junit.runners.ParentRunner$2.evaluate(ParentRunner.java:268)
	at org.junit.runners.ParentRunner.run(ParentRunner.java:363)
	at org.eclipse.jdt.internal.junit4.runner.JUnit4TestReference.run(JUnit4TestReference.java:89)
	at org.eclipse.jdt.internal.junit.runner.TestExecution.run(TestExecution.java:41)
	at org.eclipse.jdt.internal.junit.runner.RemoteTestRunner.runTests(RemoteTestRunner.java:541)
	at org.eclipse.jdt.internal.junit.runner.RemoteTestRunner.runTests(RemoteTestRunner.java:763)
	at org.eclipse.jdt.internal.junit.runner.RemoteTestRunner.run(RemoteTestRunner.java:463)
	at org.eclipse.jdt.internal.junit.runner.RemoteTestRunner.main(RemoteTestRunner.java:209)
[TEST] 2020-07-14 21:26:26 [ERROR] [main] http.HttpRequest <init> : Request Create Fail
java.lang.NullPointerException: null
	at http.HttpRequest.init(HttpRequest.java:42)
	at http.HttpRequest.<init>(HttpRequest.java:33)
	at http.TestHttpRequest.<init>(TestHttpRequest.java:7)
	at was.TestWAS.parserHeaderEachOther(TestWAS.java:30)
	at java.base/jdk.internal.reflect.NativeMethodAccessorImpl.invoke0(Native Method)
	at java.base/jdk.internal.reflect.NativeMethodAccessorImpl.invoke(NativeMethodAccessorImpl.java:62)
	at java.base/jdk.internal.reflect.DelegatingMethodAccessorImpl.invoke(DelegatingMethodAccessorImpl.java:43)
	at java.base/java.lang.reflect.Method.invoke(Method.java:564)
	at org.junit.runners.model.FrameworkMethod$1.runReflectiveCall(FrameworkMethod.java:50)
	at org.junit.internal.runners.model.ReflectiveCallable.run(ReflectiveCallable.java:12)
	at org.junit.runners.model.FrameworkMethod.invokeExplosively(FrameworkMethod.java:47)
	at org.junit.internal.runners.statements.InvokeMethod.evaluate(InvokeMethod.java:17)
	at org.junit.runners.ParentRunner.runLeaf(ParentRunner.java:325)
	at org.junit.runners.BlockJUnit4ClassRunner.runChild(BlockJUnit4ClassRunner.java:78)
	at org.junit.runners.BlockJUnit4ClassRunner.runChild(BlockJUnit4ClassRunner.java:57)
	at org.junit.runners.ParentRunner$3.run(ParentRunner.java:290)
	at org.junit.runners.ParentRunner$1.schedule(ParentRunner.java:71)
	at org.junit.runners.ParentRunner.runChildren(ParentRunner.java:288)
	at org.junit.runners.ParentRunner.access$000(ParentRunner.java:58)
	at org.junit.runners.ParentRunner$2.evaluate(ParentRunner.java:268)
	at org.junit.runners.ParentRunner.run(ParentRunner.java:363)
	at org.eclipse.jdt.internal.junit4.runner.JUnit4TestReference.run(JUnit4TestReference.java:89)
	at org.eclipse.jdt.internal.junit.runner.TestExecution.run(TestExecution.java:41)
	at org.eclipse.jdt.internal.junit.runner.RemoteTestRunner.runTests(RemoteTestRunner.java:541)
	at org.eclipse.jdt.internal.junit.runner.RemoteTestRunner.runTests(RemoteTestRunner.java:763)
	at org.eclipse.jdt.internal.junit.runner.RemoteTestRunner.run(RemoteTestRunner.java:463)
	at org.eclipse.jdt.internal.junit.runner.RemoteTestRunner.main(RemoteTestRunner.java:209)
[TEST] 2020-07-14 21:26:26 [ERROR] [main] http.HttpResponse <init> : Response Create Fail
java.lang.NullPointerException: null
	at http.HttpResponse.<init>(HttpResponse.java:31)
	at http.TestHttpResponse.<init>(TestHttpResponse.java:21)
	at was.TestWAS.parserHeaderEachOther(TestWAS.java:32)
	at java.base/jdk.internal.reflect.NativeMethodAccessorImpl.invoke0(Native Method)
	at java.base/jdk.internal.reflect.NativeMethodAccessorImpl.invoke(NativeMethodAccessorImpl.java:62)
	at java.base/jdk.internal.reflect.DelegatingMethodAccessorImpl.invoke(DelegatingMethodAccessorImpl.java:43)
	at java.base/java.lang.reflect.Method.invoke(Method.java:564)
	at org.junit.runners.model.FrameworkMethod$1.runReflectiveCall(FrameworkMethod.java:50)
	at org.junit.internal.runners.model.ReflectiveCallable.run(ReflectiveCallable.java:12)
	at org.junit.runners.model.FrameworkMethod.invokeExplosively(FrameworkMethod.java:47)
	at org.junit.internal.runners.statements.InvokeMethod.evaluate(InvokeMethod.java:17)
	at org.junit.runners.ParentRunner.runLeaf(ParentRunner.java:325)
	at org.junit.runners.BlockJUnit4ClassRunner.runChild(BlockJUnit4ClassRunner.java:78)
	at org.junit.runners.BlockJUnit4ClassRunner.runChild(BlockJUnit4ClassRunner.java:57)
	at org.junit.runners.ParentRunner$3.run(ParentRunner.java:290)
	at org.junit.runners.ParentRunner$1.schedule(ParentRunner.java:71)
	at org.junit.runners.ParentRunner.runChildren(ParentRunner.java:288)
	at org.junit.runners.ParentRunner.access$000(ParentRunner.java:58)
	at org.junit.runners.ParentRunner$2.evaluate(ParentRunner.java:268)
	at org.junit.runners.ParentRunner.run(ParentRunner.java:363)
	at org.eclipse.jdt.internal.junit4.runner.JUnit4TestReference.run(JUnit4TestReference.java:89)
	at org.eclipse.jdt.internal.junit.runner.TestExecution.run(TestExecution.java:41)
	at org.eclipse.jdt.internal.junit.runner.RemoteTestRunner.runTests(RemoteTestRunner.java:541)
	at org.eclipse.jdt.internal.junit.runner.RemoteTestRunner.runTests(RemoteTestRunner.java:763)
	at org.eclipse.jdt.internal.junit.runner.RemoteTestRunner.run(RemoteTestRunner.java:463)
	at org.eclipse.jdt.internal.junit.runner.RemoteTestRunner.main(RemoteTestRunner.java:209)
[TEST] 2020-07-14 21:26:26 [INFO ] [main] was.TestWAS parserHeaderEachOther : view/TypeA/A_500.html
[TEST] 2020-07-14 21:26:26 [INFO ] [main] was.TestWAS parserHeaderEachOther : view/TypeB/B_500.html
[TEST] 2020-07-14 21:26:48 [INFO ] [main] config.ServerConfig <init> : ServerConfig [port=80, rootDirNm=view, httpRoot={localhost=HostConfig [host=localhost, subDirNm=TypeA, errorViewMapped={403=A_403.html, 404=A_404.html, 500=A_500.html}], 127.0.0.1=HostConfig [host=127.0.0.1, subDirNm=TypeB, errorViewMapped={403=B_403.html, 404=B_404.html, 500=B_500.html}]}]
[TEST] 2020-07-14 21:26:48 [INFO ] [main] config.ServerConfig <init> : Complete
[TEST] 2020-07-14 21:26:48 [INFO ] [main] was.TestWAS loadConfig : ServerConfig [port=80, rootDirNm=view, httpRoot={localhost=HostConfig [host=localhost, subDirNm=TypeA, errorViewMapped={403=A_403.html, 404=A_404.html, 500=A_500.html}], 127.0.0.1=HostConfig [host=127.0.0.1, subDirNm=TypeB, errorViewMapped={403=B_403.html, 404=B_404.html, 500=B_500.html}]}]
[TEST] 2020-07-14 21:26:48 [ERROR] [main] http.HttpRequest <init> : Request Create Fail
java.lang.NullPointerException: null
	at http.HttpRequest.init(HttpRequest.java:42)
	at http.HttpRequest.<init>(HttpRequest.java:33)
	at http.TestHttpRequest.<init>(TestHttpRequest.java:7)
	at was.TestWAS.parserHeaderEachOther(TestWAS.java:24)
	at java.base/jdk.internal.reflect.NativeMethodAccessorImpl.invoke0(Native Method)
	at java.base/jdk.internal.reflect.NativeMethodAccessorImpl.invoke(NativeMethodAccessorImpl.java:62)
	at java.base/jdk.internal.reflect.DelegatingMethodAccessorImpl.invoke(DelegatingMethodAccessorImpl.java:43)
	at java.base/java.lang.reflect.Method.invoke(Method.java:564)
	at org.junit.runners.model.FrameworkMethod$1.runReflectiveCall(FrameworkMethod.java:50)
	at org.junit.internal.runners.model.ReflectiveCallable.run(ReflectiveCallable.java:12)
	at org.junit.runners.model.FrameworkMethod.invokeExplosively(FrameworkMethod.java:47)
	at org.junit.internal.runners.statements.InvokeMethod.evaluate(InvokeMethod.java:17)
	at org.junit.runners.ParentRunner.runLeaf(ParentRunner.java:325)
	at org.junit.runners.BlockJUnit4ClassRunner.runChild(BlockJUnit4ClassRunner.java:78)
	at org.junit.runners.BlockJUnit4ClassRunner.runChild(BlockJUnit4ClassRunner.java:57)
	at org.junit.runners.ParentRunner$3.run(ParentRunner.java:290)
	at org.junit.runners.ParentRunner$1.schedule(ParentRunner.java:71)
	at org.junit.runners.ParentRunner.runChildren(ParentRunner.java:288)
	at org.junit.runners.ParentRunner.access$000(ParentRunner.java:58)
	at org.junit.runners.ParentRunner$2.evaluate(ParentRunner.java:268)
	at org.junit.runners.ParentRunner.run(ParentRunner.java:363)
	at org.eclipse.jdt.internal.junit4.runner.JUnit4TestReference.run(JUnit4TestReference.java:89)
	at org.eclipse.jdt.internal.junit.runner.TestExecution.run(TestExecution.java:41)
	at org.eclipse.jdt.internal.junit.runner.RemoteTestRunner.runTests(RemoteTestRunner.java:541)
	at org.eclipse.jdt.internal.junit.runner.RemoteTestRunner.runTests(RemoteTestRunner.java:763)
	at org.eclipse.jdt.internal.junit.runner.RemoteTestRunner.run(RemoteTestRunner.java:463)
	at org.eclipse.jdt.internal.junit.runner.RemoteTestRunner.main(RemoteTestRunner.java:209)
[TEST] 2020-07-14 21:26:48 [ERROR] [main] http.HttpResponse <init> : Response Create Fail
java.lang.NullPointerException: null
	at http.HttpResponse.<init>(HttpResponse.java:31)
	at http.TestHttpResponse.<init>(TestHttpResponse.java:21)
	at was.TestWAS.parserHeaderEachOther(TestWAS.java:26)
	at java.base/jdk.internal.reflect.NativeMethodAccessorImpl.invoke0(Native Method)
	at java.base/jdk.internal.reflect.NativeMethodAccessorImpl.invoke(NativeMethodAccessorImpl.java:62)
	at java.base/jdk.internal.reflect.DelegatingMethodAccessorImpl.invoke(DelegatingMethodAccessorImpl.java:43)
	at java.base/java.lang.reflect.Method.invoke(Method.java:564)
	at org.junit.runners.model.FrameworkMethod$1.runReflectiveCall(FrameworkMethod.java:50)
	at org.junit.internal.runners.model.ReflectiveCallable.run(ReflectiveCallable.java:12)
	at org.junit.runners.model.FrameworkMethod.invokeExplosively(FrameworkMethod.java:47)
	at org.junit.internal.runners.statements.InvokeMethod.evaluate(InvokeMethod.java:17)
	at org.junit.runners.ParentRunner.runLeaf(ParentRunner.java:325)
	at org.junit.runners.BlockJUnit4ClassRunner.runChild(BlockJUnit4ClassRunner.java:78)
	at org.junit.runners.BlockJUnit4ClassRunner.runChild(BlockJUnit4ClassRunner.java:57)
	at org.junit.runners.ParentRunner$3.run(ParentRunner.java:290)
	at org.junit.runners.ParentRunner$1.schedule(ParentRunner.java:71)
	at org.junit.runners.ParentRunner.runChildren(ParentRunner.java:288)
	at org.junit.runners.ParentRunner.access$000(ParentRunner.java:58)
	at org.junit.runners.ParentRunner$2.evaluate(ParentRunner.java:268)
	at org.junit.runners.ParentRunner.run(ParentRunner.java:363)
	at org.eclipse.jdt.internal.junit4.runner.JUnit4TestReference.run(JUnit4TestReference.java:89)
	at org.eclipse.jdt.internal.junit.runner.TestExecution.run(TestExecution.java:41)
	at org.eclipse.jdt.internal.junit.runner.RemoteTestRunner.runTests(RemoteTestRunner.java:541)
	at org.eclipse.jdt.internal.junit.runner.RemoteTestRunner.runTests(RemoteTestRunner.java:763)
	at org.eclipse.jdt.internal.junit.runner.RemoteTestRunner.run(RemoteTestRunner.java:463)
	at org.eclipse.jdt.internal.junit.runner.RemoteTestRunner.main(RemoteTestRunner.java:209)
[TEST] 2020-07-14 21:26:48 [ERROR] [main] http.HttpRequest <init> : Request Create Fail
java.lang.NullPointerException: null
	at http.HttpRequest.init(HttpRequest.java:42)
	at http.HttpRequest.<init>(HttpRequest.java:33)
	at http.TestHttpRequest.<init>(TestHttpRequest.java:7)
	at was.TestWAS.parserHeaderEachOther(TestWAS.java:30)
	at java.base/jdk.internal.reflect.NativeMethodAccessorImpl.invoke0(Native Method)
	at java.base/jdk.internal.reflect.NativeMethodAccessorImpl.invoke(NativeMethodAccessorImpl.java:62)
	at java.base/jdk.internal.reflect.DelegatingMethodAccessorImpl.invoke(DelegatingMethodAccessorImpl.java:43)
	at java.base/java.lang.reflect.Method.invoke(Method.java:564)
	at org.junit.runners.model.FrameworkMethod$1.runReflectiveCall(FrameworkMethod.java:50)
	at org.junit.internal.runners.model.ReflectiveCallable.run(ReflectiveCallable.java:12)
	at org.junit.runners.model.FrameworkMethod.invokeExplosively(FrameworkMethod.java:47)
	at org.junit.internal.runners.statements.InvokeMethod.evaluate(InvokeMethod.java:17)
	at org.junit.runners.ParentRunner.runLeaf(ParentRunner.java:325)
	at org.junit.runners.BlockJUnit4ClassRunner.runChild(BlockJUnit4ClassRunner.java:78)
	at org.junit.runners.BlockJUnit4ClassRunner.runChild(BlockJUnit4ClassRunner.java:57)
	at org.junit.runners.ParentRunner$3.run(ParentRunner.java:290)
	at org.junit.runners.ParentRunner$1.schedule(ParentRunner.java:71)
	at org.junit.runners.ParentRunner.runChildren(ParentRunner.java:288)
	at org.junit.runners.ParentRunner.access$000(ParentRunner.java:58)
	at org.junit.runners.ParentRunner$2.evaluate(ParentRunner.java:268)
	at org.junit.runners.ParentRunner.run(ParentRunner.java:363)
	at org.eclipse.jdt.internal.junit4.runner.JUnit4TestReference.run(JUnit4TestReference.java:89)
	at org.eclipse.jdt.internal.junit.runner.TestExecution.run(TestExecution.java:41)
	at org.eclipse.jdt.internal.junit.runner.RemoteTestRunner.runTests(RemoteTestRunner.java:541)
	at org.eclipse.jdt.internal.junit.runner.RemoteTestRunner.runTests(RemoteTestRunner.java:763)
	at org.eclipse.jdt.internal.junit.runner.RemoteTestRunner.run(RemoteTestRunner.java:463)
	at org.eclipse.jdt.internal.junit.runner.RemoteTestRunner.main(RemoteTestRunner.java:209)
[TEST] 2020-07-14 21:26:48 [ERROR] [main] http.HttpResponse <init> : Response Create Fail
java.lang.NullPointerException: null
	at http.HttpResponse.<init>(HttpResponse.java:31)
	at http.TestHttpResponse.<init>(TestHttpResponse.java:21)
	at was.TestWAS.parserHeaderEachOther(TestWAS.java:32)
	at java.base/jdk.internal.reflect.NativeMethodAccessorImpl.invoke0(Native Method)
	at java.base/jdk.internal.reflect.NativeMethodAccessorImpl.invoke(NativeMethodAccessorImpl.java:62)
	at java.base/jdk.internal.reflect.DelegatingMethodAccessorImpl.invoke(DelegatingMethodAccessorImpl.java:43)
	at java.base/java.lang.reflect.Method.invoke(Method.java:564)
	at org.junit.runners.model.FrameworkMethod$1.runReflectiveCall(FrameworkMethod.java:50)
	at org.junit.internal.runners.model.ReflectiveCallable.run(ReflectiveCallable.java:12)
	at org.junit.runners.model.FrameworkMethod.invokeExplosively(FrameworkMethod.java:47)
	at org.junit.internal.runners.statements.InvokeMethod.evaluate(InvokeMethod.java:17)
	at org.junit.runners.ParentRunner.runLeaf(ParentRunner.java:325)
	at org.junit.runners.BlockJUnit4ClassRunner.runChild(BlockJUnit4ClassRunner.java:78)
	at org.junit.runners.BlockJUnit4ClassRunner.runChild(BlockJUnit4ClassRunner.java:57)
	at org.junit.runners.ParentRunner$3.run(ParentRunner.java:290)
	at org.junit.runners.ParentRunner$1.schedule(ParentRunner.java:71)
	at org.junit.runners.ParentRunner.runChildren(ParentRunner.java:288)
	at org.junit.runners.ParentRunner.access$000(ParentRunner.java:58)
	at org.junit.runners.ParentRunner$2.evaluate(ParentRunner.java:268)
	at org.junit.runners.ParentRunner.run(ParentRunner.java:363)
	at org.eclipse.jdt.internal.junit4.runner.JUnit4TestReference.run(JUnit4TestReference.java:89)
	at org.eclipse.jdt.internal.junit.runner.TestExecution.run(TestExecution.java:41)
	at org.eclipse.jdt.internal.junit.runner.RemoteTestRunner.runTests(RemoteTestRunner.java:541)
	at org.eclipse.jdt.internal.junit.runner.RemoteTestRunner.runTests(RemoteTestRunner.java:763)
	at org.eclipse.jdt.internal.junit.runner.RemoteTestRunner.run(RemoteTestRunner.java:463)
	at org.eclipse.jdt.internal.junit.runner.RemoteTestRunner.main(RemoteTestRunner.java:209)
[TEST] 2020-07-14 21:26:48 [INFO ] [main] was.TestWAS parserHeaderEachOther : view/TypeA/A_500.html
[TEST] 2020-07-14 21:26:48 [INFO ] [main] was.TestWAS parserHeaderEachOther : view/TypeB/B_500.html
[TEST] 2020-07-14 21:27:36 [INFO ] [main] config.ServerConfig <init> : ServerConfig [port=80, rootDirNm=view, httpRoot={localhost=HostConfig [host=localhost, subDirNm=TypeA, errorViewMapped={403=A_403.html, 404=A_404.html, 500=A_500.html}], 127.0.0.1=HostConfig [host=127.0.0.1, subDirNm=TypeB, errorViewMapped={403=B_403.html, 404=B_404.html, 500=B_500.html}]}]
[TEST] 2020-07-14 21:27:36 [INFO ] [main] config.ServerConfig <init> : Complete
[TEST] 2020-07-14 21:27:36 [INFO ] [main] was.TestWAS loadConfig : ServerConfig [port=80, rootDirNm=view, httpRoot={localhost=HostConfig [host=localhost, subDirNm=TypeA, errorViewMapped={403=A_403.html, 404=A_404.html, 500=A_500.html}], 127.0.0.1=HostConfig [host=127.0.0.1, subDirNm=TypeB, errorViewMapped={403=B_403.html, 404=B_404.html, 500=B_500.html}]}]
[TEST] 2020-07-14 21:27:37 [ERROR] [main] http.HttpRequest <init> : Request Create Fail
java.lang.NullPointerException: null
	at http.HttpRequest.init(HttpRequest.java:42)
	at http.HttpRequest.<init>(HttpRequest.java:33)
	at http.TestHttpRequest.<init>(TestHttpRequest.java:7)
	at was.TestWAS.parserHeaderEachOther(TestWAS.java:24)
	at java.base/jdk.internal.reflect.NativeMethodAccessorImpl.invoke0(Native Method)
	at java.base/jdk.internal.reflect.NativeMethodAccessorImpl.invoke(NativeMethodAccessorImpl.java:62)
	at java.base/jdk.internal.reflect.DelegatingMethodAccessorImpl.invoke(DelegatingMethodAccessorImpl.java:43)
	at java.base/java.lang.reflect.Method.invoke(Method.java:564)
	at org.junit.runners.model.FrameworkMethod$1.runReflectiveCall(FrameworkMethod.java:50)
	at org.junit.internal.runners.model.ReflectiveCallable.run(ReflectiveCallable.java:12)
	at org.junit.runners.model.FrameworkMethod.invokeExplosively(FrameworkMethod.java:47)
	at org.junit.internal.runners.statements.InvokeMethod.evaluate(InvokeMethod.java:17)
	at org.junit.runners.ParentRunner.runLeaf(ParentRunner.java:325)
	at org.junit.runners.BlockJUnit4ClassRunner.runChild(BlockJUnit4ClassRunner.java:78)
	at org.junit.runners.BlockJUnit4ClassRunner.runChild(BlockJUnit4ClassRunner.java:57)
	at org.junit.runners.ParentRunner$3.run(ParentRunner.java:290)
	at org.junit.runners.ParentRunner$1.schedule(ParentRunner.java:71)
	at org.junit.runners.ParentRunner.runChildren(ParentRunner.java:288)
	at org.junit.runners.ParentRunner.access$000(ParentRunner.java:58)
	at org.junit.runners.ParentRunner$2.evaluate(ParentRunner.java:268)
	at org.junit.runners.ParentRunner.run(ParentRunner.java:363)
	at org.eclipse.jdt.internal.junit4.runner.JUnit4TestReference.run(JUnit4TestReference.java:89)
	at org.eclipse.jdt.internal.junit.runner.TestExecution.run(TestExecution.java:41)
	at org.eclipse.jdt.internal.junit.runner.RemoteTestRunner.runTests(RemoteTestRunner.java:541)
	at org.eclipse.jdt.internal.junit.runner.RemoteTestRunner.runTests(RemoteTestRunner.java:763)
	at org.eclipse.jdt.internal.junit.runner.RemoteTestRunner.run(RemoteTestRunner.java:463)
	at org.eclipse.jdt.internal.junit.runner.RemoteTestRunner.main(RemoteTestRunner.java:209)
[TEST] 2020-07-14 21:27:37 [ERROR] [main] http.HttpResponse <init> : Response Create Fail
java.lang.NullPointerException: null
	at http.HttpResponse.<init>(HttpResponse.java:31)
	at http.TestHttpResponse.<init>(TestHttpResponse.java:21)
	at was.TestWAS.parserHeaderEachOther(TestWAS.java:26)
	at java.base/jdk.internal.reflect.NativeMethodAccessorImpl.invoke0(Native Method)
	at java.base/jdk.internal.reflect.NativeMethodAccessorImpl.invoke(NativeMethodAccessorImpl.java:62)
	at java.base/jdk.internal.reflect.DelegatingMethodAccessorImpl.invoke(DelegatingMethodAccessorImpl.java:43)
	at java.base/java.lang.reflect.Method.invoke(Method.java:564)
	at org.junit.runners.model.FrameworkMethod$1.runReflectiveCall(FrameworkMethod.java:50)
	at org.junit.internal.runners.model.ReflectiveCallable.run(ReflectiveCallable.java:12)
	at org.junit.runners.model.FrameworkMethod.invokeExplosively(FrameworkMethod.java:47)
	at org.junit.internal.runners.statements.InvokeMethod.evaluate(InvokeMethod.java:17)
	at org.junit.runners.ParentRunner.runLeaf(ParentRunner.java:325)
	at org.junit.runners.BlockJUnit4ClassRunner.runChild(BlockJUnit4ClassRunner.java:78)
	at org.junit.runners.BlockJUnit4ClassRunner.runChild(BlockJUnit4ClassRunner.java:57)
	at org.junit.runners.ParentRunner$3.run(ParentRunner.java:290)
	at org.junit.runners.ParentRunner$1.schedule(ParentRunner.java:71)
	at org.junit.runners.ParentRunner.runChildren(ParentRunner.java:288)
	at org.junit.runners.ParentRunner.access$000(ParentRunner.java:58)
	at org.junit.runners.ParentRunner$2.evaluate(ParentRunner.java:268)
	at org.junit.runners.ParentRunner.run(ParentRunner.java:363)
	at org.eclipse.jdt.internal.junit4.runner.JUnit4TestReference.run(JUnit4TestReference.java:89)
	at org.eclipse.jdt.internal.junit.runner.TestExecution.run(TestExecution.java:41)
	at org.eclipse.jdt.internal.junit.runner.RemoteTestRunner.runTests(RemoteTestRunner.java:541)
	at org.eclipse.jdt.internal.junit.runner.RemoteTestRunner.runTests(RemoteTestRunner.java:763)
	at org.eclipse.jdt.internal.junit.runner.RemoteTestRunner.run(RemoteTestRunner.java:463)
	at org.eclipse.jdt.internal.junit.runner.RemoteTestRunner.main(RemoteTestRunner.java:209)
[TEST] 2020-07-14 21:27:37 [ERROR] [main] http.HttpRequest <init> : Request Create Fail
java.lang.NullPointerException: null
	at http.HttpRequest.init(HttpRequest.java:42)
	at http.HttpRequest.<init>(HttpRequest.java:33)
	at http.TestHttpRequest.<init>(TestHttpRequest.java:7)
	at was.TestWAS.parserHeaderEachOther(TestWAS.java:30)
	at java.base/jdk.internal.reflect.NativeMethodAccessorImpl.invoke0(Native Method)
	at java.base/jdk.internal.reflect.NativeMethodAccessorImpl.invoke(NativeMethodAccessorImpl.java:62)
	at java.base/jdk.internal.reflect.DelegatingMethodAccessorImpl.invoke(DelegatingMethodAccessorImpl.java:43)
	at java.base/java.lang.reflect.Method.invoke(Method.java:564)
	at org.junit.runners.model.FrameworkMethod$1.runReflectiveCall(FrameworkMethod.java:50)
	at org.junit.internal.runners.model.ReflectiveCallable.run(ReflectiveCallable.java:12)
	at org.junit.runners.model.FrameworkMethod.invokeExplosively(FrameworkMethod.java:47)
	at org.junit.internal.runners.statements.InvokeMethod.evaluate(InvokeMethod.java:17)
	at org.junit.runners.ParentRunner.runLeaf(ParentRunner.java:325)
	at org.junit.runners.BlockJUnit4ClassRunner.runChild(BlockJUnit4ClassRunner.java:78)
	at org.junit.runners.BlockJUnit4ClassRunner.runChild(BlockJUnit4ClassRunner.java:57)
	at org.junit.runners.ParentRunner$3.run(ParentRunner.java:290)
	at org.junit.runners.ParentRunner$1.schedule(ParentRunner.java:71)
	at org.junit.runners.ParentRunner.runChildren(ParentRunner.java:288)
	at org.junit.runners.ParentRunner.access$000(ParentRunner.java:58)
	at org.junit.runners.ParentRunner$2.evaluate(ParentRunner.java:268)
	at org.junit.runners.ParentRunner.run(ParentRunner.java:363)
	at org.eclipse.jdt.internal.junit4.runner.JUnit4TestReference.run(JUnit4TestReference.java:89)
	at org.eclipse.jdt.internal.junit.runner.TestExecution.run(TestExecution.java:41)
	at org.eclipse.jdt.internal.junit.runner.RemoteTestRunner.runTests(RemoteTestRunner.java:541)
	at org.eclipse.jdt.internal.junit.runner.RemoteTestRunner.runTests(RemoteTestRunner.java:763)
	at org.eclipse.jdt.internal.junit.runner.RemoteTestRunner.run(RemoteTestRunner.java:463)
	at org.eclipse.jdt.internal.junit.runner.RemoteTestRunner.main(RemoteTestRunner.java:209)
[TEST] 2020-07-14 21:27:37 [ERROR] [main] http.HttpResponse <init> : Response Create Fail
java.lang.NullPointerException: null
	at http.HttpResponse.<init>(HttpResponse.java:31)
	at http.TestHttpResponse.<init>(TestHttpResponse.java:21)
	at was.TestWAS.parserHeaderEachOther(TestWAS.java:32)
	at java.base/jdk.internal.reflect.NativeMethodAccessorImpl.invoke0(Native Method)
	at java.base/jdk.internal.reflect.NativeMethodAccessorImpl.invoke(NativeMethodAccessorImpl.java:62)
	at java.base/jdk.internal.reflect.DelegatingMethodAccessorImpl.invoke(DelegatingMethodAccessorImpl.java:43)
	at java.base/java.lang.reflect.Method.invoke(Method.java:564)
	at org.junit.runners.model.FrameworkMethod$1.runReflectiveCall(FrameworkMethod.java:50)
	at org.junit.internal.runners.model.ReflectiveCallable.run(ReflectiveCallable.java:12)
	at org.junit.runners.model.FrameworkMethod.invokeExplosively(FrameworkMethod.java:47)
	at org.junit.internal.runners.statements.InvokeMethod.evaluate(InvokeMethod.java:17)
	at org.junit.runners.ParentRunner.runLeaf(ParentRunner.java:325)
	at org.junit.runners.BlockJUnit4ClassRunner.runChild(BlockJUnit4ClassRunner.java:78)
	at org.junit.runners.BlockJUnit4ClassRunner.runChild(BlockJUnit4ClassRunner.java:57)
	at org.junit.runners.ParentRunner$3.run(ParentRunner.java:290)
	at org.junit.runners.ParentRunner$1.schedule(ParentRunner.java:71)
	at org.junit.runners.ParentRunner.runChildren(ParentRunner.java:288)
	at org.junit.runners.ParentRunner.access$000(ParentRunner.java:58)
	at org.junit.runners.ParentRunner$2.evaluate(ParentRunner.java:268)
	at org.junit.runners.ParentRunner.run(ParentRunner.java:363)
	at org.eclipse.jdt.internal.junit4.runner.JUnit4TestReference.run(JUnit4TestReference.java:89)
	at org.eclipse.jdt.internal.junit.runner.TestExecution.run(TestExecution.java:41)
	at org.eclipse.jdt.internal.junit.runner.RemoteTestRunner.runTests(RemoteTestRunner.java:541)
	at org.eclipse.jdt.internal.junit.runner.RemoteTestRunner.runTests(RemoteTestRunner.java:763)
	at org.eclipse.jdt.internal.junit.runner.RemoteTestRunner.run(RemoteTestRunner.java:463)
	at org.eclipse.jdt.internal.junit.runner.RemoteTestRunner.main(RemoteTestRunner.java:209)
[TEST] 2020-07-14 21:27:37 [INFO ] [main] was.TestWAS parserHeaderEachOther : view/TypeA/A_500.html
[TEST] 2020-07-14 21:27:37 [INFO ] [main] was.TestWAS parserHeaderEachOther : view/TypeB/B_500.html
[TEST] 2020-07-14 21:29:08 [INFO ] [main] config.ServerConfig <init> : ServerConfig [port=80, rootDirNm=view, httpRoot={localhost=HostConfig [host=localhost, subDirNm=TypeA, errorViewMapped={403=A_403.html, 404=A_404.html, 500=A_500.html}], 127.0.0.1=HostConfig [host=127.0.0.1, subDirNm=TypeB, errorViewMapped={403=B_403.html, 404=B_404.html, 500=B_500.html}]}]
[TEST] 2020-07-14 21:29:08 [INFO ] [main] config.ServerConfig <init> : Complete
[TEST] 2020-07-14 21:29:09 [INFO ] [main] was.HttpServer start : Accepting connections on port 80
[TEST] 2020-07-14 21:41:06 [INFO ] [Thread-0] config.ServerConfig <init> : ServerConfig [port=80, rootDirNm=view, httpRoot={localhost=HostConfig [host=localhost, subDirNm=TypeA, errorViewMapped={403=A_403.html, 404=A_404.html, 500=A_500.html}], 127.0.0.1=HostConfig [host=127.0.0.1, subDirNm=TypeB, errorViewMapped={403=B_403.html, 404=B_404.html, 500=B_500.html}]}]
[TEST] 2020-07-14 21:41:06 [INFO ] [Thread-0] config.ServerConfig <init> : Complete
[TEST] 2020-07-14 21:41:06 [INFO ] [Thread-0] was.HttpServer start : Accepting connections on port 80
[TEST] 2020-07-14 21:42:34 [INFO ] [Thread-0] config.ServerConfig <init> : ServerConfig [port=80, rootDirNm=view, httpRoot={localhost=HostConfig [host=localhost, subDirNm=TypeA, errorViewMapped={403=A_403.html, 404=A_404.html, 500=A_500.html}], 127.0.0.1=HostConfig [host=127.0.0.1, subDirNm=TypeB, errorViewMapped={403=B_403.html, 404=B_404.html, 500=B_500.html}]}]
[TEST] 2020-07-14 21:42:34 [INFO ] [Thread-0] config.ServerConfig <init> : Complete
[TEST] 2020-07-14 21:42:34 [INFO ] [Thread-0] was.HttpServer start : Accepting connections on port 80
[TEST] 2020-07-14 21:43:29 [INFO ] [main] was.TestWAS errorHandleNotFound : 404
[TEST] 2020-07-14 21:43:29 [INFO ] [main] was.TestWAS errorHandleNotFound : NOT_FOUND
[TEST] 2020-07-14 21:44:05 [INFO ] [Thread-0] config.ServerConfig <init> : ServerConfig [port=80, rootDirNm=view, httpRoot={localhost=HostConfig [host=localhost, subDirNm=TypeA, errorViewMapped={403=A_403.html, 404=A_404.html, 500=A_500.html}], 127.0.0.1=HostConfig [host=127.0.0.1, subDirNm=TypeB, errorViewMapped={403=B_403.html, 404=B_404.html, 500=B_500.html}]}]
[TEST] 2020-07-14 21:44:05 [INFO ] [Thread-0] config.ServerConfig <init> : Complete
[TEST] 2020-07-14 21:44:05 [INFO ] [Thread-0] was.HttpServer start : Accepting connections on port 80
[TEST] 2020-07-14 21:44:10 [INFO ] [main] was.TestWAS errorHandleNotFound : 404
[TEST] 2020-07-14 21:44:10 [INFO ] [main] was.TestWAS errorHandleNotFound : NOT_FOUND
[TEST] 2020-07-14 21:47:33 [INFO ] [Thread-0] config.ServerConfig <init> : ServerConfig [port=80, rootDirNm=view, httpRoot={localhost=HostConfig [host=localhost, subDirNm=TypeA, errorViewMapped={403=A_403.html, 404=A_404.html, 500=A_500.html}], 127.0.0.1=HostConfig [host=127.0.0.1, subDirNm=TypeB, errorViewMapped={403=B_403.html, 404=B_404.html, 500=B_500.html}]}]
[TEST] 2020-07-14 21:47:33 [INFO ] [Thread-0] config.ServerConfig <init> : Complete
[TEST] 2020-07-14 21:47:33 [INFO ] [Thread-0] was.HttpServer start : Accepting connections on port 80
[TEST] 2020-07-14 21:47:38 [INFO ] [main] was.TestWAS errorHandleNotFound : 404
[TEST] 2020-07-14 21:47:38 [INFO ] [main] was.TestWAS errorHandleNotFound : NOT_FOUND
[TEST] 2020-07-14 21:47:38 [INFO ] [main] was.TestWAS errorHandleForbidden : 403
[TEST] 2020-07-14 21:47:38 [INFO ] [main] was.TestWAS errorHandleForbidden : FORBIDDEN
[TEST] 2020-07-14 21:48:50 [INFO ] [Thread-0] config.ServerConfig <init> : ServerConfig [port=80, rootDirNm=view, httpRoot={localhost=HostConfig [host=localhost, subDirNm=TypeA, errorViewMapped={403=A_403.html, 404=A_404.html, 500=A_500.html}], 127.0.0.1=HostConfig [host=127.0.0.1, subDirNm=TypeB, errorViewMapped={403=B_403.html, 404=B_404.html, 500=B_500.html}]}]
[TEST] 2020-07-14 21:48:50 [INFO ] [Thread-0] config.ServerConfig <init> : Complete
[TEST] 2020-07-14 21:48:50 [INFO ] [Thread-0] was.HttpServer start : Accepting connections on port 80
[TEST] 2020-07-14 21:49:26 [INFO ] [main] was.TestWAS errorHandleForbidden : 403
[TEST] 2020-07-14 21:49:26 [INFO ] [main] was.TestWAS errorHandleForbidden : FORBIDDEN
[TEST] 2020-07-14 21:50:38 [INFO ] [Thread-0] config.ServerConfig <init> : ServerConfig [port=80, rootDirNm=view, httpRoot={localhost=HostConfig [host=localhost, subDirNm=TypeA, errorViewMapped={403=A_403.html, 404=A_404.html, 500=A_500.html}], 127.0.0.1=HostConfig [host=127.0.0.1, subDirNm=TypeB, errorViewMapped={403=B_403.html, 404=B_404.html, 500=B_500.html}]}]
[TEST] 2020-07-14 21:50:38 [INFO ] [Thread-0] config.ServerConfig <init> : Complete
[TEST] 2020-07-14 21:50:38 [INFO ] [Thread-0] was.HttpServer start : Accepting connections on port 80
[TEST] 2020-07-14 21:50:41 [INFO ] [main] was.TestWAS errorHandleNotFound : 404
[TEST] 2020-07-14 21:50:41 [INFO ] [main] was.TestWAS errorHandleNotFound : NOT_FOUND
[TEST] 2020-07-14 21:50:41 [INFO ] [main] was.TestWAS errorHandleForbidden : 403
[TEST] 2020-07-14 21:50:41 [INFO ] [main] was.TestWAS errorHandleForbidden : FORBIDDEN
[TEST] 2020-07-14 21:50:41 [INFO ] [pool-1-thread-2] service.Error service : HttpRequest [method=GET, url=/cmd.exe, protocol=HTTP/1.1, host=Java/10.0.1] response: 0.01 ms
[TEST] 2020-07-14 21:50:41 [INFO ] [pool-1-thread-1] service.Error service : HttpRequest [method=GET, url=/notFound, protocol=HTTP/1.1, host=Java/10.0.1] response: 0.23 ms
[TEST] 2020-07-14 21:53:45 [INFO ] [Thread-0] config.ServerConfig <init> : ServerConfig [port=80, rootDirNm=view, httpRoot={localhost=HostConfig [host=localhost, subDirNm=TypeA, errorViewMapped={403=A_403.html, 404=A_404.html, 500=A_500.html}], 127.0.0.1=HostConfig [host=127.0.0.1, subDirNm=TypeB, errorViewMapped={403=B_403.html, 404=B_404.html, 500=B_500.html}]}]
[TEST] 2020-07-14 21:53:45 [INFO ] [Thread-0] config.ServerConfig <init> : Complete
[TEST] 2020-07-14 21:53:45 [INFO ] [Thread-0] was.HttpServer start : Accepting connections on port 80
[TEST] 2020-07-14 21:53:48 [INFO ] [main] was.TestWAS errorHandleNotFound : 404
[TEST] 2020-07-14 21:53:48 [INFO ] [main] was.TestWAS errorHandleNotFound : NOT_FOUND
[TEST] 2020-07-14 21:53:48 [INFO ] [main] was.TestWAS errorHandleForbidden : 403
[TEST] 2020-07-14 21:53:48 [INFO ] [main] was.TestWAS errorHandleForbidden : FORBIDDEN
[TEST] 2020-07-14 21:53:48 [INFO ] [pool-1-thread-2] service.Error service : HttpRequest [method=GET, url=/cmd.exe, protocol=HTTP/1.1, host=Java/10.0.1] response: 0.003 ms
[TEST] 2020-07-14 21:53:48 [INFO ] [pool-1-thread-1] service.Error service : HttpRequest [method=GET, url=/notFound, protocol=HTTP/1.1, host=Java/10.0.1] response: 0.133 ms
[TEST] 2020-07-14 21:54:31 [INFO ] [main] was.TestWAS errorHandleNotFound : 404
[TEST] 2020-07-14 21:54:31 [INFO ] [main] was.TestWAS errorHandleNotFound : NOT_FOUND
[TEST] 2020-07-14 21:58:40 [INFO ] [main] was.TestWAS errorHandleNotFound : 404
[TEST] 2020-07-14 21:58:40 [INFO ] [main] was.TestWAS errorHandleNotFound : NOT_FOUND
[TEST] 2020-07-14 22:08:37 [INFO ] [Thread-0] config.ServerConfig <init> : ServerConfig [port=80, rootDirNm=view, httpRoot={localhost=HostConfig [host=localhost, subDirNm=TypeA, errorViewMapped={403=A_403.html, 404=A_404.html, 500=A_500.html}], 127.0.0.1=HostConfig [host=127.0.0.1, subDirNm=TypeB, errorViewMapped={403=B_403.html, 404=B_404.html, 500=B_500.html}]}]
[TEST] 2020-07-14 22:08:37 [INFO ] [Thread-0] config.ServerConfig <init> : Complete
[TEST] 2020-07-14 22:08:37 [INFO ] [Thread-0] was.HttpServer start : Accepting connections on port 80
[TEST] 2020-07-14 22:08:40 [INFO ] [main] was.TestWAS errorHandleNotFound : 404
[TEST] 2020-07-14 22:08:40 [INFO ] [main] was.TestWAS errorHandleNotFound : NOT_FOUND
[TEST] 2020-07-14 22:08:40 [INFO ] [pool-1-thread-1] service.Error service : HttpRequest [method=GET, url=/notFound, protocol=HTTP/1.1, host=no-cache] response: 0.07 ms
[TEST] 2020-07-14 22:08:56 [INFO ] [Thread-0] config.ServerConfig <init> : ServerConfig [port=80, rootDirNm=view, httpRoot={localhost=HostConfig [host=localhost, subDirNm=TypeA, errorViewMapped={403=A_403.html, 404=A_404.html, 500=A_500.html}], 127.0.0.1=HostConfig [host=127.0.0.1, subDirNm=TypeB, errorViewMapped={403=B_403.html, 404=B_404.html, 500=B_500.html}]}]
[TEST] 2020-07-14 22:08:56 [INFO ] [Thread-0] config.ServerConfig <init> : Complete
[TEST] 2020-07-14 22:08:56 [INFO ] [Thread-0] was.HttpServer start : Accepting connections on port 80
[TEST] 2020-07-14 22:13:09 [INFO ] [Thread-0] config.ServerConfig <init> : ServerConfig [port=80, rootDirNm=view, httpRoot={localhost=HostConfig [host=localhost, subDirNm=TypeA, errorViewMapped={403=A_403.html, 404=A_404.html, 500=A_500.html}], 127.0.0.1=HostConfig [host=127.0.0.1, subDirNm=TypeB, errorViewMapped={403=B_403.html, 404=B_404.html, 500=B_500.html}]}]
[TEST] 2020-07-14 22:13:09 [INFO ] [Thread-0] config.ServerConfig <init> : Complete
[TEST] 2020-07-14 22:13:09 [INFO ] [Thread-0] was.HttpServer start : Accepting connections on port 80
[TEST] 2020-07-14 22:16:08 [INFO ] [Thread-0] config.ServerConfig <init> : ServerConfig [port=80, rootDirNm=view, httpRoot={localhost=HostConfig [host=localhost, subDirNm=TypeA, errorViewMapped={403=A_403.html, 404=A_404.html, 500=A_500.html}], 127.0.0.1=HostConfig [host=127.0.0.1, subDirNm=TypeB, errorViewMapped={403=B_403.html, 404=B_404.html, 500=B_500.html}]}]
[TEST] 2020-07-14 22:16:08 [INFO ] [Thread-0] config.ServerConfig <init> : Complete
[TEST] 2020-07-14 22:16:08 [INFO ] [Thread-0] was.HttpServer start : Accepting connections on port 80
[TEST] 2020-07-14 22:16:10 [INFO ] [pool-1-thread-1] service.Error service : HttpRequest [method=GET, url=/notFound, protocol=HTTP/1.1, host=localhost] response: 0.072 ms
[TEST] 2020-07-14 22:16:11 [INFO ] [pool-1-thread-3] service.Error service : HttpRequest [method=GET, url=/notFound, protocol=HTTP/1.1, host=localhost] response: 0.002 ms
[TEST] 2020-07-14 22:16:11 [INFO ] [main] was.TestWAS errorHandleNotFound : 404
[TEST] 2020-07-14 22:16:11 [INFO ] [main] was.TestWAS errorHandleNotFound : NOT_FOUND
[TEST] 2020-07-14 22:16:20 [INFO ] [Thread-0] config.ServerConfig <init> : ServerConfig [port=80, rootDirNm=view, httpRoot={localhost=HostConfig [host=localhost, subDirNm=TypeA, errorViewMapped={403=A_403.html, 404=A_404.html, 500=A_500.html}], 127.0.0.1=HostConfig [host=127.0.0.1, subDirNm=TypeB, errorViewMapped={403=B_403.html, 404=B_404.html, 500=B_500.html}]}]
[TEST] 2020-07-14 22:16:20 [INFO ] [Thread-0] config.ServerConfig <init> : Complete
[TEST] 2020-07-14 22:16:20 [ERROR] [Thread-0] was.HttpServer run : server running error
java.net.BindException: Address already in use (Bind failed)
	at java.base/java.net.PlainSocketImpl.socketBind(Native Method)
	at java.base/java.net.AbstractPlainSocketImpl.bind(AbstractPlainSocketImpl.java:437)
	at java.base/java.net.ServerSocket.bind(ServerSocket.java:381)
	at java.base/java.net.ServerSocket.<init>(ServerSocket.java:243)
	at java.base/java.net.ServerSocket.<init>(ServerSocket.java:135)
	at was.HttpServer.start(HttpServer.java:41)
	at was.HttpServer.run(HttpServer.java:59)
	at java.base/java.lang.Thread.run(Thread.java:844)
[TEST] 2020-07-14 22:16:45 [INFO ] [Thread-0] config.ServerConfig <init> : ServerConfig [port=80, rootDirNm=view, httpRoot={localhost=HostConfig [host=localhost, subDirNm=TypeA, errorViewMapped={403=A_403.html, 404=A_404.html, 500=A_500.html}], 127.0.0.1=HostConfig [host=127.0.0.1, subDirNm=TypeB, errorViewMapped={403=B_403.html, 404=B_404.html, 500=B_500.html}]}]
[TEST] 2020-07-14 22:16:45 [INFO ] [Thread-0] config.ServerConfig <init> : Complete
[TEST] 2020-07-14 22:16:45 [ERROR] [Thread-0] was.HttpServer run : server running error
java.net.BindException: Address already in use (Bind failed)
	at java.base/java.net.PlainSocketImpl.socketBind(Native Method)
	at java.base/java.net.AbstractPlainSocketImpl.bind(AbstractPlainSocketImpl.java:437)
	at java.base/java.net.ServerSocket.bind(ServerSocket.java:381)
	at java.base/java.net.ServerSocket.<init>(ServerSocket.java:243)
	at java.base/java.net.ServerSocket.<init>(ServerSocket.java:135)
	at was.HttpServer.start(HttpServer.java:41)
	at was.HttpServer.run(HttpServer.java:59)
	at java.base/java.lang.Thread.run(Thread.java:844)
[TEST] 2020-07-14 22:19:19 [INFO ] [main] was.TestWAS errorHandleNotFound : 404
[TEST] 2020-07-14 22:19:19 [INFO ] [main] was.TestWAS errorHandleNotFound : NOT_FOUND
[TEST] 2020-07-14 22:20:25 [INFO ] [main] was.TestWAS errorHandleNotFound : 404
[TEST] 2020-07-14 22:20:25 [INFO ] [main] was.TestWAS errorHandleNotFound : NOT_FOUND
[TEST] 2020-07-14 22:22:21 [INFO ] [main] was.TestWAS errorHandleNotFound : 404
[TEST] 2020-07-14 22:22:21 [INFO ] [main] was.TestWAS errorHandleNotFound : NOT_FOUND
[TEST] 2020-07-14 22:24:21 [INFO ] [main] was.TestWAS errorHandleNotFound : 404
[TEST] 2020-07-14 22:24:21 [INFO ] [main] was.TestWAS errorHandleNotFound : NOT_FOUND
[TEST] 2020-07-14 22:26:20 [INFO ] [main] was.TestWAS errorHandleNotFound : 404
[TEST] 2020-07-14 22:26:20 [INFO ] [main] was.TestWAS errorHandleNotFound : NOT_FOUND
[TEST] 2020-07-14 22:26:20 [INFO ] [main] was.TestWAS errorHandleNotFound : A 404
[TEST] 2020-07-14 22:28:52 [INFO ] [Thread-0] config.ServerConfig <init> : ServerConfig [port=80, rootDirNm=view, httpRoot={localhost=HostConfig [host=localhost, subDirNm=TypeA, errorViewMapped={403=A_403.html, 404=A_404.html, 500=A_500.html}], 127.0.0.1=HostConfig [host=127.0.0.1, subDirNm=TypeB, errorViewMapped={403=B_403.html, 404=B_404.html, 500=B_500.html}]}]
[TEST] 2020-07-14 22:28:52 [INFO ] [Thread-0] config.ServerConfig <init> : Complete
[TEST] 2020-07-14 22:28:52 [INFO ] [Thread-0] was.HttpServer start : Accepting connections on port 80
[TEST] 2020-07-14 22:28:55 [INFO ] [main] was.TestWAS errorHandleNotFound : 404
[TEST] 2020-07-14 22:28:55 [INFO ] [main] was.TestWAS errorHandleNotFound : NOT_FOUND
[TEST] 2020-07-14 22:28:55 [INFO ] [main] was.TestWAS errorHandleNotFound : A 404
[TEST] 2020-07-14 22:28:55 [INFO ] [pool-1-thread-1] service.Error service : HttpRequest [method=GET, url=/notFound, protocol=HTTP/1.1, host=localhost] response: 0.057 ms
[TEST] 2020-07-14 22:29:44 [INFO ] [Thread-0] config.ServerConfig <init> : ServerConfig [port=80, rootDirNm=view, httpRoot={localhost=HostConfig [host=localhost, subDirNm=TypeA, errorViewMapped={403=A_403.html, 404=A_404.html, 500=A_500.html}], 127.0.0.1=HostConfig [host=127.0.0.1, subDirNm=TypeB, errorViewMapped={403=B_403.html, 404=B_404.html, 500=B_500.html}]}]
[TEST] 2020-07-14 22:29:44 [INFO ] [Thread-0] config.ServerConfig <init> : Complete
[TEST] 2020-07-14 22:29:44 [INFO ] [Thread-0] was.HttpServer start : Accepting connections on port 80
[TEST] 2020-07-14 22:29:47 [INFO ] [main] was.TestWAS errorHandleNotFound : 404
[TEST] 2020-07-14 22:29:47 [INFO ] [main] was.TestWAS errorHandleNotFound : NOT_FOUND
[TEST] 2020-07-14 22:29:47 [INFO ] [main] was.TestWAS errorHandleNotFound : A 404
[TEST] 2020-07-14 22:29:47 [INFO ] [pool-1-thread-1] service.Error service : HttpRequest [method=GET, url=/notFound, protocol=HTTP/1.1, host=localhost] response: 0.137 ms
[TEST] 2020-07-14 22:30:00 [INFO ] [Thread-0] config.ServerConfig <init> : ServerConfig [port=80, rootDirNm=view, httpRoot={localhost=HostConfig [host=localhost, subDirNm=TypeA, errorViewMapped={403=A_403.html, 404=A_404.html, 500=A_500.html}], 127.0.0.1=HostConfig [host=127.0.0.1, subDirNm=TypeB, errorViewMapped={403=B_403.html, 404=B_404.html, 500=B_500.html}]}]
[TEST] 2020-07-14 22:30:00 [INFO ] [Thread-0] config.ServerConfig <init> : Complete
[TEST] 2020-07-14 22:30:00 [INFO ] [Thread-0] was.HttpServer start : Accepting connections on port 80
[TEST] 2020-07-14 22:30:03 [INFO ] [pool-1-thread-1] service.Error service : HttpRequest [method=GET, url=/notFound, protocol=HTTP/1.1, host=localhost] response: 0.13 ms
[TEST] 2020-07-14 22:30:03 [INFO ] [main] was.TestWAS errorHandleNotFound : 404
[TEST] 2020-07-14 22:30:03 [INFO ] [main] was.TestWAS errorHandleNotFound : NOT_FOUND
[TEST] 2020-07-14 22:30:03 [INFO ] [main] was.TestWAS errorHandleNotFound : A 404
[TEST] 2020-07-14 22:30:03 [INFO ] [pool-1-thread-2] service.Error service : HttpRequest [method=GET, url=/cmd.exe, protocol=HTTP/1.1, host=localhost] response: 0.002 ms
[TEST] 2020-07-14 22:30:03 [INFO ] [main] was.TestWAS errorHandleForbidden : 403
[TEST] 2020-07-14 22:30:03 [INFO ] [main] was.TestWAS errorHandleForbidden : FORBIDDEN
[TEST] 2020-07-14 22:30:03 [INFO ] [main] was.TestWAS errorHandleForbidden : A 403
[TEST] 2020-07-14 22:35:53 [INFO ] [Thread-0] config.ServerConfig <init> : ServerConfig [port=80, rootDirNm=view, httpRoot={localhost=HostConfig [host=localhost, subDirNm=TypeA, errorViewMapped={403=A_403.html, 404=A_404.html, 500=A_500.html}], 127.0.0.1=HostConfig [host=127.0.0.1, subDirNm=TypeB, errorViewMapped={403=B_403.html, 404=B_404.html, 500=B_500.html}]}]
[TEST] 2020-07-14 22:35:53 [INFO ] [Thread-0] config.ServerConfig <init> : Complete
[TEST] 2020-07-14 22:35:53 [INFO ] [Thread-0] was.HttpServer start : Accepting connections on port 80
[TEST] 2020-07-14 22:35:57 [INFO ] [main] was.TestWAS errorHandleNotFound : 404
[TEST] 2020-07-14 22:35:57 [INFO ] [main] was.TestWAS errorHandleNotFound : NOT_FOUND
[TEST] 2020-07-14 22:35:57 [INFO ] [main] was.TestWAS errorHandleNotFound : A 404
[TEST] 2020-07-14 22:35:57 [INFO ] [pool-1-thread-1] service.Error service : HttpRequest [method=GET, url=/notFound, protocol=HTTP/1.1, host=localhost] response: 0.175 ms
[TEST] 2020-07-14 22:35:57 [INFO ] [main] was.TestWAS errorHandleForbidden : 403
[TEST] 2020-07-14 22:35:57 [INFO ] [main] was.TestWAS errorHandleForbidden : FORBIDDEN
[TEST] 2020-07-14 22:35:57 [INFO ] [main] was.TestWAS errorHandleForbidden : A 403
[TEST] 2020-07-14 22:35:57 [INFO ] [pool-1-thread-2] service.Error service : HttpRequest [method=GET, url=/cmd.exe, protocol=HTTP/1.1, host=localhost] response: 0.008 ms
[TEST] 2020-07-14 22:45:39 [INFO ] [Thread-0] config.ServerConfig <init> : ServerConfig [port=80, rootDirNm=view, httpRoot={localhost=HostConfig [host=localhost, subDirNm=TypeA, errorViewMapped={403=A_403.html, 404=A_404.html, 500=A_500.html}], 127.0.0.1=HostConfig [host=127.0.0.1, subDirNm=TypeB, errorViewMapped={403=B_403.html, 404=B_404.html, 500=B_500.html}]}]
[TEST] 2020-07-14 22:45:39 [INFO ] [Thread-0] config.ServerConfig <init> : Complete
[TEST] 2020-07-14 22:45:39 [INFO ] [Thread-0] was.HttpServer start : Accepting connections on port 80
[TEST] 2020-07-14 22:45:42 [INFO ] [main] was.TestWAS errorHandleNotFound : 404
[TEST] 2020-07-14 22:45:42 [INFO ] [pool-1-thread-1] service.Error service : HttpRequest [method=GET, url=/notFound, protocol=HTTP/1.1, host=localhost] response: 0.105 ms
[TEST] 2020-07-14 22:45:42 [INFO ] [main] was.TestWAS errorHandleNotFound : NOT_FOUND
[TEST] 2020-07-14 22:45:42 [INFO ] [main] was.TestWAS errorHandleNotFound : A 404
[TEST] 2020-07-14 22:45:42 [INFO ] [pool-1-thread-2] service.Hello service : HttpRequest [method=GET, url=/service.Hello, protocol=HTTP/1.1, host=localhost] response: 0.004 ms
[TEST] 2020-07-14 22:45:42 [INFO ] [main] was.TestWAS errorHandleForbidden : 200
[TEST] 2020-07-14 22:45:42 [INFO ] [main] was.TestWAS errorHandleForbidden : OK
[TEST] 2020-07-14 22:45:42 [INFO ] [main] was.TestWAS getHello : 200
[TEST] 2020-07-14 22:45:42 [INFO ] [pool-1-thread-3] service.Hello service : HttpRequest [method=GET, url=/Hello, protocol=HTTP/1.1, host=localhost] response: 0.001 ms
[TEST] 2020-07-14 22:45:42 [INFO ] [main] was.TestWAS getHello : OK
[TEST] 2020-07-14 22:45:43 [INFO ] [Thread-0] config.ServerConfig <init> : ServerConfig [port=80, rootDirNm=view, httpRoot={localhost=HostConfig [host=localhost, subDirNm=TypeA, errorViewMapped={403=A_403.html, 404=A_404.html, 500=A_500.html}], 127.0.0.1=HostConfig [host=127.0.0.1, subDirNm=TypeB, errorViewMapped={403=B_403.html, 404=B_404.html, 500=B_500.html}]}]
[TEST] 2020-07-14 22:45:43 [INFO ] [Thread-0] config.ServerConfig <init> : Complete
[TEST] 2020-07-14 22:45:43 [ERROR] [Thread-0] was.HttpServer run : server running error
java.net.BindException: Address already in use (Bind failed)
	at java.base/java.net.PlainSocketImpl.socketBind(Native Method)
	at java.base/java.net.AbstractPlainSocketImpl.bind(AbstractPlainSocketImpl.java:437)
	at java.base/java.net.ServerSocket.bind(ServerSocket.java:381)
	at java.base/java.net.ServerSocket.<init>(ServerSocket.java:243)
	at java.base/java.net.ServerSocket.<init>(ServerSocket.java:135)
	at was.HttpServer.start(HttpServer.java:41)
	at was.HttpServer.run(HttpServer.java:59)
	at java.base/java.lang.Thread.run(Thread.java:844)
[TEST] 2020-07-14 22:45:51 [INFO ] [Thread-0] config.ServerConfig <init> : ServerConfig [port=80, rootDirNm=view, httpRoot={localhost=HostConfig [host=localhost, subDirNm=TypeA, errorViewMapped={403=A_403.html, 404=A_404.html, 500=A_500.html}], 127.0.0.1=HostConfig [host=127.0.0.1, subDirNm=TypeB, errorViewMapped={403=B_403.html, 404=B_404.html, 500=B_500.html}]}]
[TEST] 2020-07-14 22:45:51 [INFO ] [Thread-0] config.ServerConfig <init> : Complete
[TEST] 2020-07-14 22:45:51 [INFO ] [Thread-0] was.HttpServer start : Accepting connections on port 80
[TEST] 2020-07-14 22:45:54 [INFO ] [main] was.TestWAS errorHandleNotFound : 404
[TEST] 2020-07-14 22:45:54 [INFO ] [main] was.TestWAS errorHandleNotFound : NOT_FOUND
[TEST] 2020-07-14 22:45:54 [INFO ] [pool-1-thread-1] service.Error service : HttpRequest [method=GET, url=/notFound, protocol=HTTP/1.1, host=localhost] response: 0.135 ms
[TEST] 2020-07-14 22:45:54 [INFO ] [main] was.TestWAS errorHandleNotFound : A 404
[TEST] 2020-07-14 22:45:54 [INFO ] [pool-1-thread-2] service.Hello service : HttpRequest [method=GET, url=/service.Hello, protocol=HTTP/1.1, host=localhost] response: 0.002 ms
[TEST] 2020-07-14 22:45:54 [INFO ] [main] was.TestWAS errorHandleForbidden : 200
[TEST] 2020-07-14 22:45:54 [INFO ] [main] was.TestWAS errorHandleForbidden : OK
[TEST] 2020-07-14 22:45:54 [INFO ] [pool-1-thread-3] service.Hello service : HttpRequest [method=GET, url=/Hello, protocol=HTTP/1.1, host=localhost] response: 0.001 ms
[TEST] 2020-07-14 22:45:54 [INFO ] [main] was.TestWAS getHello : 200
[TEST] 2020-07-14 22:45:54 [INFO ] [main] was.TestWAS getHello : OK
[TEST] 2020-07-14 22:46:53 [INFO ] [Thread-0] config.ServerConfig <init> : ServerConfig [port=80, rootDirNm=view, httpRoot={localhost=HostConfig [host=localhost, subDirNm=TypeA, errorViewMapped={403=A_403.html, 404=A_404.html, 500=A_500.html}], 127.0.0.1=HostConfig [host=127.0.0.1, subDirNm=TypeB, errorViewMapped={403=B_403.html, 404=B_404.html, 500=B_500.html}]}]
[TEST] 2020-07-14 22:46:53 [INFO ] [Thread-0] config.ServerConfig <init> : Complete
[TEST] 2020-07-14 22:46:53 [INFO ] [Thread-0] was.HttpServer start : Accepting connections on port 80
[TEST] 2020-07-14 22:46:56 [INFO ] [main] was.TestWAS errorHandleNotFound : 404
[TEST] 2020-07-14 22:46:56 [INFO ] [main] was.TestWAS errorHandleNotFound : NOT_FOUND
[TEST] 2020-07-14 22:46:56 [INFO ] [main] was.TestWAS errorHandleNotFound : A 404
[TEST] 2020-07-14 22:46:56 [INFO ] [pool-1-thread-1] service.Error service : HttpRequest [method=GET, url=/notFound, protocol=HTTP/1.1, host=localhost] response: 0.137 ms
[TEST] 2020-07-14 22:46:56 [INFO ] [main] was.TestWAS errorHandleForbidden : 200
[TEST] 2020-07-14 22:46:56 [INFO ] [main] was.TestWAS errorHandleForbidden : OK
[TEST] 2020-07-14 22:46:56 [INFO ] [pool-1-thread-2] service.Hello service : HttpRequest [method=GET, url=/service.Hello, protocol=HTTP/1.1, host=localhost] response: 0.007 ms
[TEST] 2020-07-14 22:46:56 [INFO ] [pool-1-thread-3] service.Hello service : HttpRequest [method=GET, url=/Hello, protocol=HTTP/1.1, host=localhost] response: 0.0 ms
[TEST] 2020-07-14 22:46:56 [INFO ] [main] was.TestWAS errorHandleForbidden : 200
[TEST] 2020-07-14 22:46:56 [INFO ] [main] was.TestWAS errorHandleForbidden : OK
[TEST] 2020-07-14 22:46:57 [INFO ] [main] was.TestWAS getHello : 200
[TEST] 2020-07-14 22:46:57 [INFO ] [pool-1-thread-4] service.Hello service : HttpRequest [method=GET, url=/Hello, protocol=HTTP/1.1, host=localhost] response: 0.001 ms
[TEST] 2020-07-14 22:46:57 [INFO ] [main] was.TestWAS getHello : OK
[TEST] 2020-07-14 22:47:34 [INFO ] [Thread-0] config.ServerConfig <init> : ServerConfig [port=80, rootDirNm=view, httpRoot={localhost=HostConfig [host=localhost, subDirNm=TypeA, errorViewMapped={403=A_403.html, 404=A_404.html, 500=A_500.html}], 127.0.0.1=HostConfig [host=127.0.0.1, subDirNm=TypeB, errorViewMapped={403=B_403.html, 404=B_404.html, 500=B_500.html}]}]
[TEST] 2020-07-14 22:47:34 [INFO ] [Thread-0] config.ServerConfig <init> : Complete
[TEST] 2020-07-14 22:47:34 [INFO ] [Thread-0] was.HttpServer start : Accepting connections on port 80
[TEST] 2020-07-14 22:47:37 [INFO ] [main] was.TestWAS errorHandleNotFound : 404
[TEST] 2020-07-14 22:47:37 [INFO ] [main] was.TestWAS errorHandleNotFound : NOT_FOUND
[TEST] 2020-07-14 22:47:37 [INFO ] [main] was.TestWAS errorHandleNotFound : A 404
[TEST] 2020-07-14 22:47:37 [INFO ] [pool-1-thread-1] service.Error service : HttpRequest [method=GET, url=/notFound, protocol=HTTP/1.1, host=localhost] response: 0.066 ms
[TEST] 2020-07-14 22:47:37 [INFO ] [main] was.TestWAS errorHandleForbidden : 200
[TEST] 2020-07-14 22:47:37 [INFO ] [pool-1-thread-2] service.Hello service : HttpRequest [method=GET, url=/service.Hello, protocol=HTTP/1.1, host=localhost] response: 0.001 ms
[TEST] 2020-07-14 22:47:37 [INFO ] [main] was.TestWAS errorHandleForbidden : OK
[TEST] 2020-07-14 22:47:37 [INFO ] [main] was.TestWAS errorHandleForbidden : 200
[TEST] 2020-07-14 22:47:37 [INFO ] [pool-1-thread-3] service.Hello service : HttpRequest [method=GET, url=/Hello, protocol=HTTP/1.1, host=localhost] response: 0.001 ms
[TEST] 2020-07-14 22:47:37 [INFO ] [main] was.TestWAS errorHandleForbidden : OK
[TEST] 2020-07-14 22:47:37 [INFO ] [pool-1-thread-4] service.Error service : HttpRequest [method=GET, url=/cmd.exe, protocol=HTTP/1.1, host=localhost] response: 0.002 ms
[TEST] 2020-07-14 22:47:37 [INFO ] [main] was.TestWAS getHello : 403
[TEST] 2020-07-14 22:47:37 [INFO ] [main] was.TestWAS getHello : FORBIDDEN
[TEST] 2020-07-14 22:47:37 [INFO ] [main] was.TestWAS getHello : A 403
[TEST] 2020-07-14 22:56:51 [INFO ] [Thread-0] config.ServerConfig <init> : ServerConfig [port=80, rootDirNm=view, httpRoot={localhost=HostConfig [host=localhost, subDirNm=TypeA, errorViewMapped={403=A_403.html, 404=A_404.html, 500=A_500.html}], 127.0.0.1=HostConfig [host=127.0.0.1, subDirNm=TypeB, errorViewMapped={403=B_403.html, 404=B_404.html, 500=B_500.html}]}]
[TEST] 2020-07-14 22:56:51 [INFO ] [Thread-0] config.ServerConfig <init> : Complete
[TEST] 2020-07-14 22:56:51 [INFO ] [Thread-0] was.HttpServer start : Accepting connections on port 80
[TEST] 2020-07-14 22:56:54 [INFO ] [pool-1-thread-1] service.Error service : HttpRequest [method=GET, url=/notFound, protocol=HTTP/1.1, host=localhost] response: 0.007 ms
[TEST] 2020-07-14 22:56:54 [INFO ] [main] was.TestWAS errorHandleNotFound : 404
[TEST] 2020-07-14 22:56:54 [INFO ] [main] was.TestWAS errorHandleNotFound : NOT_FOUND
[TEST] 2020-07-14 22:56:54 [INFO ] [main] was.TestWAS errorHandleNotFound : A 404
[TEST] 2020-07-14 22:56:54 [INFO ] [pool-1-thread-2] service.NowTime service : HttpRequest [method=GET, url=/NowTime, protocol=HTTP/1.1, host=localhost] response: 0.002 ms
[TEST] 2020-07-14 22:56:54 [INFO ] [main] was.TestWAS getNowTime : 200
[TEST] 2020-07-14 22:56:54 [INFO ] [main] was.TestWAS getNowTime : OK
[TEST] 2020-07-14 22:56:54 [INFO ] [main] was.TestWAS getNowTime : 2020-07-14 22:56:54
[TEST] 2020-07-14 22:56:54 [INFO ] [main] was.TestWAS packageNameTest : 200
[TEST] 2020-07-14 22:56:54 [INFO ] [pool-1-thread-3] service.Hello service : HttpRequest [method=GET, url=/service.Hello, protocol=HTTP/1.1, host=localhost] response: 0.002 ms
[TEST] 2020-07-14 22:56:54 [INFO ] [main] was.TestWAS packageNameTest : OK
[TEST] 2020-07-14 22:56:54 [INFO ] [pool-1-thread-4] service.Hello service : HttpRequest [method=GET, url=/Hello, protocol=HTTP/1.1, host=localhost] response: 0.001 ms
[TEST] 2020-07-14 22:56:54 [INFO ] [main] was.TestWAS packageNameTest : 200
[TEST] 2020-07-14 22:56:54 [INFO ] [main] was.TestWAS packageNameTest : OK
[TEST] 2020-07-14 22:56:54 [INFO ] [pool-1-thread-5] service.Error service : HttpRequest [method=GET, url=/cmd.exe, protocol=HTTP/1.1, host=localhost] response: 0.001 ms
[TEST] 2020-07-14 22:56:54 [INFO ] [main] was.TestWAS errorHandleForbidden : 403
[TEST] 2020-07-14 22:56:54 [INFO ] [main] was.TestWAS errorHandleForbidden : FORBIDDEN
[TEST] 2020-07-14 22:56:54 [INFO ] [main] was.TestWAS errorHandleForbidden : A 403
[TEST] 2020-07-14 22:59:28 [INFO ] [Thread-0] config.ServerConfig <init> : ServerConfig [port=80, rootDirNm=view, httpRoot={localhost=HostConfig [host=localhost, subDirNm=TypeA, errorViewMapped={403=A_403.html, 404=A_404.html, 500=A_500.html}], 127.0.0.1=HostConfig [host=127.0.0.1, subDirNm=TypeB, errorViewMapped={403=B_403.html, 404=B_404.html, 500=B_500.html}]}]
[TEST] 2020-07-14 22:59:28 [INFO ] [Thread-0] config.ServerConfig <init> : Complete
[TEST] 2020-07-14 22:59:28 [INFO ] [Thread-0] was.HttpServer start : Accepting connections on port 80
[TEST] 2020-07-14 22:59:31 [INFO ] [main] was.TestWAS errorHandleNotFound : 404
[TEST] 2020-07-14 22:59:31 [INFO ] [main] was.TestWAS errorHandleNotFound : NOT_FOUND
[TEST] 2020-07-14 22:59:31 [INFO ] [main] was.TestWAS errorHandleNotFound : A 404
[TEST] 2020-07-14 22:59:31 [INFO ] [pool-1-thread-1] service.Error service : HttpRequest [method=GET, url=/notFound, protocol=HTTP/1.1, host=localhost] response: 0.023 ms
[TEST] 2020-07-14 22:59:31 [INFO ] [pool-1-thread-2] service.NowTime service : HttpRequest [method=GET, url=/NowTime, protocol=HTTP/1.1, host=localhost] response: 0.001 ms
[TEST] 2020-07-14 22:59:31 [INFO ] [main] was.TestWAS getNowTime : 200
[TEST] 2020-07-14 22:59:31 [INFO ] [main] was.TestWAS getNowTime : OK
[TEST] 2020-07-14 22:59:31 [INFO ] [main] was.TestWAS getNowTime : 2020-07-14 22:59:31
[TEST] 2020-07-14 22:59:31 [INFO ] [main] was.TestWAS packageNameTest : 200
[TEST] 2020-07-14 22:59:31 [INFO ] [pool-1-thread-3] service.Hello service : HttpRequest [method=GET, url=/service.Hello, protocol=HTTP/1.1, host=localhost] response: 0.001 ms
[TEST] 2020-07-14 22:59:31 [INFO ] [main] was.TestWAS packageNameTest : OK
[TEST] 2020-07-14 22:59:31 [INFO ] [main] was.TestWAS packageNameTest : 200
[TEST] 2020-07-14 22:59:31 [INFO ] [main] was.TestWAS packageNameTest : OK
[TEST] 2020-07-14 22:59:31 [INFO ] [pool-1-thread-4] service.Hello service : HttpRequest [method=GET, url=/Hello, protocol=HTTP/1.1, host=localhost] response: 0.001 ms
[TEST] 2020-07-14 22:59:31 [INFO ] [pool-1-thread-5] service.Error service : HttpRequest [method=GET, url=/cmd.exe, protocol=HTTP/1.1, host=localhost] response: 0.001 ms
[TEST] 2020-07-14 22:59:31 [INFO ] [main] was.TestWAS errorHandleForbidden : 403
[TEST] 2020-07-14 22:59:31 [INFO ] [main] was.TestWAS errorHandleForbidden : FORBIDDEN
[TEST] 2020-07-14 22:59:31 [INFO ] [main] was.TestWAS errorHandleForbidden : A 403
[TEST] 2020-07-14 23:18:26 [INFO ] [Thread-0] config.ServerConfig <init> : ServerConfig [port=80, rootDirNm=view, httpRoot={localhost=HostConfig [host=localhost, subDirNm=TypeA, errorViewMapped={403=A_403.html, 404=A_404.html, 500=A_500.html}], 127.0.0.1=HostConfig [host=127.0.0.1, subDirNm=TypeB, errorViewMapped={403=B_403.html, 404=B_404.html, 500=B_500.html}]}]
[TEST] 2020-07-14 23:18:26 [INFO ] [Thread-0] config.ServerConfig <init> : Complete
[TEST] 2020-07-14 23:18:26 [INFO ] [Thread-0] was.HttpServer start : Accepting connections on port 80
[TEST] 2020-07-14 23:18:40 [INFO ] [pool-1-thread-1] service.Error service : HttpRequest [method=GET, url=/notFound, protocol=HTTP/1.1, host=localhost] response: 4.511 ms
[TEST] 2020-07-14 23:18:40 [INFO ] [main] was.TestWAS errorHandleNotFound : 404
[TEST] 2020-07-14 23:18:40 [INFO ] [main] was.TestWAS errorHandleNotFound : NOT_FOUND
[TEST] 2020-07-14 23:18:40 [INFO ] [main] was.TestWAS errorHandleNotFound : A 404
[TEST] 2020-07-14 23:18:40 [INFO ] [pool-1-thread-2] service.NowTime service : HttpRequest [method=GET, url=/NowTime, protocol=HTTP/1.1, host=localhost] response: 0.003 ms
[TEST] 2020-07-14 23:18:40 [INFO ] [main] was.TestWAS getNowTime : 200
[TEST] 2020-07-14 23:18:40 [INFO ] [main] was.TestWAS getNowTime : OK
[TEST] 2020-07-14 23:18:40 [INFO ] [main] was.TestWAS getNowTime : 2020-07-14 23:18:40
[TEST] 2020-07-14 23:19:01 [INFO ] [pool-1-thread-5] service.Hello service : HttpRequest [method=GET, url=/service.Hello, protocol=HTTP/1.1, host=localhost] response: 0.004 ms
[TEST] 2020-07-14 23:19:01 [INFO ] [main] was.TestWAS packageNameTest : 200
[TEST] 2020-07-14 23:19:01 [INFO ] [main] was.TestWAS packageNameTest : OK
[TEST] 2020-07-14 23:19:01 [INFO ] [pool-1-thread-6] service.Hello service : HttpRequest [method=GET, url=/Hello, protocol=HTTP/1.1, host=localhost] response: 0.004 ms
[TEST] 2020-07-14 23:19:01 [INFO ] [main] was.TestWAS packageNameTest : 200
[TEST] 2020-07-14 23:19:01 [INFO ] [main] was.TestWAS packageNameTest : OK
[TEST] 2020-07-14 23:19:01 [INFO ] [pool-1-thread-7] service.Error service : HttpRequest [method=GET, url=/cmd.exe, protocol=HTTP/1.1, host=localhost] response: 0.005 ms
[TEST] 2020-07-14 23:19:01 [INFO ] [main] was.TestWAS errorHandleForbidden : 403
[TEST] 2020-07-14 23:19:01 [INFO ] [main] was.TestWAS errorHandleForbidden : FORBIDDEN
[TEST] 2020-07-14 23:19:01 [INFO ] [main] was.TestWAS errorHandleForbidden : A 403
[TEST] 2020-07-14 23:19:18 [INFO ] [Thread-0] config.ServerConfig <init> : ServerConfig [port=80, rootDirNm=view, httpRoot={localhost=HostConfig [host=localhost, subDirNm=TypeA, errorViewMapped={403=A_403.html, 404=A_404.html, 500=A_500.html}], 127.0.0.1=HostConfig [host=127.0.0.1, subDirNm=TypeB, errorViewMapped={403=B_403.html, 404=B_404.html, 500=B_500.html}]}]
[TEST] 2020-07-14 23:19:18 [INFO ] [Thread-0] config.ServerConfig <init> : Complete
[TEST] 2020-07-14 23:19:18 [INFO ] [Thread-0] was.HttpServer start : Accepting connections on port 80
[TEST] 2020-07-14 23:19:21 [INFO ] [pool-1-thread-1] service.Error service : HttpRequest [method=GET, url=/notFound, protocol=HTTP/1.1, host=localhost] response: 0.007 ms
[TEST] 2020-07-14 23:19:21 [INFO ] [main] was.TestWAS errorHandleNotFound : 404
[TEST] 2020-07-14 23:19:21 [INFO ] [main] was.TestWAS errorHandleNotFound : NOT_FOUND
[TEST] 2020-07-14 23:19:21 [INFO ] [main] was.TestWAS errorHandleNotFound : A 404
[TEST] 2020-07-14 23:19:21 [INFO ] [main] was.TestWAS getNowTime : 200
[TEST] 2020-07-14 23:19:21 [INFO ] [main] was.TestWAS getNowTime : OK
[TEST] 2020-07-14 23:19:21 [INFO ] [main] was.TestWAS getNowTime : 2020-07-14 23:19:21
[TEST] 2020-07-14 23:19:21 [INFO ] [pool-1-thread-2] service.NowTime service : HttpRequest [method=GET, url=/NowTime, protocol=HTTP/1.1, host=localhost] response: 0.005 ms
[TEST] 2020-07-14 23:19:21 [INFO ] [pool-1-thread-3] service.Error service : HttpRequest [method=GET, url=/../../, protocol=HTTP/1.1, host=localhost] response: 0.001 ms
[TEST] 2020-07-14 23:19:21 [INFO ] [main] was.TestWAS errorHandleForbidden2 : 403
[TEST] 2020-07-14 23:19:21 [INFO ] [main] was.TestWAS errorHandleForbidden2 : FORBIDDEN
[TEST] 2020-07-14 23:19:21 [INFO ] [main] was.TestWAS errorHandleForbidden2 : A 403
[TEST] 2020-07-14 23:19:21 [INFO ] [pool-1-thread-4] service.Hello service : HttpRequest [method=GET, url=/service.Hello, protocol=HTTP/1.1, host=localhost] response: 0.006 ms
[TEST] 2020-07-14 23:19:21 [INFO ] [main] was.TestWAS packageNameTest : 200
[TEST] 2020-07-14 23:19:21 [INFO ] [main] was.TestWAS packageNameTest : OK
[TEST] 2020-07-14 23:19:21 [INFO ] [pool-1-thread-5] service.Hello service : HttpRequest [method=GET, url=/Hello, protocol=HTTP/1.1, host=localhost] response: 0.001 ms
[TEST] 2020-07-14 23:19:21 [INFO ] [main] was.TestWAS packageNameTest : 200
[TEST] 2020-07-14 23:19:21 [INFO ] [main] was.TestWAS packageNameTest : OK
[TEST] 2020-07-14 23:19:21 [INFO ] [main] was.TestWAS errorHandleForbidden : 403
[TEST] 2020-07-14 23:19:21 [INFO ] [pool-1-thread-6] service.Error service : HttpRequest [method=GET, url=/cmd.exe, protocol=HTTP/1.1, host=localhost] response: 0.001 ms
[TEST] 2020-07-14 23:19:21 [INFO ] [main] was.TestWAS errorHandleForbidden : FORBIDDEN
[TEST] 2020-07-14 23:19:21 [INFO ] [main] was.TestWAS errorHandleForbidden : A 403
